==========================================
SLURM_JOB_ID = 3407430
SLURM_JOB_NODELIST = c03-06
TMPDIR = /tmp/SLURM_3407430
==========================================
/home1/feinashl/anaconda3/bin/python
W0503 06:12:18.271000 1977975 site-packages/torch/distributed/run.py:803] 
W0503 06:12:18.271000 1977975 site-packages/torch/distributed/run.py:803] *****************************************
W0503 06:12:18.271000 1977975 site-packages/torch/distributed/run.py:803] Setting OMP_NUM_THREADS environment variable for each process to be 1 in default, to avoid your system being overloaded, please further tune the variable for optimal performance in your application as needed. 
W0503 06:12:18.271000 1977975 site-packages/torch/distributed/run.py:803] *****************************************
[Sun May  3 06:12:21 2026] host=c03-06.hpc.usc.edu world=2
  data_dir=/scratch1/feinashl/data/sudoku-extreme-1k-aug-1000  out_dir=/scratch1/feinashl/eqlm_sudoku/run-trm-deq-30m
  metadata: {'pad_id': 0, 'ignore_label_id': 0, 'blank_identifier_id': 0, 'vocab_size': 11, 'seq_len': 81, 'num_puzzle_identifiers': 1, 'total_groups': 1000, 'mean_puzzle_examples': 1.0, 'total_puzzles': 1000, 'sets': ['all']}
TRMDEQ(
  (inner): TRMDEQ_Inner(
    (embed_tokens): CastedEmbedding()
    (lm_head): CastedLinear()
    (q_head): CastedLinear()
    (puzzle_emb): CastedSparseEmbedding()
    (rotary_emb): RotaryEmbedding()
    (L_level): TinyRecursiveReasoningModel_ACTV1ReasoningModule(
      (layers): ModuleList(
        (0-7): 8 x TinyRecursiveReasoningModel_ACTV1Block(
          (self_attn): Attention(
            (qkv_proj): CastedLinear()
            (o_proj): CastedLinear()
          )
          (mlp): SwiGLU(
            (gate_up_proj): CastedLinear()
            (down_proj): CastedLinear()
          )
        )
      )
    )
    (inner_deq): _InnerDEQ()
  )
)
  TRM-DEQ params: 27.275M
  L_layers=8  H_cycles=3  DEQ inner: max_iter=8 min_iter=4 tol=0.001
  bptt_through=2  jacobian_reg_lambda=0.0
  halt_max_steps=16
  total optim steps target = 130,208
[Sun May  3 06:12:22 2026] Outer iter 0/10 (epoch=0)
[rank1]:[W503 06:12:27.614321368 reducer.cpp:1431] Warning: find_unused_parameters=True was specified in DDP constructor, but did not find any unused parameters in the forward pass. This flag results in an extra traversal of the autograd graph every iteration,  which can adversely affect performance. If your model indeed never has any unused parameters in the forward pass, consider turning this flag off. Note that this warning may be a false positive if your model has flow control causing later iterations to have unused parameters. (function operator())
[rank0]:[W503 06:12:27.814127130 reducer.cpp:1431] Warning: find_unused_parameters=True was specified in DDP constructor, but did not find any unused parameters in the forward pass. This flag results in an extra traversal of the autograd graph every iteration,  which can adversely affect performance. If your model indeed never has any unused parameters in the forward pass, consider turning this flag off. Note that this warning may be a false positive if your model has flow control causing later iterations to have unused parameters. (function operator())
  step=     50  lm_loss=2.5177  q_halt_loss=0.0067  exact_accuracy=0.0000  accuracy=0.0000  jacobian_reg=0.0000  deq_iters=5.0000  deq_resid=1.0000  lr=0.0000  dt/50=42.52s eta=30h44m
  step=    100  lm_loss=2.2451  q_halt_loss=0.0063  exact_accuracy=0.0000  accuracy=0.0000  jacobian_reg=0.0000  deq_iters=5.0000  deq_resid=1.0000  lr=0.0000  dt/50=30.27s eta=26h18m
  step=    150  lm_loss=2.2051  q_halt_loss=0.0056  exact_accuracy=0.0000  accuracy=0.0000  jacobian_reg=0.0000  deq_iters=8.0000  deq_resid=0.0510  lr=0.0000  dt/50=41.07s eta=27h25m
  step=    200  lm_loss=2.2029  q_halt_loss=0.0048  exact_accuracy=0.0000  accuracy=0.0000  jacobian_reg=0.0000  deq_iters=8.0000  deq_resid=0.0070  lr=0.0000  dt/50=45.08s eta=28h42m
  step=    250  lm_loss=2.2010  q_halt_loss=0.0040  exact_accuracy=0.0000  accuracy=0.0000  jacobian_reg=0.0000  deq_iters=8.0000  deq_resid=0.0035  lr=0.0000  dt/50=45.27s eta=29h29m
  step=    300  lm_loss=2.2002  q_halt_loss=0.0032  exact_accuracy=0.0000  accuracy=0.0000  jacobian_reg=0.0000  deq_iters=8.0000  deq_resid=0.0036  lr=0.0000  dt/50=34.98s eta=28h46m
  step=    350  lm_loss=2.1948  q_halt_loss=0.0026  exact_accuracy=0.0000  accuracy=0.0000  jacobian_reg=0.0000  deq_iters=5.0000  deq_resid=1.0000  lr=0.0000  dt/50=35.29s eta=28h17m
  step=    400  lm_loss=2.1087  q_halt_loss=0.0023  exact_accuracy=0.0000  accuracy=0.1519  jacobian_reg=0.0000  deq_iters=5.0000  deq_resid=1.0000  lr=0.0000  dt/50=33.43s eta=27h45m
  step=    450  lm_loss=2.0159  q_halt_loss=0.0017  exact_accuracy=0.0000  accuracy=0.0000  jacobian_reg=0.0000  deq_iters=8.0000  deq_resid=10.9609  lr=0.0000  dt/50=40.62s eta=27h55m
  step=    500  lm_loss=1.9923  q_halt_loss=0.0011  exact_accuracy=0.0000  accuracy=0.0000  jacobian_reg=0.0000  deq_iters=8.0000  deq_resid=0.0539  lr=0.0000  dt/50=45.05s eta=28h21m
  step=    550  lm_loss=1.9433  q_halt_loss=0.0010  exact_accuracy=0.0000  accuracy=0.0000  jacobian_reg=0.0000  deq_iters=8.0000  deq_resid=0.0066  lr=0.0000  dt/50=43.24s eta=28h36m
  step=    600  lm_loss=1.8526  q_halt_loss=0.0012  exact_accuracy=0.0000  accuracy=0.0000  jacobian_reg=0.0000  deq_iters=8.0000  deq_resid=0.0155  lr=0.0000  dt/50=41.45s eta=28h41m
  step=    650  lm_loss=1.7808  q_halt_loss=0.0014  exact_accuracy=0.0000  accuracy=0.0000  jacobian_reg=0.0000  deq_iters=8.0000  deq_resid=0.0077  lr=0.0000  dt/50=39.81s eta=28h41m
  step=    700  lm_loss=1.7140  q_halt_loss=0.0006  exact_accuracy=0.0000  accuracy=0.0000  jacobian_reg=0.0000  deq_iters=8.0000  deq_resid=0.0067  lr=0.0000  dt/50=42.48s eta=28h48m
  step=    750  lm_loss=1.6560  q_halt_loss=0.0004  exact_accuracy=0.0000  accuracy=0.0000  jacobian_reg=0.0000  deq_iters=5.0000  deq_resid=1.0000  lr=0.0000  dt/50=42.66s eta=28h55m
  step=    800  lm_loss=1.5099  q_halt_loss=0.0003  exact_accuracy=0.0000  accuracy=0.4235  jacobian_reg=0.0000  deq_iters=5.0000  deq_resid=1.0000  lr=0.0000  dt/50=38.74s eta=28h50m
  step=    850  lm_loss=1.4521  q_halt_loss=0.0001  exact_accuracy=0.0000  accuracy=0.0000  jacobian_reg=0.0000  deq_iters=8.0000  deq_resid=0.0071  lr=0.0000  dt/50=44.47s eta=29h01m
  step=    900  lm_loss=1.4279  q_halt_loss=0.0001  exact_accuracy=0.0000  accuracy=0.0000  jacobian_reg=0.0000  deq_iters=8.0000  deq_resid=0.0096  lr=0.0000  dt/50=45.34s eta=29h12m
  step=    950  lm_loss=1.4733  q_halt_loss=0.0002  exact_accuracy=0.0000  accuracy=0.0000  jacobian_reg=0.0000  deq_iters=8.0000  deq_resid=0.0513  lr=0.0000  dt/50=44.93s eta=29h21m
  step=   1000  lm_loss=1.4038  q_halt_loss=0.0002  exact_accuracy=0.0000  accuracy=0.0000  jacobian_reg=0.0000  deq_iters=5.0000  deq_resid=1.0000  lr=0.0000  dt/50=44.61s eta=29h28m
  step=   1050  lm_loss=1.3615  q_halt_loss=0.0001  exact_accuracy=0.0000  accuracy=0.0000  jacobian_reg=0.0000  deq_iters=8.0000  deq_resid=0.0013  lr=0.0001  dt/50=43.87s eta=29h33m
  step=   1100  lm_loss=1.3319  q_halt_loss=0.0001  exact_accuracy=0.0000  accuracy=0.0000  jacobian_reg=0.0000  deq_iters=8.0000  deq_resid=0.0018  lr=0.0001  dt/50=45.26s eta=29h40m
  step=   1150  lm_loss=1.2931  q_halt_loss=0.0000  exact_accuracy=0.0000  accuracy=0.0000  jacobian_reg=0.0000  deq_iters=8.0000  deq_resid=0.0068  lr=0.0001  dt/50=45.63s eta=29h48m
  step=   1200  lm_loss=1.2135  q_halt_loss=0.0000  exact_accuracy=0.0000  accuracy=0.4895  jacobian_reg=0.0000  deq_iters=8.0000  deq_resid=0.0093  lr=0.0001  dt/50=45.02s eta=29h53m
  step=   1250  lm_loss=1.1878  q_halt_loss=0.0000  exact_accuracy=0.0000  accuracy=0.0000  jacobian_reg=0.0000  deq_iters=8.0000  deq_resid=0.0115  lr=0.0001  dt/50=45.02s eta=29h58m
  step=   1300  lm_loss=1.1371  q_halt_loss=0.0001  exact_accuracy=0.0000  accuracy=0.0000  jacobian_reg=0.0000  deq_iters=8.0000  deq_resid=0.0084  lr=0.0001  dt/50=45.23s eta=30h03m
  step=   1350  lm_loss=1.1059  q_halt_loss=0.0000  exact_accuracy=0.0000  accuracy=0.0000  jacobian_reg=0.0000  deq_iters=8.0000  deq_resid=0.0014  lr=0.0001  dt/50=45.07s eta=30h07m
  step=   1400  lm_loss=1.0662  q_halt_loss=0.0000  exact_accuracy=0.0000  accuracy=0.0000  jacobian_reg=0.0000  deq_iters=8.0000  deq_resid=0.0016  lr=0.0001  dt/50=45.42s eta=30h12m
  step=   1450  lm_loss=1.0301  q_halt_loss=0.0000  exact_accuracy=0.0000  accuracy=0.0000  jacobian_reg=0.0000  deq_iters=8.0000  deq_resid=0.0598  lr=0.0001  dt/50=45.09s eta=30h15m
  step=   1500  lm_loss=0.9976  q_halt_loss=0.0000  exact_accuracy=0.0000  accuracy=0.0000  jacobian_reg=0.0000  deq_iters=8.0000  deq_resid=0.0012  lr=0.0001  dt/50=44.44s eta=30h18m
  step=   1550  lm_loss=0.9416  q_halt_loss=0.0000  exact_accuracy=0.0000  accuracy=0.0000  jacobian_reg=0.0000  deq_iters=8.0000  deq_resid=0.0110  lr=0.0001  dt/50=45.45s eta=30h21m
  step=   1600  lm_loss=0.9348  q_halt_loss=0.0000  exact_accuracy=0.0000  accuracy=0.5957  jacobian_reg=0.0000  deq_iters=8.0000  deq_resid=0.0909  lr=0.0001  dt/50=45.40s eta=30h24m
  step=   1650  lm_loss=0.9819  q_halt_loss=0.0000  exact_accuracy=0.0000  accuracy=0.0000  jacobian_reg=0.0000  deq_iters=8.0000  deq_resid=0.0024  lr=0.0001  dt/50=45.23s eta=30h27m
  step=   1700  lm_loss=0.9597  q_halt_loss=0.0000  exact_accuracy=0.0000  accuracy=0.0000  jacobian_reg=0.0000  deq_iters=7.0000  deq_resid=1.0000  lr=0.0001  dt/50=42.46s eta=30h26m
  step=   1750  lm_loss=0.9189  q_halt_loss=0.0000  exact_accuracy=0.0000  accuracy=0.0000  jacobian_reg=0.0000  deq_iters=8.0000  deq_resid=0.0043  lr=0.0001  dt/50=45.12s eta=30h28m
  step=   1800  lm_loss=0.8702  q_halt_loss=0.0000  exact_accuracy=0.0000  accuracy=0.0000  jacobian_reg=0.0000  deq_iters=8.0000  deq_resid=0.0012  lr=0.0001  dt/50=45.43s eta=30h31m
  step=   1850  lm_loss=0.8429  q_halt_loss=0.0000  exact_accuracy=0.0000  accuracy=0.0000  jacobian_reg=0.0000  deq_iters=8.0000  deq_resid=0.0061  lr=0.0001  dt/50=45.37s eta=30h33m
  step=   1900  lm_loss=0.8051  q_halt_loss=0.0256  exact_accuracy=0.0000  accuracy=0.0000  jacobian_reg=0.0000  deq_iters=8.0000  deq_resid=0.0608  lr=0.0001  dt/50=45.54s eta=30h36m
  step=   1950  lm_loss=0.7781  q_halt_loss=0.0159  exact_accuracy=1.0000  accuracy=1.0000  jacobian_reg=0.0000  deq_iters=8.0000  deq_resid=0.0030  lr=0.0001  dt/50=45.12s eta=30h37m
  step=   2000  lm_loss=0.8877  q_halt_loss=0.0179  exact_accuracy=0.0027  accuracy=0.6375  jacobian_reg=0.0000  deq_iters=8.0000  deq_resid=0.3557  lr=0.0001  dt/50=44.17s eta=30h38m
  step=   2050  lm_loss=1.0823  q_halt_loss=0.0006  exact_accuracy=0.0000  accuracy=0.6235  jacobian_reg=0.0000  deq_iters=8.0000  deq_resid=0.6182  lr=0.0001  dt/50=40.98s eta=30h35m
  step=   2100  lm_loss=0.8947  q_halt_loss=0.0178  exact_accuracy=0.0000  accuracy=0.0000  jacobian_reg=0.0000  deq_iters=8.0000  deq_resid=0.0400  lr=0.0001  dt/50=40.45s eta=30h32m
  step=   2150  lm_loss=0.8666  q_halt_loss=0.0299  exact_accuracy=0.8000  accuracy=0.9901  jacobian_reg=0.0000  deq_iters=8.0000  deq_resid=0.0160  lr=0.0001  dt/50=39.11s eta=30h27m
  step=   2200  lm_loss=0.8139  q_halt_loss=0.0790  exact_accuracy=0.0000  accuracy=0.0000  jacobian_reg=0.0000  deq_iters=8.0000  deq_resid=0.0404  lr=0.0001  dt/50=44.14s eta=30h28m
  step=   2250  lm_loss=0.7960  q_halt_loss=0.0002  exact_accuracy=0.0000  accuracy=0.0000  jacobian_reg=0.0000  deq_iters=8.0000  deq_resid=0.0071  lr=0.0001  dt/50=43.32s eta=30h28m
  step=   2300  lm_loss=0.7845  q_halt_loss=0.0001  exact_accuracy=0.0000  accuracy=0.0000  jacobian_reg=0.0000  deq_iters=8.0000  deq_resid=0.0023  lr=0.0001  dt/50=43.08s eta=30h27m
  step=   2350  lm_loss=0.7899  q_halt_loss=0.0003  exact_accuracy=0.0000  accuracy=0.6543  jacobian_reg=0.0000  deq_iters=8.0000  deq_resid=0.0085  lr=0.0001  dt/50=41.67s eta=30h25m
  step=   2400  lm_loss=0.7155  q_halt_loss=0.0001  exact_accuracy=0.0000  accuracy=0.7126  jacobian_reg=0.0000  deq_iters=8.0000  deq_resid=0.0135  lr=0.0001  dt/50=41.72s eta=30h24m
  step=   2450  lm_loss=0.8137  q_halt_loss=0.0552  exact_accuracy=0.0000  accuracy=0.7055  jacobian_reg=0.0000  deq_iters=8.0000  deq_resid=0.0297  lr=0.0001  dt/50=41.04s eta=30h21m
  step=   2500  lm_loss=0.7937  q_halt_loss=0.0001  exact_accuracy=0.0000  accuracy=0.7226  jacobian_reg=0.0000  deq_iters=8.0000  deq_resid=1.3744  lr=0.0001  dt/50=39.57s eta=30h18m
  step=   2550  lm_loss=0.7957  q_halt_loss=0.0001  exact_accuracy=0.0000  accuracy=0.7207  jacobian_reg=0.0000  deq_iters=8.0000  deq_resid=0.4532  lr=0.0001  dt/50=40.20s eta=30h15m
  step=   2600  lm_loss=0.7895  q_halt_loss=0.0009  exact_accuracy=0.0000  accuracy=0.7358  jacobian_reg=0.0000  deq_iters=8.0000  deq_resid=0.0948  lr=0.0001  dt/50=39.99s eta=30h12m
  step=   2650  lm_loss=0.7531  q_halt_loss=0.0014  exact_accuracy=0.2000  accuracy=0.8593  jacobian_reg=0.0000  deq_iters=8.0000  deq_resid=0.0697  lr=0.0001  dt/50=38.95s eta=30h08m
  step=   2700  lm_loss=0.7332  q_halt_loss=0.0008  exact_accuracy=0.0000  accuracy=0.7654  jacobian_reg=0.0000  deq_iters=5.0000  deq_resid=1.0000  lr=0.0001  dt/50=38.84s eta=30h05m
  step=   2750  lm_loss=0.7453  q_halt_loss=0.0026  exact_accuracy=0.0000  accuracy=0.7086  jacobian_reg=0.0000  deq_iters=8.0000  deq_resid=0.7304  lr=0.0001  dt/50=38.60s eta=30h01m
  step=   2800  lm_loss=0.7421  q_halt_loss=0.0004  exact_accuracy=0.0000  accuracy=0.6936  jacobian_reg=0.0000  deq_iters=8.0000  deq_resid=0.9602  lr=0.0001  dt/50=37.56s eta=29h57m
  step=   2850  lm_loss=0.7643  q_halt_loss=0.0007  exact_accuracy=0.0323  accuracy=0.7252  jacobian_reg=0.0000  deq_iters=8.0000  deq_resid=0.1087  lr=0.0001  dt/50=38.15s eta=29h53m
  step=   2900  lm_loss=0.7593  q_halt_loss=0.0051  exact_accuracy=0.0833  accuracy=0.7459  jacobian_reg=0.0000  deq_iters=8.0000  deq_resid=2.0223  lr=0.0001  dt/50=38.77s eta=29h50m
  step=   2950  lm_loss=0.7549  q_halt_loss=0.0011  exact_accuracy=0.0000  accuracy=0.7531  jacobian_reg=0.0000  deq_iters=8.0000  deq_resid=0.0448  lr=0.0001  dt/50=37.80s eta=29h46m
  step=   3000  lm_loss=0.7501  q_halt_loss=0.0006  exact_accuracy=0.0588  accuracy=0.7262  jacobian_reg=0.0000  deq_iters=8.0000  deq_resid=1.2137  lr=0.0001  dt/50=37.28s eta=29h42m
  step=   3050  lm_loss=0.7382  q_halt_loss=0.0024  exact_accuracy=0.0000  accuracy=0.7099  jacobian_reg=0.0000  deq_iters=8.0000  deq_resid=0.0633  lr=0.0001  dt/50=36.85s eta=29h37m
  step=   3100  lm_loss=0.7059  q_halt_loss=0.0127  exact_accuracy=0.0667  accuracy=0.7720  jacobian_reg=0.0000  deq_iters=8.0000  deq_resid=1.6917  lr=0.0001  dt/50=37.01s eta=29h33m
  step=   3150  lm_loss=0.7404  q_halt_loss=0.0153  exact_accuracy=0.0000  accuracy=0.7467  jacobian_reg=0.0000  deq_iters=8.0000  deq_resid=0.3515  lr=0.0001  dt/50=36.14s eta=29h29m
  step=   3200  lm_loss=0.7295  q_halt_loss=0.0347  exact_accuracy=0.0435  accuracy=0.7142  jacobian_reg=0.0000  deq_iters=8.0000  deq_resid=0.2003  lr=0.0001  dt/50=35.77s eta=29h24m
  step=   3250  lm_loss=0.7442  q_halt_loss=0.0184  exact_accuracy=0.1290  accuracy=0.7595  jacobian_reg=0.0000  deq_iters=7.0000  deq_resid=1.0000  lr=0.0001  dt/50=35.82s eta=29h20m
  step=   3300  lm_loss=0.7763  q_halt_loss=0.0141  exact_accuracy=0.2667  accuracy=0.8066  jacobian_reg=0.0000  deq_iters=8.0000  deq_resid=0.8538  lr=0.0001  dt/50=35.77s eta=29h15m
  step=   3350  lm_loss=0.7319  q_halt_loss=0.0178  exact_accuracy=0.0476  accuracy=0.7143  jacobian_reg=0.0000  deq_iters=6.0000  deq_resid=1.0000  lr=0.0001  dt/50=35.50s eta=29h11m
  step=   3400  lm_loss=0.7030  q_halt_loss=0.0022  exact_accuracy=0.0476  accuracy=0.7319  jacobian_reg=0.0000  deq_iters=8.0000  deq_resid=1.2572  lr=0.0001  dt/50=35.88s eta=29h07m
  step=   3450  lm_loss=0.7188  q_halt_loss=0.0530  exact_accuracy=0.0000  accuracy=0.7400  jacobian_reg=0.0000  deq_iters=8.0000  deq_resid=0.2304  lr=0.0001  dt/50=35.62s eta=29h02m
  step=   3500  lm_loss=0.7193  q_halt_loss=0.0221  exact_accuracy=0.0400  accuracy=0.7205  jacobian_reg=0.0000  deq_iters=8.0000  deq_resid=6.0713  lr=0.0001  dt/50=35.04s eta=28h58m
  step=   3550  lm_loss=0.7385  q_halt_loss=0.0053  exact_accuracy=0.1111  accuracy=0.7236  jacobian_reg=0.0000  deq_iters=8.0000  deq_resid=0.8236  lr=0.0001  dt/50=35.79s eta=28h54m
  step=   3600  lm_loss=0.7058  q_halt_loss=0.0482  exact_accuracy=0.0909  accuracy=0.7520  jacobian_reg=0.0000  deq_iters=7.0000  deq_resid=1.0000  lr=0.0001  dt/50=35.08s eta=28h50m
  step=   3650  lm_loss=0.7332  q_halt_loss=0.0205  exact_accuracy=0.0541  accuracy=0.7150  jacobian_reg=0.0000  deq_iters=6.0000  deq_resid=1.0000  lr=0.0001  dt/50=34.95s eta=28h46m
  step=   3700  lm_loss=0.7408  q_halt_loss=0.0095  exact_accuracy=0.1250  accuracy=0.7536  jacobian_reg=0.0000  deq_iters=8.0000  deq_resid=1.1108  lr=0.0001  dt/50=33.70s eta=28h41m
  step=   3750  lm_loss=0.7289  q_halt_loss=0.0092  exact_accuracy=0.0476  accuracy=0.7302  jacobian_reg=0.0000  deq_iters=5.0000  deq_resid=1.0000  lr=0.0001  dt/50=34.55s eta=28h37m
  step=   3800  lm_loss=0.7491  q_halt_loss=0.0012  exact_accuracy=0.0357  accuracy=0.6874  jacobian_reg=0.0000  deq_iters=8.0000  deq_resid=0.2292  lr=0.0001  dt/50=35.08s eta=28h33m
  step=   3850  lm_loss=0.7270  q_halt_loss=0.0019  exact_accuracy=0.1538  accuracy=0.7816  jacobian_reg=0.0000  deq_iters=8.0000  deq_resid=5.3203  lr=0.0001  dt/50=33.78s eta=28h28m
  step=   3900  lm_loss=0.7024  q_halt_loss=0.0184  exact_accuracy=0.1667  accuracy=0.8018  jacobian_reg=0.0000  deq_iters=8.0000  deq_resid=1.4802  lr=0.0001  dt/50=34.85s eta=28h25m
  step=   3950  lm_loss=0.7237  q_halt_loss=0.0214  exact_accuracy=0.0426  accuracy=0.7184  jacobian_reg=0.0000  deq_iters=8.0000  deq_resid=1.8959  lr=0.0001  dt/50=33.45s eta=28h20m
  step=   4000  lm_loss=0.7167  q_halt_loss=0.0238  exact_accuracy=0.1600  accuracy=0.7220  jacobian_reg=0.0000  deq_iters=5.0000  deq_resid=1.0000  lr=0.0001  dt/50=34.33s eta=28h16m
  step=   4050  lm_loss=0.6962  q_halt_loss=0.0168  exact_accuracy=0.0426  accuracy=0.7410  jacobian_reg=0.0000  deq_iters=6.0000  deq_resid=1.0000  lr=0.0001  dt/50=34.12s eta=28h12m
  step=   4100  lm_loss=0.7364  q_halt_loss=0.0142  exact_accuracy=0.0000  accuracy=0.7175  jacobian_reg=0.0000  deq_iters=5.0000  deq_resid=1.0000  lr=0.0001  dt/50=33.64s eta=28h08m
  step=   4150  lm_loss=0.7481  q_halt_loss=0.0048  exact_accuracy=0.0833  accuracy=0.7212  jacobian_reg=0.0000  deq_iters=6.0000  deq_resid=1.0000  lr=0.0001  dt/50=33.59s eta=28h04m
  step=   4200  lm_loss=0.7274  q_halt_loss=0.0073  exact_accuracy=0.0690  accuracy=0.7531  jacobian_reg=0.0000  deq_iters=5.0000  deq_resid=1.0000  lr=0.0001  dt/50=34.47s eta=28h01m
  step=   4250  lm_loss=0.7290  q_halt_loss=0.0172  exact_accuracy=0.4667  accuracy=0.8889  jacobian_reg=0.0000  deq_iters=7.0000  deq_resid=1.0000  lr=0.0001  dt/50=33.82s eta=27h57m
  step=   4300  lm_loss=0.7071  q_halt_loss=0.0351  exact_accuracy=0.2059  accuracy=0.7560  jacobian_reg=0.0000  deq_iters=5.0000  deq_resid=1.0000  lr=0.0001  dt/50=32.95s eta=27h53m
  step=   4350  lm_loss=0.7503  q_halt_loss=0.0013  exact_accuracy=0.0500  accuracy=0.7272  jacobian_reg=0.0000  deq_iters=6.0000  deq_resid=1.0000  lr=0.0001  dt/50=33.97s eta=27h50m
  step=   4400  lm_loss=0.7205  q_halt_loss=0.0285  exact_accuracy=0.0667  accuracy=0.6798  jacobian_reg=0.0000  deq_iters=6.0000  deq_resid=1.0000  lr=0.0001  dt/50=33.50s eta=27h46m
  step=   4450  lm_loss=0.7284  q_halt_loss=0.0154  exact_accuracy=0.0769  accuracy=0.7123  jacobian_reg=0.0000  deq_iters=8.0000  deq_resid=2.2740  lr=0.0001  dt/50=33.10s eta=27h42m
  step=   4500  lm_loss=0.7545  q_halt_loss=0.0169  exact_accuracy=0.0000  accuracy=0.6962  jacobian_reg=0.0000  deq_iters=6.0000  deq_resid=1.0000  lr=0.0001  dt/50=33.19s eta=27h38m
  step=   4550  lm_loss=0.7229  q_halt_loss=0.0168  exact_accuracy=0.0000  accuracy=0.7370  jacobian_reg=0.0000  deq_iters=6.0000  deq_resid=1.0000  lr=0.0001  dt/50=33.51s eta=27h35m
  step=   4600  lm_loss=0.7305  q_halt_loss=0.0018  exact_accuracy=0.0370  accuracy=0.7170  jacobian_reg=0.0000  deq_iters=6.0000  deq_resid=1.0000  lr=0.0001  dt/50=32.15s eta=27h31m
  step=   4650  lm_loss=0.7403  q_halt_loss=0.0033  exact_accuracy=0.1739  accuracy=0.7563  jacobian_reg=0.0000  deq_iters=5.0000  deq_resid=1.0000  lr=0.0001  dt/50=32.38s eta=27h27m
  step=   4700  lm_loss=0.7533  q_halt_loss=0.0003  exact_accuracy=0.0000  accuracy=0.6871  jacobian_reg=0.0000  deq_iters=6.0000  deq_resid=1.0000  lr=0.0001  dt/50=31.62s eta=27h23m
  step=   4750  lm_loss=0.7474  q_halt_loss=0.0024  exact_accuracy=0.2727  accuracy=0.7778  jacobian_reg=0.0000  deq_iters=5.0000  deq_resid=1.0000  lr=0.0001  dt/50=32.53s eta=27h19m
  step=   4800  lm_loss=0.7552  q_halt_loss=0.0003  exact_accuracy=0.0417  accuracy=0.7016  jacobian_reg=0.0000  deq_iters=8.0000  deq_resid=1.7666  lr=0.0001  dt/50=32.12s eta=27h16m
  step=   4850  lm_loss=0.7309  q_halt_loss=0.0018  exact_accuracy=0.0968  accuracy=0.7228  jacobian_reg=0.0000  deq_iters=7.0000  deq_resid=1.0000  lr=0.0001  dt/50=31.69s eta=27h12m
  step=   4900  lm_loss=0.7478  q_halt_loss=0.0009  exact_accuracy=0.0909  accuracy=0.7458  jacobian_reg=0.0000  deq_iters=6.0000  deq_resid=1.0000  lr=0.0001  dt/50=32.00s eta=27h08m
  step=   4950  lm_loss=0.7332  q_halt_loss=0.0121  exact_accuracy=0.2424  accuracy=0.7868  jacobian_reg=0.0000  deq_iters=5.0000  deq_resid=1.0000  lr=0.0001  dt/50=31.84s eta=27h04m
  step=   5000  lm_loss=0.7514  q_halt_loss=0.0043  exact_accuracy=0.0278  accuracy=0.6948  jacobian_reg=0.0000  deq_iters=5.0000  deq_resid=1.0000  lr=0.0001  dt/50=32.41s eta=27h01m
  step=   5050  lm_loss=0.7270  q_halt_loss=0.0163  exact_accuracy=0.2500  accuracy=0.8012  jacobian_reg=0.0000  deq_iters=5.0000  deq_resid=1.0000  lr=0.0001  dt/50=31.18s eta=26h57m
  step=   5100  lm_loss=0.7317  q_halt_loss=0.0285  exact_accuracy=0.3143  accuracy=0.8014  jacobian_reg=0.0000  deq_iters=5.0000  deq_resid=1.0000  lr=0.0001  dt/50=31.97s eta=26h54m
  step=   5150  lm_loss=0.6949  q_halt_loss=0.0619  exact_accuracy=0.4074  accuracy=0.8162  jacobian_reg=0.0000  deq_iters=8.0000  deq_resid=0.7679  lr=0.0001  dt/50=33.13s eta=26h51m
  step=   5200  lm_loss=0.7194  q_halt_loss=0.0153  exact_accuracy=0.0000  accuracy=0.7232  jacobian_reg=0.0000  deq_iters=5.0000  deq_resid=1.0000  lr=0.0001  dt/50=31.53s eta=26h47m
  step=   5250  lm_loss=0.7284  q_halt_loss=0.0015  exact_accuracy=0.0811  accuracy=0.7354  jacobian_reg=0.0000  deq_iters=6.0000  deq_resid=1.0000  lr=0.0001  dt/50=31.88s eta=26h44m
  step=   5300  lm_loss=0.7354  q_halt_loss=0.0026  exact_accuracy=0.1200  accuracy=0.7363  jacobian_reg=0.0000  deq_iters=5.0000  deq_resid=1.0000  lr=0.0001  dt/50=30.88s eta=26h40m
  step=   5350  lm_loss=0.7267  q_halt_loss=0.0044  exact_accuracy=0.3125  accuracy=0.8002  jacobian_reg=0.0000  deq_iters=6.0000  deq_resid=1.0000  lr=0.0001  dt/50=32.46s eta=26h38m
  step=   5400  lm_loss=0.7221  q_halt_loss=0.0163  exact_accuracy=0.2000  accuracy=0.7920  jacobian_reg=0.0000  deq_iters=6.0000  deq_resid=1.0000  lr=0.0001  dt/50=32.74s eta=26h35m
  step=   5450  lm_loss=0.7343  q_halt_loss=0.0182  exact_accuracy=0.0000  accuracy=0.7407  jacobian_reg=0.0000  deq_iters=6.0000  deq_resid=1.0000  lr=0.0001  dt/50=31.86s eta=26h32m
  step=   5500  lm_loss=0.7258  q_halt_loss=0.0011  exact_accuracy=0.2105  accuracy=0.7719  jacobian_reg=0.0000  deq_iters=8.0000  deq_resid=12.6330  lr=0.0001  dt/50=31.34s eta=26h28m
  step=   5550  lm_loss=0.7279  q_halt_loss=0.0149  exact_accuracy=0.0417  accuracy=0.6914  jacobian_reg=0.0000  deq_iters=5.0000  deq_resid=1.0000  lr=0.0001  dt/50=32.29s eta=26h25m
  step=   5600  lm_loss=0.6999  q_halt_loss=0.0115  exact_accuracy=0.2353  accuracy=0.7715  jacobian_reg=0.0000  deq_iters=5.0000  deq_resid=1.0000  lr=0.0001  dt/50=31.36s eta=26h22m
  step=   5650  lm_loss=0.7177  q_halt_loss=0.0078  exact_accuracy=0.0952  accuracy=0.7443  jacobian_reg=0.0000  deq_iters=5.0000  deq_resid=1.0000  lr=0.0001  dt/50=31.40s eta=26h19m
  step=   5700  lm_loss=0.7288  q_halt_loss=0.0148  exact_accuracy=0.2727  accuracy=0.7738  jacobian_reg=0.0000  deq_iters=5.0000  deq_resid=1.0000  lr=0.0001  dt/50=31.47s eta=26h16m
  step=   5750  lm_loss=0.7540  q_halt_loss=0.0039  exact_accuracy=0.2000  accuracy=0.7523  jacobian_reg=0.0000  deq_iters=5.0000  deq_resid=1.0000  lr=0.0001  dt/50=30.54s eta=26h13m
  step=   5800  lm_loss=0.7443  q_halt_loss=0.0033  exact_accuracy=0.5000  accuracy=0.8716  jacobian_reg=0.0000  deq_iters=5.0000  deq_resid=1.0000  lr=0.0001  dt/50=31.34s eta=26h10m
  step=   5850  lm_loss=0.7249  q_halt_loss=0.0029  exact_accuracy=0.2000  accuracy=0.7323  jacobian_reg=0.0000  deq_iters=5.0000  deq_resid=1.0000  lr=0.0001  dt/50=30.44s eta=26h07m
  step=   5900  lm_loss=0.7033  q_halt_loss=0.0055  exact_accuracy=0.1071  accuracy=0.7390  jacobian_reg=0.0000  deq_iters=5.0000  deq_resid=1.0000  lr=0.0001  dt/50=30.98s eta=26h04m
  step=   5950  lm_loss=0.7253  q_halt_loss=0.0003  exact_accuracy=0.0714  accuracy=0.7103  jacobian_reg=0.0000  deq_iters=5.0000  deq_resid=1.0000  lr=0.0001  dt/50=30.67s eta=26h00m
  step=   6000  lm_loss=0.7271  q_halt_loss=0.0101  exact_accuracy=0.1852  accuracy=0.7513  jacobian_reg=0.0000  deq_iters=5.0000  deq_resid=1.0000  lr=0.0001  dt/50=31.45s eta=25h58m
  step=   6050  lm_loss=0.7097  q_halt_loss=0.0064  exact_accuracy=0.0741  accuracy=0.7206  jacobian_reg=0.0000  deq_iters=8.0000  deq_resid=4.8643  lr=0.0001  dt/50=30.95s eta=25h55m
  step=   6100  lm_loss=0.7151  q_halt_loss=0.0165  exact_accuracy=0.1852  accuracy=0.7567  jacobian_reg=0.0000  deq_iters=5.0000  deq_resid=1.0000  lr=0.0001  dt/50=30.74s eta=25h52m
  step=   6150  lm_loss=0.7408  q_halt_loss=0.0159  exact_accuracy=0.0667  accuracy=0.7243  jacobian_reg=0.0000  deq_iters=5.0000  deq_resid=1.0000  lr=0.0001  dt/50=30.39s eta=25h49m
  step=   6200  lm_loss=0.7382  q_halt_loss=0.0057  exact_accuracy=0.3125  accuracy=0.7785  jacobian_reg=0.0000  deq_iters=5.0000  deq_resid=1.0000  lr=0.0001  dt/50=30.50s eta=25h46m
  step=   6250  lm_loss=0.7561  q_halt_loss=0.0033  exact_accuracy=0.0000  accuracy=0.6726  jacobian_reg=0.0000  deq_iters=6.0000  deq_resid=1.0000  lr=0.0001  dt/50=30.43s eta=25h43m
  step=   6300  lm_loss=0.7122  q_halt_loss=0.0236  exact_accuracy=0.2381  accuracy=0.7472  jacobian_reg=0.0000  deq_iters=5.0000  deq_resid=1.0000  lr=0.0001  dt/50=31.42s eta=25h40m
  step=   6350  lm_loss=0.7310  q_halt_loss=0.0021  exact_accuracy=0.1923  accuracy=0.7555  jacobian_reg=0.0000  deq_iters=5.0000  deq_resid=1.0000  lr=0.0001  dt/50=30.98s eta=25h38m
  step=   6400  lm_loss=0.7147  q_halt_loss=0.0140  exact_accuracy=0.1875  accuracy=0.7674  jacobian_reg=0.0000  deq_iters=5.0000  deq_resid=1.0000  lr=0.0001  dt/50=30.89s eta=25h35m
  step=   6450  lm_loss=0.7239  q_halt_loss=0.0049  exact_accuracy=0.1481  accuracy=0.7421  jacobian_reg=0.0000  deq_iters=5.0000  deq_resid=1.0000  lr=0.0001  dt/50=30.57s eta=25h32m
  step=   6500  lm_loss=0.7132  q_halt_loss=0.0130  exact_accuracy=0.4865  accuracy=0.8649  jacobian_reg=0.0000  deq_iters=5.0000  deq_resid=1.0000  lr=0.0001  dt/50=30.47s eta=25h30m
  step=   6550  lm_loss=0.7307  q_halt_loss=0.0015  exact_accuracy=0.0952  accuracy=0.7184  jacobian_reg=0.0000  deq_iters=5.0000  deq_resid=1.0000  lr=0.0001  dt/50=30.30s eta=25h27m
  step=   6600  lm_loss=0.7103  q_halt_loss=0.0109  exact_accuracy=0.2414  accuracy=0.7957  jacobian_reg=0.0000  deq_iters=5.0000  deq_resid=1.0000  lr=0.0001  dt/50=30.36s eta=25h24m
  step=   6650  lm_loss=0.7221  q_halt_loss=0.0000  exact_accuracy=0.0000  accuracy=0.6800  jacobian_reg=0.0000  deq_iters=5.0000  deq_resid=1.0000  lr=0.0001  dt/50=30.44s eta=25h21m
  step=   6700  lm_loss=0.7149  q_halt_loss=0.0044  exact_accuracy=0.2857  accuracy=0.7985  jacobian_reg=0.0000  deq_iters=5.0000  deq_resid=1.0000  lr=0.0001  dt/50=30.82s eta=25h19m
  step=   6750  lm_loss=0.7194  q_halt_loss=0.0082  exact_accuracy=0.1429  accuracy=0.7524  jacobian_reg=0.0000  deq_iters=5.0000  deq_resid=1.0000  lr=0.0001  dt/50=31.10s eta=25h17m
  step=   6800  lm_loss=0.6949  q_halt_loss=0.0023  exact_accuracy=0.3103  accuracy=0.8335  jacobian_reg=0.0000  deq_iters=5.0000  deq_resid=1.0000  lr=0.0001  dt/50=30.84s eta=25h14m
  step=   6850  lm_loss=0.7296  q_halt_loss=0.0004  exact_accuracy=0.1200  accuracy=0.7274  jacobian_reg=0.0000  deq_iters=5.0000  deq_resid=1.0000  lr=0.0001  dt/50=30.71s eta=25h12m
  step=   6900  lm_loss=0.7268  q_halt_loss=0.0041  exact_accuracy=0.2000  accuracy=0.7807  jacobian_reg=0.0000  deq_iters=5.0000  deq_resid=1.0000  lr=0.0001  dt/50=30.97s eta=25h09m
  step=   6950  lm_loss=0.6912  q_halt_loss=0.0209  exact_accuracy=0.3030  accuracy=0.8122  jacobian_reg=0.0000  deq_iters=6.0000  deq_resid=1.0000  lr=0.0001  dt/50=30.79s eta=25h07m
  step=   7000  lm_loss=0.7112  q_halt_loss=0.0032  exact_accuracy=0.2727  accuracy=0.7929  jacobian_reg=0.0000  deq_iters=5.0000  deq_resid=1.0000  lr=0.0001  dt/50=30.50s eta=25h05m
  step=   7050  lm_loss=0.7412  q_halt_loss=0.0214  exact_accuracy=0.3438  accuracy=0.8287  jacobian_reg=0.0000  deq_iters=5.0000  deq_resid=1.0000  lr=0.0001  dt/50=30.50s eta=25h02m
  step=   7100  lm_loss=0.7349  q_halt_loss=0.0063  exact_accuracy=0.4138  accuracy=0.8199  jacobian_reg=0.0000  deq_iters=5.0000  deq_resid=1.0000  lr=0.0001  dt/50=31.10s eta=25h00m
  step=   7150  lm_loss=0.7146  q_halt_loss=0.0118  exact_accuracy=0.2000  accuracy=0.7840  jacobian_reg=0.0000  deq_iters=5.0000  deq_resid=1.0000  lr=0.0001  dt/50=30.61s eta=24h58m
  step=   7200  lm_loss=0.7044  q_halt_loss=0.0007  exact_accuracy=0.3871  accuracy=0.8156  jacobian_reg=0.0000  deq_iters=5.0000  deq_resid=1.0000  lr=0.0001  dt/50=30.49s eta=24h55m
  step=   7250  lm_loss=0.7210  q_halt_loss=0.0058  exact_accuracy=0.2609  accuracy=0.7864  jacobian_reg=0.0000  deq_iters=6.0000  deq_resid=1.0000  lr=0.0001  dt/50=30.47s eta=24h53m
  step=   7300  lm_loss=0.8243  q_halt_loss=0.0007  exact_accuracy=0.0556  accuracy=0.7099  jacobian_reg=0.0000  deq_iters=5.0000  deq_resid=1.0000  lr=0.0001  dt/50=30.39s eta=24h51m
  step=   7350  lm_loss=0.7052  q_halt_loss=0.0149  exact_accuracy=0.4000  accuracy=0.8375  jacobian_reg=0.0000  deq_iters=5.0000  deq_resid=1.0000  lr=0.0001  dt/50=30.37s eta=24h48m
  step=   7400  lm_loss=0.6810  q_halt_loss=0.0116  exact_accuracy=0.3200  accuracy=0.8035  jacobian_reg=0.0000  deq_iters=5.0000  deq_resid=1.0000  lr=0.0001  dt/50=30.71s eta=24h46m
  step=   7450  lm_loss=0.6999  q_halt_loss=0.0011  exact_accuracy=0.2571  accuracy=0.8042  jacobian_reg=0.0000  deq_iters=5.0000  deq_resid=1.0000  lr=0.0001  dt/50=31.18s eta=24h44m
  step=   7500  lm_loss=0.7205  q_halt_loss=0.0107  exact_accuracy=0.3438  accuracy=0.8291  jacobian_reg=0.0000  deq_iters=5.0000  deq_resid=1.0000  lr=0.0001  dt/50=30.97s eta=24h42m
  step=   7550  lm_loss=0.7042  q_halt_loss=0.0039  exact_accuracy=0.2414  accuracy=0.7812  jacobian_reg=0.0000  deq_iters=5.0000  deq_resid=1.0000  lr=0.0001  dt/50=30.92s eta=24h40m
  step=   7600  lm_loss=0.7283  q_halt_loss=0.0080  exact_accuracy=0.0357  accuracy=0.7293  jacobian_reg=0.0000  deq_iters=5.0000  deq_resid=1.0000  lr=0.0001  dt/50=30.95s eta=24h38m
  step=   7650  lm_loss=0.7272  q_halt_loss=0.0006  exact_accuracy=0.1200  accuracy=0.7501  jacobian_reg=0.0000  deq_iters=5.0000  deq_resid=1.0000  lr=0.0001  dt/50=30.71s eta=24h36m
  step=   7700  lm_loss=0.7147  q_halt_loss=0.0135  exact_accuracy=0.1667  accuracy=0.7551  jacobian_reg=0.0000  deq_iters=5.0000  deq_resid=1.0000  lr=0.0001  dt/50=30.86s eta=24h34m
  step=   7750  lm_loss=0.7023  q_halt_loss=0.0241  exact_accuracy=0.1739  accuracy=0.7579  jacobian_reg=0.0000  deq_iters=5.0000  deq_resid=1.0000  lr=0.0001  dt/50=30.37s eta=24h32m
  step=   7800  lm_loss=0.7156  q_halt_loss=0.0002  exact_accuracy=0.1304  accuracy=0.7713  jacobian_reg=0.0000  deq_iters=5.0000  deq_resid=1.0000  lr=0.0001  dt/50=30.40s eta=24h30m
  step=   7850  lm_loss=0.6899  q_halt_loss=0.0042  exact_accuracy=0.1786  accuracy=0.7773  jacobian_reg=0.0000  deq_iters=5.0000  deq_resid=1.0000  lr=0.0001  dt/50=30.48s eta=24h28m
  step=   7900  lm_loss=0.7157  q_halt_loss=0.0182  exact_accuracy=0.2500  accuracy=0.7734  jacobian_reg=0.0000  deq_iters=5.0000  deq_resid=1.0000  lr=0.0001  dt/50=30.58s eta=24h26m
  step=   7950  lm_loss=0.7215  q_halt_loss=0.0034  exact_accuracy=0.1667  accuracy=0.7613  jacobian_reg=0.0000  deq_iters=5.0000  deq_resid=1.0000  lr=0.0001  dt/50=30.47s eta=24h24m
  step=   8000  lm_loss=0.6973  q_halt_loss=0.0085  exact_accuracy=0.1667  accuracy=0.7770  jacobian_reg=0.0000  deq_iters=5.0000  deq_resid=1.0000  lr=0.0001  dt/50=30.34s eta=24h22m
  step=   8050  lm_loss=0.7244  q_halt_loss=0.0143  exact_accuracy=0.1786  accuracy=0.7738  jacobian_reg=0.0000  deq_iters=5.0000  deq_resid=1.0000  lr=0.0001  dt/50=30.36s eta=24h20m
  step=   8100  lm_loss=0.6870  q_halt_loss=0.0129  exact_accuracy=0.4211  accuracy=0.8613  jacobian_reg=0.0000  deq_iters=5.0000  deq_resid=1.0000  lr=0.0001  dt/50=30.57s eta=24h18m
  step=   8150  lm_loss=0.6807  q_halt_loss=0.0307  exact_accuracy=0.1750  accuracy=0.7765  jacobian_reg=0.0000  deq_iters=5.0000  deq_resid=1.0000  lr=0.0001  dt/50=30.65s eta=24h16m
  step=   8200  lm_loss=0.6920  q_halt_loss=0.0048  exact_accuracy=0.2000  accuracy=0.7697  jacobian_reg=0.0000  deq_iters=5.0000  deq_resid=1.0000  lr=0.0001  dt/50=30.33s eta=24h14m
  step=   8250  lm_loss=0.7139  q_halt_loss=0.0046  exact_accuracy=0.3462  accuracy=0.8253  jacobian_reg=0.0000  deq_iters=5.0000  deq_resid=1.0000  lr=0.0001  dt/50=30.44s eta=24h12m
  step=   8300  lm_loss=0.7133  q_halt_loss=0.0045  exact_accuracy=0.0714  accuracy=0.7593  jacobian_reg=0.0000  deq_iters=6.0000  deq_resid=1.0000  lr=0.0001  dt/50=30.62s eta=24h10m
  step=   8350  lm_loss=0.6923  q_halt_loss=0.0005  exact_accuracy=0.2000  accuracy=0.7798  jacobian_reg=0.0000  deq_iters=6.0000  deq_resid=1.0000  lr=0.0001  dt/50=30.79s eta=24h08m
  step=   8400  lm_loss=0.6897  q_halt_loss=0.0071  exact_accuracy=0.2121  accuracy=0.7924  jacobian_reg=0.0000  deq_iters=5.0000  deq_resid=1.0000  lr=0.0001  dt/50=30.51s eta=24h07m
  step=   8450  lm_loss=0.6802  q_halt_loss=0.0016  exact_accuracy=0.2353  accuracy=0.7938  jacobian_reg=0.0000  deq_iters=5.0000  deq_resid=1.0000  lr=0.0001  dt/50=30.33s eta=24h05m
  step=   8500  lm_loss=0.6941  q_halt_loss=0.0064  exact_accuracy=0.2000  accuracy=0.8049  jacobian_reg=0.0000  deq_iters=5.0000  deq_resid=1.0000  lr=0.0001  dt/50=30.30s eta=24h03m
  step=   8550  lm_loss=0.6971  q_halt_loss=0.0117  exact_accuracy=0.2000  accuracy=0.8272  jacobian_reg=0.0000  deq_iters=5.0000  deq_resid=1.0000  lr=0.0001  dt/50=30.50s eta=24h01m
  step=   8600  lm_loss=0.7266  q_halt_loss=0.0065  exact_accuracy=0.1786  accuracy=0.7482  jacobian_reg=0.0000  deq_iters=5.0000  deq_resid=1.0000  lr=0.0001  dt/50=30.58s eta=23h59m
  step=   8650  lm_loss=0.6693  q_halt_loss=0.0043  exact_accuracy=0.2571  accuracy=0.8254  jacobian_reg=0.0000  deq_iters=5.0000  deq_resid=1.0000  lr=0.0001  dt/50=30.34s eta=23h57m
  step=   8700  lm_loss=0.6889  q_halt_loss=0.0059  exact_accuracy=0.3333  accuracy=0.8111  jacobian_reg=0.0000  deq_iters=5.0000  deq_resid=1.0000  lr=0.0001  dt/50=30.42s eta=23h56m
  step=   8750  lm_loss=0.7072  q_halt_loss=0.0199  exact_accuracy=0.2917  accuracy=0.7840  jacobian_reg=0.0000  deq_iters=5.0000  deq_resid=1.0000  lr=0.0001  dt/50=30.40s eta=23h54m
  step=   8800  lm_loss=0.6886  q_halt_loss=0.0075  exact_accuracy=0.3333  accuracy=0.8247  jacobian_reg=0.0000  deq_iters=5.0000  deq_resid=1.0000  lr=0.0001  dt/50=30.30s eta=23h52m
  step=   8850  lm_loss=0.7168  q_halt_loss=0.0025  exact_accuracy=0.3636  accuracy=0.8109  jacobian_reg=0.0000  deq_iters=5.0000  deq_resid=1.0000  lr=0.0001  dt/50=30.30s eta=23h50m
  step=   8900  lm_loss=0.6805  q_halt_loss=0.0093  exact_accuracy=0.2778  accuracy=0.8128  jacobian_reg=0.0000  deq_iters=5.0000  deq_resid=1.0000  lr=0.0001  dt/50=30.36s eta=23h49m
  step=   8950  lm_loss=0.6903  q_halt_loss=0.0289  exact_accuracy=0.4000  accuracy=0.8222  jacobian_reg=0.0000  deq_iters=5.0000  deq_resid=1.0000  lr=0.0001  dt/50=30.29s eta=23h47m
  step=   9000  lm_loss=0.7012  q_halt_loss=0.0061  exact_accuracy=0.1944  accuracy=0.7894  jacobian_reg=0.0000  deq_iters=5.0000  deq_resid=1.0000  lr=0.0001  dt/50=30.44s eta=23h45m
  step=   9050  lm_loss=0.7354  q_halt_loss=0.0124  exact_accuracy=0.2593  accuracy=0.7481  jacobian_reg=0.0000  deq_iters=5.0000  deq_resid=1.0000  lr=0.0001  dt/50=30.40s eta=23h44m
  step=   9100  lm_loss=0.6856  q_halt_loss=0.0011  exact_accuracy=0.1852  accuracy=0.7750  jacobian_reg=0.0000  deq_iters=5.0000  deq_resid=1.0000  lr=0.0001  dt/50=30.37s eta=23h42m
  step=   9150  lm_loss=0.6615  q_halt_loss=0.0122  exact_accuracy=0.4118  accuracy=0.8362  jacobian_reg=0.0000  deq_iters=5.0000  deq_resid=1.0000  lr=0.0001  dt/50=30.51s eta=23h40m
  step=   9200  lm_loss=0.6913  q_halt_loss=0.0087  exact_accuracy=0.0714  accuracy=0.7566  jacobian_reg=0.0000  deq_iters=6.0000  deq_resid=1.0000  lr=0.0001  dt/50=30.43s eta=23h39m
  step=   9250  lm_loss=0.6673  q_halt_loss=0.0009  exact_accuracy=0.3438  accuracy=0.8353  jacobian_reg=0.0000  deq_iters=5.0000  deq_resid=1.0000  lr=0.0001  dt/50=30.41s eta=23h37m
  step=   9300  lm_loss=0.6839  q_halt_loss=0.0129  exact_accuracy=0.2258  accuracy=0.8013  jacobian_reg=0.0000  deq_iters=5.0000  deq_resid=1.0000  lr=0.0001  dt/50=30.40s eta=23h35m
  step=   9350  lm_loss=0.7328  q_halt_loss=0.0065  exact_accuracy=0.1818  accuracy=0.7845  jacobian_reg=0.0000  deq_iters=5.0000  deq_resid=1.0000  lr=0.0001  dt/50=30.74s eta=23h34m
  step=   9400  lm_loss=0.6711  q_halt_loss=0.0190  exact_accuracy=0.5294  accuracy=0.8813  jacobian_reg=0.0000  deq_iters=5.0000  deq_resid=1.0000  lr=0.0001  dt/50=30.99s eta=23h32m
  step=   9450  lm_loss=0.6534  q_halt_loss=0.0373  exact_accuracy=0.4333  accuracy=0.8642  jacobian_reg=0.0000  deq_iters=5.0000  deq_resid=1.0000  lr=0.0001  dt/50=30.81s eta=23h31m
  step=   9500  lm_loss=0.7129  q_halt_loss=0.0018  exact_accuracy=0.2353  accuracy=0.7672  jacobian_reg=0.0000  deq_iters=5.0000  deq_resid=1.0000  lr=0.0001  dt/50=30.48s eta=23h29m
  step=   9550  lm_loss=0.6824  q_halt_loss=0.0172  exact_accuracy=0.2692  accuracy=0.8172  jacobian_reg=0.0000  deq_iters=5.0000  deq_resid=1.0000  lr=0.0001  dt/50=30.34s eta=23h28m
  step=   9600  lm_loss=0.6479  q_halt_loss=0.0146  exact_accuracy=0.5000  accuracy=0.8793  jacobian_reg=0.0000  deq_iters=5.0000  deq_resid=1.0000  lr=0.0001  dt/50=30.35s eta=23h26m
  step=   9650  lm_loss=0.6841  q_halt_loss=0.0037  exact_accuracy=0.2500  accuracy=0.8250  jacobian_reg=0.0000  deq_iters=5.0000  deq_resid=1.0000  lr=0.0001  dt/50=30.41s eta=23h25m
  step=   9700  lm_loss=0.6739  q_halt_loss=0.0106  exact_accuracy=0.4839  accuracy=0.8586  jacobian_reg=0.0000  deq_iters=5.0000  deq_resid=1.0000  lr=0.0001  dt/50=30.30s eta=23h23m
  step=   9750  lm_loss=0.6928  q_halt_loss=0.0014  exact_accuracy=0.2609  accuracy=0.7950  jacobian_reg=0.0000  deq_iters=5.0000  deq_resid=1.0000  lr=0.0001  dt/50=30.29s eta=23h22m
  step=   9800  lm_loss=0.6688  q_halt_loss=0.0027  exact_accuracy=0.3529  accuracy=0.8108  jacobian_reg=0.0000  deq_iters=5.0000  deq_resid=1.0000  lr=0.0001  dt/50=30.33s eta=23h20m
  step=   9850  lm_loss=0.6991  q_halt_loss=0.0506  exact_accuracy=0.5122  accuracy=0.8814  jacobian_reg=0.0000  deq_iters=5.0000  deq_resid=1.0000  lr=0.0001  dt/50=30.30s eta=23h19m
  step=   9900  lm_loss=0.7101  q_halt_loss=0.0069  exact_accuracy=0.1250  accuracy=0.7973  jacobian_reg=0.0000  deq_iters=5.0000  deq_resid=1.0000  lr=0.0001  dt/50=30.33s eta=23h17m
  step=   9950  lm_loss=0.6771  q_halt_loss=0.0245  exact_accuracy=0.4595  accuracy=0.8752  jacobian_reg=0.0000  deq_iters=5.0000  deq_resid=1.0000  lr=0.0001  dt/50=30.30s eta=23h16m
  step=  10000  lm_loss=0.6950  q_halt_loss=0.0005  exact_accuracy=0.5000  accuracy=0.8519  jacobian_reg=0.0000  deq_iters=5.0000  deq_resid=1.0000  lr=0.0001  dt/50=30.61s eta=23h14m
  step=  10050  lm_loss=0.6464  q_halt_loss=0.0109  exact_accuracy=0.6471  accuracy=0.9012  jacobian_reg=0.0000  deq_iters=5.0000  deq_resid=1.0000  lr=0.0001  dt/50=30.36s eta=23h13m
  step=  10100  lm_loss=0.6883  q_halt_loss=0.0161  exact_accuracy=0.1364  accuracy=0.7486  jacobian_reg=0.0000  deq_iters=5.0000  deq_resid=1.0000  lr=0.0001  dt/50=30.30s eta=23h11m
  step=  10150  lm_loss=0.6597  q_halt_loss=0.0033  exact_accuracy=0.3947  accuracy=0.8450  jacobian_reg=0.0000  deq_iters=5.0000  deq_resid=1.0000  lr=0.0001  dt/50=30.30s eta=23h10m
  step=  10200  lm_loss=0.6701  q_halt_loss=0.0042  exact_accuracy=0.5882  accuracy=0.9020  jacobian_reg=0.0000  deq_iters=5.0000  deq_resid=1.0000  lr=0.0001  dt/50=30.34s eta=23h08m
  step=  10250  lm_loss=0.6614  q_halt_loss=0.0039  exact_accuracy=0.3824  accuracy=0.8537  jacobian_reg=0.0000  deq_iters=5.0000  deq_resid=1.0000  lr=0.0001  dt/50=30.30s eta=23h07m
  step=  10300  lm_loss=0.7117  q_halt_loss=0.0252  exact_accuracy=0.3714  accuracy=0.7834  jacobian_reg=0.0000  deq_iters=5.0000  deq_resid=1.0000  lr=0.0001  dt/50=30.30s eta=23h05m
  step=  10350  lm_loss=0.6683  q_halt_loss=0.0132  exact_accuracy=0.3333  accuracy=0.8548  jacobian_reg=0.0000  deq_iters=5.0000  deq_resid=1.0000  lr=0.0001  dt/50=30.32s eta=23h04m
  step=  10400  lm_loss=0.6619  q_halt_loss=0.0099  exact_accuracy=0.5000  accuracy=0.8495  jacobian_reg=0.0000  deq_iters=5.0000  deq_resid=1.0000  lr=0.0001  dt/50=30.43s eta=23h03m
  step=  10450  lm_loss=0.6964  q_halt_loss=0.0085  exact_accuracy=0.2308  accuracy=0.8082  jacobian_reg=0.0000  deq_iters=5.0000  deq_resid=1.0000  lr=0.0001  dt/50=30.29s eta=23h01m
  step=  10500  lm_loss=0.6781  q_halt_loss=0.0004  exact_accuracy=0.2647  accuracy=0.8010  jacobian_reg=0.0000  deq_iters=5.0000  deq_resid=1.0000  lr=0.0001  dt/50=30.42s eta=23h00m
  step=  10550  lm_loss=0.6731  q_halt_loss=0.0016  exact_accuracy=0.4688  accuracy=0.8515  jacobian_reg=0.0000  deq_iters=5.0000  deq_resid=1.0000  lr=0.0001  dt/50=30.43s eta=22h58m
  step=  10600  lm_loss=0.6916  q_halt_loss=0.0136  exact_accuracy=0.2333  accuracy=0.8066  jacobian_reg=0.0000  deq_iters=5.0000  deq_resid=1.0000  lr=0.0001  dt/50=30.30s eta=22h57m
  step=  10650  lm_loss=0.6800  q_halt_loss=0.0008  exact_accuracy=0.1538  accuracy=0.7764  jacobian_reg=0.0000  deq_iters=5.0000  deq_resid=1.0000  lr=0.0001  dt/50=30.30s eta=22h56m
  step=  10700  lm_loss=0.6442  q_halt_loss=0.0190  exact_accuracy=0.4286  accuracy=0.8629  jacobian_reg=0.0000  deq_iters=5.0000  deq_resid=1.0000  lr=0.0001  dt/50=30.31s eta=22h54m
  step=  10750  lm_loss=0.6744  q_halt_loss=0.0030  exact_accuracy=0.6296  accuracy=0.8953  jacobian_reg=0.0000  deq_iters=5.0000  deq_resid=1.0000  lr=0.0001  dt/50=30.30s eta=22h53m
  step=  10800  lm_loss=0.6585  q_halt_loss=0.0035  exact_accuracy=0.4286  accuracy=0.8545  jacobian_reg=0.0000  deq_iters=5.0000  deq_resid=1.0000  lr=0.0001  dt/50=30.30s eta=22h52m
  step=  10850  lm_loss=0.6801  q_halt_loss=0.0231  exact_accuracy=0.5610  accuracy=0.8817  jacobian_reg=0.0000  deq_iters=5.0000  deq_resid=1.0000  lr=0.0001  dt/50=30.37s eta=22h50m
  step=  10900  lm_loss=0.6724  q_halt_loss=0.0052  exact_accuracy=0.2941  accuracy=0.8177  jacobian_reg=0.0000  deq_iters=5.0000  deq_resid=1.0000  lr=0.0001  dt/50=30.29s eta=22h49m
  step=  10950  lm_loss=0.6704  q_halt_loss=0.0168  exact_accuracy=0.5455  accuracy=0.9136  jacobian_reg=0.0000  deq_iters=5.0000  deq_resid=1.0000  lr=0.0001  dt/50=30.30s eta=22h48m
  step=  11000  lm_loss=0.6476  q_halt_loss=0.0168  exact_accuracy=0.3448  accuracy=0.8442  jacobian_reg=0.0000  deq_iters=5.0000  deq_resid=1.0000  lr=0.0001  dt/50=30.30s eta=22h46m
  step=  11050  lm_loss=0.6684  q_halt_loss=0.0591  exact_accuracy=0.7500  accuracy=0.9410  jacobian_reg=0.0000  deq_iters=5.0000  deq_resid=1.0000  lr=0.0001  dt/50=30.30s eta=22h45m
  step=  11100  lm_loss=0.6533  q_halt_loss=0.0191  exact_accuracy=0.5333  accuracy=0.8679  jacobian_reg=0.0000  deq_iters=5.0000  deq_resid=1.0000  lr=0.0001  dt/50=30.30s eta=22h44m
  step=  11150  lm_loss=0.6734  q_halt_loss=0.0148  exact_accuracy=0.3333  accuracy=0.8107  jacobian_reg=0.0000  deq_iters=5.0000  deq_resid=1.0000  lr=0.0001  dt/50=30.30s eta=22h42m
  step=  11200  lm_loss=0.6840  q_halt_loss=0.0011  exact_accuracy=0.2000  accuracy=0.7918  jacobian_reg=0.0000  deq_iters=5.0000  deq_resid=1.0000  lr=0.0001  dt/50=30.30s eta=22h41m
  step=  11250  lm_loss=0.6661  q_halt_loss=0.0007  exact_accuracy=0.2222  accuracy=0.7846  jacobian_reg=0.0000  deq_iters=5.0000  deq_resid=1.0000  lr=0.0001  dt/50=30.30s eta=22h40m
  step=  11300  lm_loss=0.6782  q_halt_loss=0.0196  exact_accuracy=0.4286  accuracy=0.8205  jacobian_reg=0.0000  deq_iters=5.0000  deq_resid=1.0000  lr=0.0001  dt/50=30.30s eta=22h39m
  step=  11350  lm_loss=0.6622  q_halt_loss=0.0021  exact_accuracy=0.5455  accuracy=0.8698  jacobian_reg=0.0000  deq_iters=5.0000  deq_resid=1.0000  lr=0.0001  dt/50=30.30s eta=22h37m
  step=  11400  lm_loss=0.6844  q_halt_loss=0.0047  exact_accuracy=0.2609  accuracy=0.7912  jacobian_reg=0.0000  deq_iters=5.0000  deq_resid=1.0000  lr=0.0001  dt/50=30.30s eta=22h36m
  step=  11450  lm_loss=0.6576  q_halt_loss=0.0106  exact_accuracy=0.4412  accuracy=0.8555  jacobian_reg=0.0000  deq_iters=5.0000  deq_resid=1.0000  lr=0.0001  dt/50=30.36s eta=22h35m
  step=  11500  lm_loss=0.6516  q_halt_loss=0.0062  exact_accuracy=0.4839  accuracy=0.8554  jacobian_reg=0.0000  deq_iters=5.0000  deq_resid=1.0000  lr=0.0001  dt/50=30.29s eta=22h34m
  step=  11550  lm_loss=0.6907  q_halt_loss=0.0334  exact_accuracy=0.5217  accuracy=0.8792  jacobian_reg=0.0000  deq_iters=5.0000  deq_resid=1.0000  lr=0.0001  dt/50=30.29s eta=22h32m
  step=  11600  lm_loss=0.6990  q_halt_loss=0.0082  exact_accuracy=0.3478  accuracy=0.8258  jacobian_reg=0.0000  deq_iters=5.0000  deq_resid=1.0000  lr=0.0001  dt/50=30.30s eta=22h31m
  step=  11650  lm_loss=0.6538  q_halt_loss=0.0007  exact_accuracy=0.3784  accuracy=0.8682  jacobian_reg=0.0000  deq_iters=5.0000  deq_resid=1.0000  lr=0.0001  dt/50=30.30s eta=22h30m
  step=  11700  lm_loss=0.6564  q_halt_loss=0.0115  exact_accuracy=0.5000  accuracy=0.8519  jacobian_reg=0.0000  deq_iters=5.0000  deq_resid=1.0000  lr=0.0001  dt/50=30.33s eta=22h29m
  step=  11750  lm_loss=0.6397  q_halt_loss=0.0135  exact_accuracy=0.5882  accuracy=0.9136  jacobian_reg=0.0000  deq_iters=5.0000  deq_resid=1.0000  lr=0.0001  dt/50=30.30s eta=22h27m
  step=  11800  lm_loss=0.6976  q_halt_loss=0.0413  exact_accuracy=0.4000  accuracy=0.8365  jacobian_reg=0.0000  deq_iters=5.0000  deq_resid=1.0000  lr=0.0001  dt/50=30.29s eta=22h26m
  step=  11850  lm_loss=0.6663  q_halt_loss=0.0033  exact_accuracy=0.4667  accuracy=0.8683  jacobian_reg=0.0000  deq_iters=5.0000  deq_resid=1.0000  lr=0.0001  dt/50=30.29s eta=22h25m
  step=  11900  lm_loss=0.6486  q_halt_loss=0.0284  exact_accuracy=0.2692  accuracy=0.8210  jacobian_reg=0.0000  deq_iters=5.0000  deq_resid=1.0000  lr=0.0001  dt/50=30.30s eta=22h24m
  step=  11950  lm_loss=0.6301  q_halt_loss=0.0202  exact_accuracy=0.6190  accuracy=0.9018  jacobian_reg=0.0000  deq_iters=5.0000  deq_resid=1.0000  lr=0.0001  dt/50=30.30s eta=22h23m
  step=  12000  lm_loss=0.6438  q_halt_loss=0.0069  exact_accuracy=0.4857  accuracy=0.8723  jacobian_reg=0.0000  deq_iters=5.0000  deq_resid=1.0000  lr=0.0001  dt/50=30.30s eta=22h21m
  step=  12050  lm_loss=0.6233  q_halt_loss=0.0065  exact_accuracy=0.6286  accuracy=0.9016  jacobian_reg=0.0000  deq_iters=5.0000  deq_resid=1.0000  lr=0.0001  dt/50=30.29s eta=22h20m
  step=  12100  lm_loss=0.6602  q_halt_loss=0.0171  exact_accuracy=0.6136  accuracy=0.8939  jacobian_reg=0.0000  deq_iters=5.0000  deq_resid=1.0000  lr=0.0001  dt/50=30.30s eta=22h19m
  step=  12150  lm_loss=0.6512  q_halt_loss=0.0129  exact_accuracy=0.4412  accuracy=0.8489  jacobian_reg=0.0000  deq_iters=5.0000  deq_resid=1.0000  lr=0.0001  dt/50=30.30s eta=22h18m
  step=  12200  lm_loss=0.6838  q_halt_loss=0.0397  exact_accuracy=0.4286  accuracy=0.8488  jacobian_reg=0.0000  deq_iters=5.0000  deq_resid=1.0000  lr=0.0001  dt/50=30.30s eta=22h17m
  step=  12250  lm_loss=0.6460  q_halt_loss=0.0114  exact_accuracy=0.5000  accuracy=0.8727  jacobian_reg=0.0000  deq_iters=5.0000  deq_resid=1.0000  lr=0.0001  dt/50=30.29s eta=22h16m
  step=  12300  lm_loss=0.6635  q_halt_loss=0.0264  exact_accuracy=0.5417  accuracy=0.8699  jacobian_reg=0.0000  deq_iters=5.0000  deq_resid=1.0000  lr=0.0001  dt/50=30.30s eta=22h14m
  step=  12350  lm_loss=0.6663  q_halt_loss=0.0154  exact_accuracy=0.6000  accuracy=0.8733  jacobian_reg=0.0000  deq_iters=5.0000  deq_resid=1.0000  lr=0.0001  dt/50=30.35s eta=22h13m
  step=  12400  lm_loss=0.6511  q_halt_loss=0.0150  exact_accuracy=0.5500  accuracy=0.8701  jacobian_reg=0.0000  deq_iters=5.0000  deq_resid=1.0000  lr=0.0001  dt/50=30.30s eta=22h12m
  step=  12450  lm_loss=0.6283  q_halt_loss=0.0020  exact_accuracy=0.6000  accuracy=0.8947  jacobian_reg=0.0000  deq_iters=5.0000  deq_resid=1.0000  lr=0.0001  dt/50=30.30s eta=22h11m
  step=  12500  lm_loss=0.6562  q_halt_loss=0.0090  exact_accuracy=0.4250  accuracy=0.8330  jacobian_reg=0.0000  deq_iters=5.0000  deq_resid=1.0000  lr=0.0001  dt/50=30.30s eta=22h10m
  step=  12550  lm_loss=0.6479  q_halt_loss=0.0203  exact_accuracy=0.4643  accuracy=0.8629  jacobian_reg=0.0000  deq_iters=5.0000  deq_resid=1.0000  lr=0.0001  dt/50=30.30s eta=22h09m
  step=  12600  lm_loss=0.6603  q_halt_loss=0.0205  exact_accuracy=0.4500  accuracy=0.8330  jacobian_reg=0.0000  deq_iters=5.0000  deq_resid=1.0000  lr=0.0001  dt/50=30.30s eta=22h08m
  step=  12650  lm_loss=0.6411  q_halt_loss=0.0203  exact_accuracy=0.6316  accuracy=0.9129  jacobian_reg=0.0000  deq_iters=5.0000  deq_resid=1.0000  lr=0.0001  dt/50=30.29s eta=22h07m
  step=  12700  lm_loss=0.6232  q_halt_loss=0.0018  exact_accuracy=0.7073  accuracy=0.9313  jacobian_reg=0.0000  deq_iters=5.0000  deq_resid=1.0000  lr=0.0001  dt/50=30.30s eta=22h05m
  step=  12750  lm_loss=0.6546  q_halt_loss=0.0168  exact_accuracy=0.3103  accuracy=0.8242  jacobian_reg=0.0000  deq_iters=5.0000  deq_resid=1.0000  lr=0.0001  dt/50=30.30s eta=22h04m
  step=  12800  lm_loss=0.6656  q_halt_loss=0.0196  exact_accuracy=0.6538  accuracy=0.8955  jacobian_reg=0.0000  deq_iters=5.0000  deq_resid=1.0000  lr=0.0001  dt/50=30.30s eta=22h03m
  step=  12850  lm_loss=0.6577  q_halt_loss=0.0044  exact_accuracy=0.5417  accuracy=0.8817  jacobian_reg=0.0000  deq_iters=5.0000  deq_resid=1.0000  lr=0.0001  dt/50=30.30s eta=22h02m
  step=  12900  lm_loss=0.6396  q_halt_loss=0.0143  exact_accuracy=0.6389  accuracy=0.8824  jacobian_reg=0.0000  deq_iters=5.0000  deq_resid=1.0000  lr=0.0001  dt/50=30.30s eta=22h01m
  step=  12950  lm_loss=0.6446  q_halt_loss=0.0302  exact_accuracy=0.7105  accuracy=0.9327  jacobian_reg=0.0000  deq_iters=5.0000  deq_resid=1.0000  lr=0.0001  dt/50=30.30s eta=22h00m
  step=  13000  lm_loss=0.6514  q_halt_loss=0.0107  exact_accuracy=0.5172  accuracy=0.8740  jacobian_reg=0.0000  deq_iters=5.0000  deq_resid=1.0000  lr=0.0001  dt/50=30.30s eta=21h59m
  eval batch 100  steps=16  elapsed=872.5s
  eval batch 200  steps=16  elapsed=1739.8s
[Sun May  3 09:07:54 2026] EVAL step=13020  metrics={'eval/count': 58353.0, 'eval/accuracy': 0.7522191179116755, 'eval/exact_accuracy': 0.26937775264339453, 'eval/q_halt_accuracy': 0.9912943636145528, 'eval/steps': 12.31132932325673, 'eval/lm_loss': 0.714732106850491, 'eval/q_halt_loss': 0.028115479214329168, 'eval/jacobian_reg': 0.0, 'eval/n_batches': 201, 'eval/avg_inference_steps': 15.92039800995025, 'eval/elapsed_s': 1739.8447501659393}
  checkpoint -> /scratch1/feinashl/eqlm_sudoku/run-trm-deq-30m/last.pt
[Sun May  3 09:07:54 2026] Outer iter 1/10 (epoch=5000)
  step=  13050  lm_loss=0.6547  q_halt_loss=0.0343  exact_accuracy=0.4375  accuracy=0.8503  jacobian_reg=0.0000  deq_iters=5.0000  deq_resid=1.0000  lr=0.0001  dt/50=1770.35s eta=26h18m
  step=  13100  lm_loss=0.6689  q_halt_loss=0.0446  exact_accuracy=0.5909  accuracy=0.8681  jacobian_reg=0.0000  deq_iters=5.0000  deq_resid=1.0000  lr=0.0001  dt/50=30.27s eta=26h16m
  step=  13150  lm_loss=0.6359  q_halt_loss=0.0223  exact_accuracy=0.6667  accuracy=0.9158  jacobian_reg=0.0000  deq_iters=5.0000  deq_resid=1.0000  lr=0.0001  dt/50=30.27s eta=26h14m
  step=  13200  lm_loss=0.6492  q_halt_loss=0.0009  exact_accuracy=0.3750  accuracy=0.8160  jacobian_reg=0.0000  deq_iters=5.0000  deq_resid=1.0000  lr=0.0001  dt/50=30.39s eta=26h12m
  step=  13250  lm_loss=0.6488  q_halt_loss=0.0071  exact_accuracy=0.5938  accuracy=0.8900  jacobian_reg=0.0000  deq_iters=5.0000  deq_resid=1.0000  lr=0.0001  dt/50=30.27s eta=26h09m
  step=  13300  lm_loss=0.6756  q_halt_loss=0.0139  exact_accuracy=0.4444  accuracy=0.8224  jacobian_reg=0.0000  deq_iters=5.0000  deq_resid=1.0000  lr=0.0001  dt/50=30.28s eta=26h07m
  step=  13350  lm_loss=0.6543  q_halt_loss=0.0134  exact_accuracy=0.4762  accuracy=0.8548  jacobian_reg=0.0000  deq_iters=5.0000  deq_resid=1.0000  lr=0.0001  dt/50=30.27s eta=26h05m
  step=  13400  lm_loss=0.6893  q_halt_loss=0.0214  exact_accuracy=0.5312  accuracy=0.8735  jacobian_reg=0.0000  deq_iters=5.0000  deq_resid=1.0000  lr=0.0001  dt/50=30.27s eta=26h03m
  step=  13450  lm_loss=0.6500  q_halt_loss=0.0026  exact_accuracy=0.6222  accuracy=0.8974  jacobian_reg=0.0000  deq_iters=5.0000  deq_resid=1.0000  lr=0.0001  dt/50=30.27s eta=26h01m
  step=  13500  lm_loss=0.6440  q_halt_loss=0.0044  exact_accuracy=0.5500  accuracy=0.8836  jacobian_reg=0.0000  deq_iters=5.0000  deq_resid=1.0000  lr=0.0001  dt/50=30.27s eta=25h59m
  step=  13550  lm_loss=0.6390  q_halt_loss=0.0126  exact_accuracy=0.4231  accuracy=0.8376  jacobian_reg=0.0000  deq_iters=5.0000  deq_resid=1.0000  lr=0.0001  dt/50=30.27s eta=25h57m
  step=  13600  lm_loss=0.6454  q_halt_loss=0.0182  exact_accuracy=0.6486  accuracy=0.8926  jacobian_reg=0.0000  deq_iters=5.0000  deq_resid=1.0000  lr=0.0001  dt/50=30.27s eta=25h55m
  step=  13650  lm_loss=0.6727  q_halt_loss=0.0042  exact_accuracy=0.5000  accuracy=0.8609  jacobian_reg=0.0000  deq_iters=5.0000  deq_resid=1.0000  lr=0.0001  dt/50=30.27s eta=25h53m
  step=  13700  lm_loss=0.6380  q_halt_loss=0.0140  exact_accuracy=0.6000  accuracy=0.8984  jacobian_reg=0.0000  deq_iters=5.0000  deq_resid=1.0000  lr=0.0001  dt/50=30.27s eta=25h51m
  step=  13750  lm_loss=0.6198  q_halt_loss=0.0133  exact_accuracy=0.8113  accuracy=0.9283  jacobian_reg=0.0000  deq_iters=5.0000  deq_resid=1.0000  lr=0.0001  dt/50=30.27s eta=25h49m
  step=  13800  lm_loss=0.6232  q_halt_loss=0.0019  exact_accuracy=0.7188  accuracy=0.9279  jacobian_reg=0.0000  deq_iters=5.0000  deq_resid=1.0000  lr=0.0001  dt/50=30.27s eta=25h47m
  step=  13850  lm_loss=0.6339  q_halt_loss=0.0198  exact_accuracy=0.6190  accuracy=0.8868  jacobian_reg=0.0000  deq_iters=5.0000  deq_resid=1.0000  lr=0.0001  dt/50=30.27s eta=25h45m
  step=  13900  lm_loss=0.6317  q_halt_loss=0.0374  exact_accuracy=0.5714  accuracy=0.8700  jacobian_reg=0.0000  deq_iters=5.0000  deq_resid=1.0000  lr=0.0001  dt/50=30.27s eta=25h43m
  step=  13950  lm_loss=0.6541  q_halt_loss=0.0028  exact_accuracy=0.5000  accuracy=0.8725  jacobian_reg=0.0000  deq_iters=5.0000  deq_resid=1.0000  lr=0.0001  dt/50=30.27s eta=25h41m
  step=  14000  lm_loss=0.6448  q_halt_loss=0.0252  exact_accuracy=0.7455  accuracy=0.9309  jacobian_reg=0.0000  deq_iters=5.0000  deq_resid=1.0000  lr=0.0001  dt/50=30.27s eta=25h39m
  step=  14050  lm_loss=0.6186  q_halt_loss=0.0134  exact_accuracy=0.6047  accuracy=0.9030  jacobian_reg=0.0000  deq_iters=5.0000  deq_resid=1.0000  lr=0.0001  dt/50=30.27s eta=25h37m
  step=  14100  lm_loss=0.6523  q_halt_loss=0.0015  exact_accuracy=0.5161  accuracy=0.8730  jacobian_reg=0.0000  deq_iters=5.0000  deq_resid=1.0000  lr=0.0001  dt/50=30.39s eta=25h35m
  step=  14150  lm_loss=0.6864  q_halt_loss=0.0249  exact_accuracy=0.6750  accuracy=0.9043  jacobian_reg=0.0000  deq_iters=5.0000  deq_resid=1.0000  lr=0.0001  dt/50=30.27s eta=25h33m
  step=  14200  lm_loss=0.6402  q_halt_loss=0.0400  exact_accuracy=0.5800  accuracy=0.8941  jacobian_reg=0.0000  deq_iters=5.0000  deq_resid=1.0000  lr=0.0001  dt/50=30.27s eta=25h31m
  step=  14250  lm_loss=0.6435  q_halt_loss=0.0042  exact_accuracy=0.5294  accuracy=0.8747  jacobian_reg=0.0000  deq_iters=5.0000  deq_resid=1.0000  lr=0.0001  dt/50=30.27s eta=25h29m
  step=  14300  lm_loss=0.6437  q_halt_loss=0.0018  exact_accuracy=0.4565  accuracy=0.8325  jacobian_reg=0.0000  deq_iters=5.0000  deq_resid=1.0000  lr=0.0001  dt/50=30.27s eta=25h27m
  step=  14350  lm_loss=0.6444  q_halt_loss=0.0204  exact_accuracy=0.7000  accuracy=0.9170  jacobian_reg=0.0000  deq_iters=5.0000  deq_resid=1.0000  lr=0.0001  dt/50=30.27s eta=25h25m
  step=  14400  lm_loss=0.6699  q_halt_loss=0.0025  exact_accuracy=0.4800  accuracy=0.8281  jacobian_reg=0.0000  deq_iters=5.0000  deq_resid=1.0000  lr=0.0001  dt/50=30.27s eta=25h23m
  step=  14450  lm_loss=0.6501  q_halt_loss=0.0360  exact_accuracy=0.4688  accuracy=0.8600  jacobian_reg=0.0000  deq_iters=5.0000  deq_resid=1.0000  lr=0.0001  dt/50=30.27s eta=25h21m
  step=  14500  lm_loss=0.6613  q_halt_loss=0.0153  exact_accuracy=0.6905  accuracy=0.9101  jacobian_reg=0.0000  deq_iters=5.0000  deq_resid=1.0000  lr=0.0001  dt/50=30.27s eta=25h19m
  step=  14550  lm_loss=0.6439  q_halt_loss=0.0066  exact_accuracy=0.7105  accuracy=0.9152  jacobian_reg=0.0000  deq_iters=5.0000  deq_resid=1.0000  lr=0.0001  dt/50=30.27s eta=25h18m
  step=  14600  lm_loss=0.6634  q_halt_loss=0.0053  exact_accuracy=0.4333  accuracy=0.8325  jacobian_reg=0.0000  deq_iters=5.0000  deq_resid=1.0000  lr=0.0001  dt/50=30.27s eta=25h16m
  step=  14650  lm_loss=0.6296  q_halt_loss=0.0151  exact_accuracy=0.5532  accuracy=0.8679  jacobian_reg=0.0000  deq_iters=5.0000  deq_resid=1.0000  lr=0.0001  dt/50=30.27s eta=25h14m
  step=  14700  lm_loss=0.6667  q_halt_loss=0.0032  exact_accuracy=0.4839  accuracy=0.8415  jacobian_reg=0.0000  deq_iters=5.0000  deq_resid=1.0000  lr=0.0001  dt/50=30.28s eta=25h12m
  step=  14750  lm_loss=0.6521  q_halt_loss=0.0024  exact_accuracy=0.5909  accuracy=0.8810  jacobian_reg=0.0000  deq_iters=5.0000  deq_resid=1.0000  lr=0.0001  dt/50=30.27s eta=25h10m
  step=  14800  lm_loss=0.6468  q_halt_loss=0.0334  exact_accuracy=0.6957  accuracy=0.9208  jacobian_reg=0.0000  deq_iters=5.0000  deq_resid=1.0000  lr=0.0001  dt/50=30.27s eta=25h08m
  step=  14850  lm_loss=0.6322  q_halt_loss=0.0444  exact_accuracy=0.6500  accuracy=0.9059  jacobian_reg=0.0000  deq_iters=5.0000  deq_resid=1.0000  lr=0.0001  dt/50=30.27s eta=25h07m
[2026-05-03T09:26:50.756] error: *** JOB 3407430 ON c03-06 CANCELLED AT 2026-05-03T09:26:50 DUE to SIGNAL Terminated ***
