==========================================
SLURM_JOB_ID = 3460718
SLURM_JOB_NODELIST = c03-06
TMPDIR = /tmp/SLURM_3460718
==========================================
==========================================
SLURM_JOB_ID = 3460718
SLURM_JOB_NODELIST = c03-06
==========================================
/apps/spack/2406/apps/linux-rocky8-x86_64_v3/gcc-13.3.0/python-3.11.9-x74mtjf/bin/python
NVIDIA H200 NVL, 143771 MiB, 0 MiB, 143157 MiB
NVIDIA H200 NVL, 143771 MiB, 0 MiB, 143157 MiB
NVIDIA H200 NVL, 143771 MiB, 0 MiB, 143157 MiB
W0510 17:40:32.454000 1695311 site-packages/torch/distributed/run.py:803] 
W0510 17:40:32.454000 1695311 site-packages/torch/distributed/run.py:803] *****************************************
W0510 17:40:32.454000 1695311 site-packages/torch/distributed/run.py:803] Setting OMP_NUM_THREADS environment variable for each process to be 1 in default, to avoid your system being overloaded, please further tune the variable for optimal performance in your application as needed. 
W0510 17:40:32.454000 1695311 site-packages/torch/distributed/run.py:803] *****************************************
[Sun May 10 17:40:37 2026] host=c03-06.hpc.usc.edu world=3
  data_dir=/scratch1/feinashl/data/arc1concept-aug-1000  out_dir=/scratch1/feinashl/eqlm_sudoku/trm-deq-arc-30m
  metadata: {'pad_id': 0, 'ignore_label_id': 0, 'blank_identifier_id': 0, 'vocab_size': 12, 'seq_len': 900, 'num_puzzle_identifiers': 876406, 'total_groups': 960, 'mean_puzzle_examples': 4.1458115825446, 'total_puzzles': 876405, 'sets': ['all']}
TRMDEQ(
  (inner): TRMDEQ_Inner(
    (embed_tokens): CastedEmbedding()
    (lm_head): CastedLinear()
    (q_head): CastedLinear()
    (puzzle_emb): CastedSparseEmbedding()
    (rotary_emb): RotaryEmbedding()
    (L_level): TinyRecursiveReasoningModel_ACTV1ReasoningModule(
      (layers): ModuleList(
        (0-7): 8 x TinyRecursiveReasoningModel_ACTV1Block(
          (self_attn): Attention(
            (qkv_proj): CastedLinear()
            (o_proj): CastedLinear()
          )
          (mlp): SwiGLU(
            (gate_up_proj): CastedLinear()
            (down_proj): CastedLinear()
          )
        )
      )
    )
    (inner_deq): _InnerDEQ()
  )
)
  TRM-DEQ params: 27.276M
  L_layers=8  H_cycles=3  DEQ inner: max_iter=8 min_iter=4 tol=0.001
  bptt_through=2  jacobian_reg_lambda=0.0
  halt_max_steps=16
  ARC evaluator enabled: 400 test puzzles
  total optim steps target = 2,072,905
[Sun May 10 17:40:40 2026] Outer iter 0/100 (epoch=0)
[rank2]:[W510 17:40:46.158467031 reducer.cpp:1431] Warning: find_unused_parameters=True was specified in DDP constructor, but did not find any unused parameters in the forward pass. This flag results in an extra traversal of the autograd graph every iteration,  which can adversely affect performance. If your model indeed never has any unused parameters in the forward pass, consider turning this flag off. Note that this warning may be a false positive if your model has flow control causing later iterations to have unused parameters. (function operator())
[rank0]:[W510 17:40:46.388896965 reducer.cpp:1431] Warning: find_unused_parameters=True was specified in DDP constructor, but did not find any unused parameters in the forward pass. This flag results in an extra traversal of the autograd graph every iteration,  which can adversely affect performance. If your model indeed never has any unused parameters in the forward pass, consider turning this flag off. Note that this warning may be a false positive if your model has flow control causing later iterations to have unused parameters. (function operator())
[rank1]:[W510 17:40:46.448813706 reducer.cpp:1431] Warning: find_unused_parameters=True was specified in DDP constructor, but did not find any unused parameters in the forward pass. This flag results in an extra traversal of the autograd graph every iteration,  which can adversely affect performance. If your model indeed never has any unused parameters in the forward pass, consider turning this flag off. Note that this warning may be a false positive if your model has flow control causing later iterations to have unused parameters. (function operator())
  step=     50  lm_loss=2.5106  q_halt_loss=0.0067  exact_accuracy=0.0000  accuracy=0.0000  jacobian_reg=0.0000  deq_iters=5.0000  deq_resid=1.0000  lr=0.0000  dt/50=107.40s eta=1236h46m
  step=    100  lm_loss=2.1626  q_halt_loss=0.0065  exact_accuracy=0.0000  accuracy=0.0000  jacobian_reg=0.0000  deq_iters=5.0000  deq_resid=1.0000  lr=0.0000  dt/50=102.82s eta=1210h22m
  step=    150  lm_loss=1.8574  q_halt_loss=0.0058  exact_accuracy=0.0000  accuracy=0.0000  jacobian_reg=0.0000  deq_iters=5.0000  deq_resid=1.0000  lr=0.0000  dt/50=102.81s eta=1201h32m
  step=    200  lm_loss=1.8292  q_halt_loss=0.0052  exact_accuracy=0.0000  accuracy=0.0000  jacobian_reg=0.0000  deq_iters=5.0000  deq_resid=1.0000  lr=0.0000  dt/50=102.81s eta=1197h05m
  step=    250  lm_loss=1.8211  q_halt_loss=0.0045  exact_accuracy=0.0000  accuracy=0.0000  jacobian_reg=0.0000  deq_iters=5.0000  deq_resid=1.0000  lr=0.0000  dt/50=102.81s eta=1194h24m
  step=    300  lm_loss=1.6177  q_halt_loss=0.0039  exact_accuracy=0.0000  accuracy=0.0000  jacobian_reg=0.0000  deq_iters=5.0000  deq_resid=1.0000  lr=0.0000  dt/50=102.81s eta=1192h37m
  step=    350  lm_loss=1.6094  q_halt_loss=0.0031  exact_accuracy=0.0000  accuracy=0.0000  jacobian_reg=0.0000  deq_iters=5.0000  deq_resid=1.0000  lr=0.0000  dt/50=102.81s eta=1191h20m
  step=    400  lm_loss=1.5423  q_halt_loss=0.0028  exact_accuracy=0.0000  accuracy=0.4730  jacobian_reg=0.0000  deq_iters=5.0000  deq_resid=1.0000  lr=0.0000  dt/50=102.81s eta=1190h21m
  step=    450  lm_loss=1.7178  q_halt_loss=0.0020  exact_accuracy=0.0000  accuracy=0.0000  jacobian_reg=0.0000  deq_iters=5.0000  deq_resid=1.0000  lr=0.0000  dt/50=102.81s eta=1189h36m
  step=    500  lm_loss=1.6184  q_halt_loss=0.0017  exact_accuracy=0.0000  accuracy=0.0000  jacobian_reg=0.0000  deq_iters=5.0000  deq_resid=1.0000  lr=0.0000  dt/50=102.81s eta=1188h59m
  step=    550  lm_loss=1.4733  q_halt_loss=0.0013  exact_accuracy=0.0000  accuracy=0.0000  jacobian_reg=0.0000  deq_iters=5.0000  deq_resid=1.0000  lr=0.0000  dt/50=102.81s eta=1188h28m
  step=    600  lm_loss=1.5064  q_halt_loss=0.0012  exact_accuracy=0.0000  accuracy=0.0000  jacobian_reg=0.0000  deq_iters=5.0000  deq_resid=1.0000  lr=0.0000  dt/50=102.80s eta=1188h02m
  step=    650  lm_loss=1.3207  q_halt_loss=0.0009  exact_accuracy=0.0000  accuracy=0.0000  jacobian_reg=0.0000  deq_iters=5.0000  deq_resid=1.0000  lr=0.0000  dt/50=102.82s eta=1187h40m
  step=    700  lm_loss=1.3291  q_halt_loss=0.0009  exact_accuracy=0.0000  accuracy=0.0000  jacobian_reg=0.0000  deq_iters=5.0000  deq_resid=1.0000  lr=0.0000  dt/50=102.80s eta=1187h20m
  step=    750  lm_loss=1.3082  q_halt_loss=0.0008  exact_accuracy=0.0000  accuracy=0.0000  jacobian_reg=0.0000  deq_iters=5.0000  deq_resid=1.0000  lr=0.0000  dt/50=102.81s eta=1187h04m
  step=    800  lm_loss=1.2267  q_halt_loss=0.0005  exact_accuracy=0.0000  accuracy=0.5318  jacobian_reg=0.0000  deq_iters=5.0000  deq_resid=1.0000  lr=0.0000  dt/50=102.82s eta=1186h49m
  step=    850  lm_loss=1.6263  q_halt_loss=0.0002  exact_accuracy=0.0000  accuracy=0.0000  jacobian_reg=0.0000  deq_iters=5.0000  deq_resid=1.0000  lr=0.0000  dt/50=102.83s eta=1186h36m
  step=    900  lm_loss=1.5028  q_halt_loss=0.0003  exact_accuracy=0.0000  accuracy=0.0000  jacobian_reg=0.0000  deq_iters=5.0000  deq_resid=1.0000  lr=0.0000  dt/50=102.82s eta=1186h25m
  step=    950  lm_loss=1.3593  q_halt_loss=0.0002  exact_accuracy=0.0000  accuracy=0.0000  jacobian_reg=0.0000  deq_iters=5.0000  deq_resid=1.0000  lr=0.0000  dt/50=102.82s eta=1186h14m
  step=   1000  lm_loss=1.3330  q_halt_loss=0.0001  exact_accuracy=0.0000  accuracy=0.0000  jacobian_reg=0.0000  deq_iters=5.0000  deq_resid=1.0000  lr=0.0000  dt/50=102.83s eta=1186h04m
  step=   1050  lm_loss=1.2692  q_halt_loss=0.0001  exact_accuracy=0.0000  accuracy=0.0000  jacobian_reg=0.0000  deq_iters=5.0000  deq_resid=1.0000  lr=0.0001  dt/50=102.82s eta=1185h55m
  step=   1100  lm_loss=1.2780  q_halt_loss=0.0001  exact_accuracy=0.0000  accuracy=0.0000  jacobian_reg=0.0000  deq_iters=5.0000  deq_resid=1.0000  lr=0.0001  dt/50=102.81s eta=1185h47m
  step=   1150  lm_loss=1.1912  q_halt_loss=0.0001  exact_accuracy=0.0000  accuracy=0.0000  jacobian_reg=0.0000  deq_iters=5.0000  deq_resid=1.0000  lr=0.0001  dt/50=102.81s eta=1185h39m
  step=   1200  lm_loss=1.1914  q_halt_loss=0.0001  exact_accuracy=0.0000  accuracy=0.5159  jacobian_reg=0.0000  deq_iters=5.0000  deq_resid=1.0000  lr=0.0001  dt/50=102.81s eta=1185h31m
  step=   1250  lm_loss=1.6140  q_halt_loss=0.0000  exact_accuracy=0.0000  accuracy=0.0000  jacobian_reg=0.0000  deq_iters=5.0000  deq_resid=1.0000  lr=0.0001  dt/50=102.81s eta=1185h24m
  step=   1300  lm_loss=1.3826  q_halt_loss=0.0000  exact_accuracy=0.0000  accuracy=0.0000  jacobian_reg=0.0000  deq_iters=5.0000  deq_resid=1.0000  lr=0.0001  dt/50=102.82s eta=1185h18m
  step=   1350  lm_loss=1.2450  q_halt_loss=0.0001  exact_accuracy=0.0000  accuracy=0.0000  jacobian_reg=0.0000  deq_iters=5.0000  deq_resid=1.0000  lr=0.0001  dt/50=102.82s eta=1185h12m
  step=   1400  lm_loss=1.3145  q_halt_loss=0.0000  exact_accuracy=0.0000  accuracy=0.0000  jacobian_reg=0.0000  deq_iters=5.0000  deq_resid=1.0000  lr=0.0001  dt/50=102.83s eta=1185h06m
  step=   1450  lm_loss=1.2059  q_halt_loss=0.0000  exact_accuracy=0.0000  accuracy=0.0000  jacobian_reg=0.0000  deq_iters=5.0000  deq_resid=1.0000  lr=0.0001  dt/50=102.83s eta=1185h01m
  step=   1500  lm_loss=1.1990  q_halt_loss=0.0000  exact_accuracy=0.0000  accuracy=0.0000  jacobian_reg=0.0000  deq_iters=5.0000  deq_resid=1.0000  lr=0.0001  dt/50=102.84s eta=1184h56m
  step=   1550  lm_loss=1.2411  q_halt_loss=0.0001  exact_accuracy=0.0000  accuracy=0.0000  jacobian_reg=0.0000  deq_iters=5.0000  deq_resid=1.0000  lr=0.0001  dt/50=102.83s eta=1184h51m
  step=   1600  lm_loss=1.2365  q_halt_loss=0.0000  exact_accuracy=0.0000  accuracy=0.5025  jacobian_reg=0.0000  deq_iters=5.0000  deq_resid=1.0000  lr=0.0001  dt/50=102.83s eta=1184h47m
  step=   1650  lm_loss=1.5973  q_halt_loss=0.0000  exact_accuracy=0.0000  accuracy=0.0000  jacobian_reg=0.0000  deq_iters=5.0000  deq_resid=1.0000  lr=0.0001  dt/50=102.83s eta=1184h42m
  step=   1700  lm_loss=1.2928  q_halt_loss=0.0000  exact_accuracy=0.0000  accuracy=0.0000  jacobian_reg=0.0000  deq_iters=5.0000  deq_resid=1.0000  lr=0.0001  dt/50=102.83s eta=1184h38m
  step=   1750  lm_loss=1.3553  q_halt_loss=0.0000  exact_accuracy=0.0000  accuracy=0.0000  jacobian_reg=0.0000  deq_iters=5.0000  deq_resid=1.0000  lr=0.0001  dt/50=102.82s eta=1184h34m
  step=   1800  lm_loss=1.3156  q_halt_loss=0.0000  exact_accuracy=0.0000  accuracy=0.0000  jacobian_reg=0.0000  deq_iters=5.0000  deq_resid=1.0000  lr=0.0001  dt/50=102.82s eta=1184h30m
  step=   1850  lm_loss=1.2243  q_halt_loss=0.0000  exact_accuracy=0.0000  accuracy=0.0000  jacobian_reg=0.0000  deq_iters=5.0000  deq_resid=1.0000  lr=0.0001  dt/50=102.82s eta=1184h26m
  step=   1900  lm_loss=1.2560  q_halt_loss=0.0000  exact_accuracy=0.0000  accuracy=0.0000  jacobian_reg=0.0000  deq_iters=5.0000  deq_resid=1.0000  lr=0.0001  dt/50=102.83s eta=1184h22m
  step=   1950  lm_loss=1.1948  q_halt_loss=0.0000  exact_accuracy=0.0000  accuracy=0.0000  jacobian_reg=0.0000  deq_iters=5.0000  deq_resid=1.0000  lr=0.0001  dt/50=102.83s eta=1184h18m
  step=   2000  lm_loss=1.2022  q_halt_loss=0.0000  exact_accuracy=0.0000  accuracy=0.5185  jacobian_reg=0.0000  deq_iters=5.0000  deq_resid=1.0000  lr=0.0001  dt/50=102.82s eta=1184h15m
  step=   2050  lm_loss=1.7105  q_halt_loss=0.0000  exact_accuracy=0.0000  accuracy=0.0000  jacobian_reg=0.0000  deq_iters=5.0000  deq_resid=1.0000  lr=0.0001  dt/50=102.81s eta=1184h11m
  step=   2100  lm_loss=1.3684  q_halt_loss=0.0000  exact_accuracy=0.0000  accuracy=0.0000  jacobian_reg=0.0000  deq_iters=5.0000  deq_resid=1.0000  lr=0.0001  dt/50=102.81s eta=1184h07m
  step=   2150  lm_loss=1.3009  q_halt_loss=0.0000  exact_accuracy=0.0000  accuracy=0.0000  jacobian_reg=0.0000  deq_iters=5.0000  deq_resid=1.0000  lr=0.0001  dt/50=102.81s eta=1184h03m
  step=   2200  lm_loss=1.3051  q_halt_loss=0.0000  exact_accuracy=0.0000  accuracy=0.0000  jacobian_reg=0.0000  deq_iters=5.0000  deq_resid=1.0000  lr=0.0001  dt/50=102.81s eta=1184h00m
  step=   2250  lm_loss=1.2554  q_halt_loss=0.0000  exact_accuracy=0.0000  accuracy=0.0000  jacobian_reg=0.0000  deq_iters=5.0000  deq_resid=1.0000  lr=0.0001  dt/50=102.81s eta=1183h56m
  step=   2300  lm_loss=1.1913  q_halt_loss=0.0000  exact_accuracy=0.0000  accuracy=0.0000  jacobian_reg=0.0000  deq_iters=5.0000  deq_resid=1.0000  lr=0.0001  dt/50=102.81s eta=1183h53m
  step=   2350  lm_loss=1.1567  q_halt_loss=0.0000  exact_accuracy=0.0000  accuracy=0.0000  jacobian_reg=0.0000  deq_iters=5.0000  deq_resid=1.0000  lr=0.0001  dt/50=102.80s eta=1183h50m
  step=   2400  lm_loss=1.1487  q_halt_loss=0.0000  exact_accuracy=0.0000  accuracy=0.5562  jacobian_reg=0.0000  deq_iters=5.0000  deq_resid=1.0000  lr=0.0001  dt/50=102.81s eta=1183h47m
  step=   2450  lm_loss=1.5225  q_halt_loss=0.0000  exact_accuracy=0.0000  accuracy=0.0000  jacobian_reg=0.0000  deq_iters=5.0000  deq_resid=1.0000  lr=0.0001  dt/50=102.79s eta=1183h43m
  step=   2500  lm_loss=1.3887  q_halt_loss=0.0000  exact_accuracy=0.0000  accuracy=0.0000  jacobian_reg=0.0000  deq_iters=5.0000  deq_resid=1.0000  lr=0.0001  dt/50=102.79s eta=1183h40m
  step=   2550  lm_loss=1.2701  q_halt_loss=0.0000  exact_accuracy=0.0000  accuracy=0.0000  jacobian_reg=0.0000  deq_iters=5.0000  deq_resid=1.0000  lr=0.0001  dt/50=102.81s eta=1183h37m
  step=   2600  lm_loss=1.2335  q_halt_loss=0.0000  exact_accuracy=0.0000  accuracy=0.0000  jacobian_reg=0.0000  deq_iters=5.0000  deq_resid=1.0000  lr=0.0001  dt/50=102.81s eta=1183h34m
  step=   2650  lm_loss=1.1827  q_halt_loss=0.0000  exact_accuracy=0.0000  accuracy=0.0000  jacobian_reg=0.0000  deq_iters=5.0000  deq_resid=1.0000  lr=0.0001  dt/50=102.80s eta=1183h31m
  step=   2700  lm_loss=1.2448  q_halt_loss=0.0000  exact_accuracy=0.0000  accuracy=0.0000  jacobian_reg=0.0000  deq_iters=5.0000  deq_resid=1.0000  lr=0.0001  dt/50=102.79s eta=1183h27m
  step=   2750  lm_loss=1.1815  q_halt_loss=0.0000  exact_accuracy=0.0000  accuracy=0.0000  jacobian_reg=0.0000  deq_iters=5.0000  deq_resid=1.0000  lr=0.0001  dt/50=102.80s eta=1183h25m
  step=   2800  lm_loss=1.0901  q_halt_loss=0.0000  exact_accuracy=0.0000  accuracy=0.5600  jacobian_reg=0.0000  deq_iters=5.0000  deq_resid=1.0000  lr=0.0001  dt/50=102.81s eta=1183h22m
  step=   2850  lm_loss=1.5557  q_halt_loss=0.0000  exact_accuracy=0.0000  accuracy=0.0000  jacobian_reg=0.0000  deq_iters=5.0000  deq_resid=1.0000  lr=0.0001  dt/50=102.80s eta=1183h19m
  step=   2900  lm_loss=1.4213  q_halt_loss=0.0000  exact_accuracy=0.0000  accuracy=0.0000  jacobian_reg=0.0000  deq_iters=5.0000  deq_resid=1.0000  lr=0.0001  dt/50=102.80s eta=1183h16m
  step=   2950  lm_loss=1.1991  q_halt_loss=0.0000  exact_accuracy=0.0000  accuracy=0.0000  jacobian_reg=0.0000  deq_iters=5.0000  deq_resid=1.0000  lr=0.0001  dt/50=102.81s eta=1183h13m
  step=   3000  lm_loss=1.2049  q_halt_loss=0.0407  exact_accuracy=0.0000  accuracy=0.5238  jacobian_reg=0.0000  deq_iters=5.0000  deq_resid=1.0000  lr=0.0001  dt/50=102.82s eta=1183h11m
  step=   3050  lm_loss=1.2258  q_halt_loss=0.0000  exact_accuracy=0.0000  accuracy=0.0000  jacobian_reg=0.0000  deq_iters=5.0000  deq_resid=1.0000  lr=0.0001  dt/50=102.81s eta=1183h08m
  step=   3100  lm_loss=1.2083  q_halt_loss=0.0000  exact_accuracy=0.0000  accuracy=0.0000  jacobian_reg=0.0000  deq_iters=5.0000  deq_resid=1.0000  lr=0.0001  dt/50=102.81s eta=1183h06m
  step=   3150  lm_loss=1.1955  q_halt_loss=0.0000  exact_accuracy=0.0000  accuracy=0.0000  jacobian_reg=0.0000  deq_iters=5.0000  deq_resid=1.0000  lr=0.0001  dt/50=102.81s eta=1183h03m
  step=   3200  lm_loss=1.1258  q_halt_loss=0.0000  exact_accuracy=0.0000  accuracy=0.5442  jacobian_reg=0.0000  deq_iters=5.0000  deq_resid=1.0000  lr=0.0001  dt/50=102.83s eta=1183h01m
  step=   3250  lm_loss=1.5340  q_halt_loss=0.0000  exact_accuracy=0.0000  accuracy=0.0000  jacobian_reg=0.0000  deq_iters=5.0000  deq_resid=1.0000  lr=0.0001  dt/50=102.82s eta=1182h58m
  step=   3300  lm_loss=1.4522  q_halt_loss=0.0000  exact_accuracy=0.0000  accuracy=0.0000  jacobian_reg=0.0000  deq_iters=5.0000  deq_resid=1.0000  lr=0.0001  dt/50=102.81s eta=1182h56m
  step=   3350  lm_loss=1.1659  q_halt_loss=0.0000  exact_accuracy=0.0000  accuracy=0.0000  jacobian_reg=0.0000  deq_iters=5.0000  deq_resid=1.0000  lr=0.0001  dt/50=102.81s eta=1182h53m
  step=   3400  lm_loss=1.2437  q_halt_loss=0.0000  exact_accuracy=0.0000  accuracy=0.6061  jacobian_reg=0.0000  deq_iters=5.0000  deq_resid=1.0000  lr=0.0001  dt/50=102.83s eta=1182h51m
  step=   3450  lm_loss=1.1199  q_halt_loss=0.0000  exact_accuracy=0.0000  accuracy=0.0000  jacobian_reg=0.0000  deq_iters=5.0000  deq_resid=1.0000  lr=0.0001  dt/50=102.81s eta=1182h49m
  step=   3500  lm_loss=1.2201  q_halt_loss=0.0000  exact_accuracy=0.0000  accuracy=0.0000  jacobian_reg=0.0000  deq_iters=5.0000  deq_resid=1.0000  lr=0.0001  dt/50=102.82s eta=1182h46m
  step=   3550  lm_loss=1.1299  q_halt_loss=0.0000  exact_accuracy=0.0000  accuracy=0.0000  jacobian_reg=0.0000  deq_iters=5.0000  deq_resid=1.0000  lr=0.0001  dt/50=102.81s eta=1182h44m
  step=   3600  lm_loss=1.1649  q_halt_loss=0.0000  exact_accuracy=0.0000  accuracy=0.5424  jacobian_reg=0.0000  deq_iters=5.0000  deq_resid=1.0000  lr=0.0001  dt/50=102.81s eta=1182h42m
  step=   3650  lm_loss=1.5718  q_halt_loss=0.0000  exact_accuracy=0.0000  accuracy=0.0000  jacobian_reg=0.0000  deq_iters=5.0000  deq_resid=1.0000  lr=0.0001  dt/50=102.82s eta=1182h39m
  step=   3700  lm_loss=1.3087  q_halt_loss=0.0000  exact_accuracy=0.0000  accuracy=0.0000  jacobian_reg=0.0000  deq_iters=5.0000  deq_resid=1.0000  lr=0.0001  dt/50=102.82s eta=1182h37m
  step=   3750  lm_loss=1.3020  q_halt_loss=0.0000  exact_accuracy=0.0000  accuracy=0.0000  jacobian_reg=0.0000  deq_iters=5.0000  deq_resid=1.0000  lr=0.0001  dt/50=102.81s eta=1182h35m
  step=   3800  lm_loss=1.2346  q_halt_loss=0.0000  exact_accuracy=0.0000  accuracy=0.4103  jacobian_reg=0.0000  deq_iters=5.0000  deq_resid=1.0000  lr=0.0001  dt/50=102.82s eta=1182h33m
  step=   3850  lm_loss=1.1750  q_halt_loss=0.0000  exact_accuracy=0.0000  accuracy=0.0000  jacobian_reg=0.0000  deq_iters=5.0000  deq_resid=1.0000  lr=0.0001  dt/50=102.83s eta=1182h30m
  step=   3900  lm_loss=1.1836  q_halt_loss=0.0000  exact_accuracy=0.0000  accuracy=0.0000  jacobian_reg=0.0000  deq_iters=5.0000  deq_resid=1.0000  lr=0.0001  dt/50=102.83s eta=1182h28m
  step=   3950  lm_loss=1.1589  q_halt_loss=0.0000  exact_accuracy=0.0000  accuracy=0.0000  jacobian_reg=0.0000  deq_iters=5.0000  deq_resid=1.0000  lr=0.0001  dt/50=102.83s eta=1182h26m
  step=   4000  lm_loss=1.1786  q_halt_loss=0.0000  exact_accuracy=0.0000  accuracy=0.5469  jacobian_reg=0.0000  deq_iters=5.0000  deq_resid=1.0000  lr=0.0001  dt/50=102.82s eta=1182h24m
  step=   4050  lm_loss=1.4873  q_halt_loss=0.0000  exact_accuracy=0.0000  accuracy=0.0000  jacobian_reg=0.0000  deq_iters=5.0000  deq_resid=1.0000  lr=0.0001  dt/50=102.82s eta=1182h22m
  step=   4100  lm_loss=1.3307  q_halt_loss=0.0000  exact_accuracy=0.0000  accuracy=0.0000  jacobian_reg=0.0000  deq_iters=5.0000  deq_resid=1.0000  lr=0.0001  dt/50=102.84s eta=1182h20m
  step=   4150  lm_loss=1.1537  q_halt_loss=0.0000  exact_accuracy=0.0000  accuracy=0.0000  jacobian_reg=0.0000  deq_iters=5.0000  deq_resid=1.0000  lr=0.0001  dt/50=102.82s eta=1182h18m
  step=   4200  lm_loss=1.1545  q_halt_loss=0.0000  exact_accuracy=0.0000  accuracy=0.4366  jacobian_reg=0.0000  deq_iters=5.0000  deq_resid=1.0000  lr=0.0001  dt/50=102.83s eta=1182h16m
  step=   4250  lm_loss=1.1841  q_halt_loss=0.0000  exact_accuracy=0.0000  accuracy=0.0000  jacobian_reg=0.0000  deq_iters=5.0000  deq_resid=1.0000  lr=0.0001  dt/50=102.83s eta=1182h14m
  step=   4300  lm_loss=1.1647  q_halt_loss=0.0000  exact_accuracy=0.0000  accuracy=0.0000  jacobian_reg=0.0000  deq_iters=5.0000  deq_resid=1.0000  lr=0.0001  dt/50=102.81s eta=1182h12m
  step=   4350  lm_loss=1.2019  q_halt_loss=0.0000  exact_accuracy=0.0000  accuracy=0.0000  jacobian_reg=0.0000  deq_iters=5.0000  deq_resid=1.0000  lr=0.0001  dt/50=102.81s eta=1182h09m
  step=   4400  lm_loss=1.1168  q_halt_loss=0.0000  exact_accuracy=0.0000  accuracy=0.5654  jacobian_reg=0.0000  deq_iters=5.0000  deq_resid=1.0000  lr=0.0001  dt/50=102.82s eta=1182h07m
  step=   4450  lm_loss=1.5284  q_halt_loss=0.0000  exact_accuracy=0.0000  accuracy=0.0000  jacobian_reg=0.0000  deq_iters=5.0000  deq_resid=1.0000  lr=0.0001  dt/50=102.82s eta=1182h05m
  step=   4500  lm_loss=1.2890  q_halt_loss=0.0000  exact_accuracy=0.0000  accuracy=0.0000  jacobian_reg=0.0000  deq_iters=5.0000  deq_resid=1.0000  lr=0.0001  dt/50=102.82s eta=1182h03m
  step=   4550  lm_loss=1.3073  q_halt_loss=0.0000  exact_accuracy=0.0000  accuracy=0.0000  jacobian_reg=0.0000  deq_iters=5.0000  deq_resid=1.0000  lr=0.0001  dt/50=102.82s eta=1182h01m
  step=   4600  lm_loss=1.2108  q_halt_loss=0.0000  exact_accuracy=0.0000  accuracy=0.3871  jacobian_reg=0.0000  deq_iters=5.0000  deq_resid=1.0000  lr=0.0001  dt/50=102.81s eta=1181h59m
  step=   4650  lm_loss=1.2044  q_halt_loss=0.0000  exact_accuracy=0.0000  accuracy=0.0000  jacobian_reg=0.0000  deq_iters=5.0000  deq_resid=1.0000  lr=0.0001  dt/50=102.81s eta=1181h57m
  step=   4700  lm_loss=1.2479  q_halt_loss=0.0000  exact_accuracy=0.0000  accuracy=0.0000  jacobian_reg=0.0000  deq_iters=5.0000  deq_resid=1.0000  lr=0.0001  dt/50=102.82s eta=1181h55m
  step=   4750  lm_loss=1.2140  q_halt_loss=0.0000  exact_accuracy=0.0000  accuracy=0.0000  jacobian_reg=0.0000  deq_iters=5.0000  deq_resid=1.0000  lr=0.0001  dt/50=102.81s eta=1181h53m
  step=   4800  lm_loss=1.1951  q_halt_loss=0.0000  exact_accuracy=0.0000  accuracy=0.5333  jacobian_reg=0.0000  deq_iters=5.0000  deq_resid=1.0000  lr=0.0001  dt/50=102.83s eta=1181h51m
  step=   4850  lm_loss=1.4242  q_halt_loss=0.0000  exact_accuracy=0.0000  accuracy=0.0000  jacobian_reg=0.0000  deq_iters=5.0000  deq_resid=1.0000  lr=0.0001  dt/50=102.82s eta=1181h49m
  step=   4900  lm_loss=1.3161  q_halt_loss=0.0000  exact_accuracy=0.0000  accuracy=0.0000  jacobian_reg=0.0000  deq_iters=5.0000  deq_resid=1.0000  lr=0.0001  dt/50=102.84s eta=1181h47m
  step=   4950  lm_loss=1.2033  q_halt_loss=0.0000  exact_accuracy=0.0000  accuracy=0.0000  jacobian_reg=0.0000  deq_iters=5.0000  deq_resid=1.0000  lr=0.0001  dt/50=102.83s eta=1181h45m
  step=   5000  lm_loss=1.2380  q_halt_loss=0.0000  exact_accuracy=0.0000  accuracy=0.7250  jacobian_reg=0.0000  deq_iters=5.0000  deq_resid=1.0000  lr=0.0001  dt/50=102.83s eta=1181h43m
  step=   5050  lm_loss=1.0853  q_halt_loss=0.0000  exact_accuracy=0.0000  accuracy=0.0000  jacobian_reg=0.0000  deq_iters=5.0000  deq_resid=1.0000  lr=0.0001  dt/50=102.83s eta=1181h41m
  step=   5100  lm_loss=1.0686  q_halt_loss=0.0000  exact_accuracy=0.0000  accuracy=0.0000  jacobian_reg=0.0000  deq_iters=5.0000  deq_resid=1.0000  lr=0.0001  dt/50=102.83s eta=1181h39m
  step=   5150  lm_loss=1.1683  q_halt_loss=0.0000  exact_accuracy=0.0000  accuracy=0.0000  jacobian_reg=0.0000  deq_iters=5.0000  deq_resid=1.0000  lr=0.0001  dt/50=102.84s eta=1181h37m
  step=   5200  lm_loss=1.1584  q_halt_loss=0.0000  exact_accuracy=0.0000  accuracy=0.5369  jacobian_reg=0.0000  deq_iters=5.0000  deq_resid=1.0000  lr=0.0001  dt/50=102.84s eta=1181h35m
  step=   5250  lm_loss=1.5448  q_halt_loss=0.0000  exact_accuracy=0.0000  accuracy=0.0000  jacobian_reg=0.0000  deq_iters=5.0000  deq_resid=1.0000  lr=0.0001  dt/50=102.83s eta=1181h33m
  step=   5300  lm_loss=1.1988  q_halt_loss=0.0000  exact_accuracy=0.0000  accuracy=0.0000  jacobian_reg=0.0000  deq_iters=5.0000  deq_resid=1.0000  lr=0.0001  dt/50=102.83s eta=1181h31m
  step=   5350  lm_loss=1.2448  q_halt_loss=0.0000  exact_accuracy=0.0000  accuracy=0.0000  jacobian_reg=0.0000  deq_iters=5.0000  deq_resid=1.0000  lr=0.0001  dt/50=102.85s eta=1181h30m
  step=   5400  lm_loss=1.2191  q_halt_loss=0.0000  exact_accuracy=0.0000  accuracy=0.6750  jacobian_reg=0.0000  deq_iters=5.0000  deq_resid=1.0000  lr=0.0001  dt/50=102.85s eta=1181h28m
  step=   5450  lm_loss=1.1698  q_halt_loss=0.0000  exact_accuracy=0.0000  accuracy=0.0000  jacobian_reg=0.0000  deq_iters=5.0000  deq_resid=1.0000  lr=0.0001  dt/50=102.84s eta=1181h26m
  step=   5500  lm_loss=1.1729  q_halt_loss=0.0000  exact_accuracy=0.0000  accuracy=0.0000  jacobian_reg=0.0000  deq_iters=5.0000  deq_resid=1.0000  lr=0.0001  dt/50=102.84s eta=1181h24m
  step=   5550  lm_loss=1.1451  q_halt_loss=0.0000  exact_accuracy=0.0000  accuracy=0.0000  jacobian_reg=0.0000  deq_iters=5.0000  deq_resid=1.0000  lr=0.0001  dt/50=102.82s eta=1181h22m
  step=   5600  lm_loss=1.1359  q_halt_loss=0.0000  exact_accuracy=0.0000  accuracy=0.5501  jacobian_reg=0.0000  deq_iters=5.0000  deq_resid=1.0000  lr=0.0001  dt/50=102.84s eta=1181h20m
  step=   5650  lm_loss=1.3823  q_halt_loss=0.0000  exact_accuracy=0.0000  accuracy=0.0000  jacobian_reg=0.0000  deq_iters=5.0000  deq_resid=1.0000  lr=0.0001  dt/50=102.82s eta=1181h19m
  step=   5700  lm_loss=1.3548  q_halt_loss=0.0000  exact_accuracy=0.0000  accuracy=0.0000  jacobian_reg=0.0000  deq_iters=5.0000  deq_resid=1.0000  lr=0.0001  dt/50=102.83s eta=1181h17m
  step=   5750  lm_loss=1.2092  q_halt_loss=0.0000  exact_accuracy=0.0000  accuracy=0.0000  jacobian_reg=0.0000  deq_iters=5.0000  deq_resid=1.0000  lr=0.0001  dt/50=102.82s eta=1181h15m
  step=   5800  lm_loss=1.1578  q_halt_loss=0.0000  exact_accuracy=0.0000  accuracy=0.2822  jacobian_reg=0.0000  deq_iters=5.0000  deq_resid=1.0000  lr=0.0001  dt/50=102.82s eta=1181h13m
  step=   5850  lm_loss=1.1685  q_halt_loss=0.0000  exact_accuracy=0.0000  accuracy=0.0000  jacobian_reg=0.0000  deq_iters=5.0000  deq_resid=1.0000  lr=0.0001  dt/50=102.82s eta=1181h11m
  step=   5900  lm_loss=1.1381  q_halt_loss=0.0000  exact_accuracy=0.0000  accuracy=0.0000  jacobian_reg=0.0000  deq_iters=5.0000  deq_resid=1.0000  lr=0.0001  dt/50=102.82s eta=1181h09m
  step=   5950  lm_loss=1.1334  q_halt_loss=0.0000  exact_accuracy=0.0000  accuracy=0.0000  jacobian_reg=0.0000  deq_iters=5.0000  deq_resid=1.0000  lr=0.0001  dt/50=102.82s eta=1181h07m
  step=   6000  lm_loss=1.2108  q_halt_loss=0.0000  exact_accuracy=0.0000  accuracy=0.5351  jacobian_reg=0.0000  deq_iters=5.0000  deq_resid=1.0000  lr=0.0001  dt/50=102.82s eta=1181h05m
  step=   6050  lm_loss=1.4890  q_halt_loss=0.0000  exact_accuracy=0.0000  accuracy=0.0000  jacobian_reg=0.0000  deq_iters=5.0000  deq_resid=1.0000  lr=0.0001  dt/50=102.81s eta=1181h03m
  step=   6100  lm_loss=1.2562  q_halt_loss=0.0000  exact_accuracy=0.0000  accuracy=0.0000  jacobian_reg=0.0000  deq_iters=5.0000  deq_resid=1.0000  lr=0.0001  dt/50=102.82s eta=1181h01m
  step=   6150  lm_loss=1.2007  q_halt_loss=0.0000  exact_accuracy=0.0000  accuracy=0.0000  jacobian_reg=0.0000  deq_iters=5.0000  deq_resid=1.0000  lr=0.0001  dt/50=102.82s eta=1180h59m
  step=   6200  lm_loss=1.2079  q_halt_loss=0.0000  exact_accuracy=0.0000  accuracy=0.8000  jacobian_reg=0.0000  deq_iters=5.0000  deq_resid=1.0000  lr=0.0001  dt/50=102.83s eta=1180h57m
  step=   6250  lm_loss=1.2040  q_halt_loss=0.0000  exact_accuracy=0.0000  accuracy=0.0000  jacobian_reg=0.0000  deq_iters=5.0000  deq_resid=1.0000  lr=0.0001  dt/50=102.85s eta=1180h55m
  step=   6300  lm_loss=1.1321  q_halt_loss=0.0000  exact_accuracy=0.0000  accuracy=0.0000  jacobian_reg=0.0000  deq_iters=5.0000  deq_resid=1.0000  lr=0.0001  dt/50=102.83s eta=1180h54m
  step=   6350  lm_loss=1.0845  q_halt_loss=0.0000  exact_accuracy=0.0000  accuracy=0.0000  jacobian_reg=0.0000  deq_iters=5.0000  deq_resid=1.0000  lr=0.0001  dt/50=102.83s eta=1180h52m
  step=   6400  lm_loss=1.2305  q_halt_loss=0.0000  exact_accuracy=0.0000  accuracy=0.5247  jacobian_reg=0.0000  deq_iters=5.0000  deq_resid=1.0000  lr=0.0001  dt/50=102.83s eta=1180h50m
  step=   6450  lm_loss=1.4516  q_halt_loss=0.0000  exact_accuracy=0.0000  accuracy=0.0000  jacobian_reg=0.0000  deq_iters=5.0000  deq_resid=1.0000  lr=0.0001  dt/50=102.83s eta=1180h48m
  step=   6500  lm_loss=1.2264  q_halt_loss=0.0000  exact_accuracy=0.0000  accuracy=0.0000  jacobian_reg=0.0000  deq_iters=5.0000  deq_resid=1.0000  lr=0.0001  dt/50=102.82s eta=1180h46m
  step=   6550  lm_loss=1.1159  q_halt_loss=0.0000  exact_accuracy=0.0000  accuracy=0.0000  jacobian_reg=0.0000  deq_iters=5.0000  deq_resid=1.0000  lr=0.0001  dt/50=102.82s eta=1180h44m
  step=   6600  lm_loss=1.2056  q_halt_loss=0.0000  exact_accuracy=0.0000  accuracy=0.2950  jacobian_reg=0.0000  deq_iters=5.0000  deq_resid=1.0000  lr=0.0001  dt/50=102.82s eta=1180h42m
  step=   6650  lm_loss=1.0490  q_halt_loss=0.0000  exact_accuracy=0.0000  accuracy=0.0000  jacobian_reg=0.0000  deq_iters=5.0000  deq_resid=1.0000  lr=0.0001  dt/50=102.82s eta=1180h40m
  step=   6700  lm_loss=1.1737  q_halt_loss=0.0000  exact_accuracy=0.0000  accuracy=0.0000  jacobian_reg=0.0000  deq_iters=5.0000  deq_resid=1.0000  lr=0.0001  dt/50=102.83s eta=1180h39m
  step=   6750  lm_loss=1.1877  q_halt_loss=0.0000  exact_accuracy=0.0000  accuracy=0.0000  jacobian_reg=0.0000  deq_iters=5.0000  deq_resid=1.0000  lr=0.0001  dt/50=102.82s eta=1180h37m
  step=   6800  lm_loss=1.1283  q_halt_loss=0.0000  exact_accuracy=0.0000  accuracy=0.5338  jacobian_reg=0.0000  deq_iters=5.0000  deq_resid=1.0000  lr=0.0001  dt/50=102.82s eta=1180h35m
  step=   6850  lm_loss=1.4618  q_halt_loss=0.0000  exact_accuracy=0.0000  accuracy=0.0000  jacobian_reg=0.0000  deq_iters=5.0000  deq_resid=1.0000  lr=0.0001  dt/50=102.83s eta=1180h33m
  step=   6900  lm_loss=1.2354  q_halt_loss=0.0000  exact_accuracy=0.0000  accuracy=0.0000  jacobian_reg=0.0000  deq_iters=5.0000  deq_resid=1.0000  lr=0.0001  dt/50=102.83s eta=1180h31m
  step=   6950  lm_loss=1.2564  q_halt_loss=0.0000  exact_accuracy=0.0000  accuracy=0.0000  jacobian_reg=0.0000  deq_iters=5.0000  deq_resid=1.0000  lr=0.0001  dt/50=102.82s eta=1180h29m
  step=   7000  lm_loss=1.2079  q_halt_loss=0.0000  exact_accuracy=0.0000  accuracy=0.6218  jacobian_reg=0.0000  deq_iters=5.0000  deq_resid=1.0000  lr=0.0001  dt/50=102.84s eta=1180h27m
  step=   7050  lm_loss=1.1520  q_halt_loss=0.0000  exact_accuracy=0.0000  accuracy=0.4909  jacobian_reg=0.0000  deq_iters=5.0000  deq_resid=1.0000  lr=0.0001  dt/50=102.84s eta=1180h26m
  step=   7100  lm_loss=1.1383  q_halt_loss=0.0000  exact_accuracy=0.0000  accuracy=0.0000  jacobian_reg=0.0000  deq_iters=5.0000  deq_resid=1.0000  lr=0.0001  dt/50=102.83s eta=1180h24m
  step=   7150  lm_loss=1.1113  q_halt_loss=0.0000  exact_accuracy=0.0000  accuracy=0.0000  jacobian_reg=0.0000  deq_iters=5.0000  deq_resid=1.0000  lr=0.0001  dt/50=102.83s eta=1180h22m
  step=   7200  lm_loss=1.0724  q_halt_loss=0.0000  exact_accuracy=0.0000  accuracy=0.5773  jacobian_reg=0.0000  deq_iters=5.0000  deq_resid=1.0000  lr=0.0001  dt/50=102.83s eta=1180h20m
  step=   7250  lm_loss=1.2321  q_halt_loss=0.0000  exact_accuracy=0.0000  accuracy=0.0000  jacobian_reg=0.0000  deq_iters=5.0000  deq_resid=1.0000  lr=0.0001  dt/50=102.83s eta=1180h18m
  step=   7300  lm_loss=1.1503  q_halt_loss=0.0000  exact_accuracy=0.0000  accuracy=0.0000  jacobian_reg=0.0000  deq_iters=5.0000  deq_resid=1.0000  lr=0.0001  dt/50=102.83s eta=1180h17m
  step=   7350  lm_loss=1.2125  q_halt_loss=0.0000  exact_accuracy=0.0000  accuracy=0.0000  jacobian_reg=0.0000  deq_iters=5.0000  deq_resid=1.0000  lr=0.0001  dt/50=102.85s eta=1180h15m
  step=   7400  lm_loss=1.1456  q_halt_loss=0.0000  exact_accuracy=0.0000  accuracy=0.6364  jacobian_reg=0.0000  deq_iters=5.0000  deq_resid=1.0000  lr=0.0001  dt/50=102.84s eta=1180h13m
  step=   7450  lm_loss=1.2298  q_halt_loss=0.0000  exact_accuracy=0.0000  accuracy=0.3684  jacobian_reg=0.0000  deq_iters=5.0000  deq_resid=1.0000  lr=0.0001  dt/50=102.83s eta=1180h11m
  step=   7500  lm_loss=1.0490  q_halt_loss=0.0000  exact_accuracy=0.0000  accuracy=0.0000  jacobian_reg=0.0000  deq_iters=5.0000  deq_resid=1.0000  lr=0.0001  dt/50=102.84s eta=1180h10m
  step=   7550  lm_loss=0.9987  q_halt_loss=0.0000  exact_accuracy=0.0000  accuracy=0.0000  jacobian_reg=0.0000  deq_iters=5.0000  deq_resid=1.0000  lr=0.0001  dt/50=102.85s eta=1180h08m
  step=   7600  lm_loss=1.1038  q_halt_loss=0.0000  exact_accuracy=0.0000  accuracy=0.5596  jacobian_reg=0.0000  deq_iters=5.0000  deq_resid=1.0000  lr=0.0001  dt/50=102.85s eta=1180h06m
  step=   7650  lm_loss=1.2473  q_halt_loss=0.0000  exact_accuracy=0.0000  accuracy=0.0000  jacobian_reg=0.0000  deq_iters=5.0000  deq_resid=1.0000  lr=0.0001  dt/50=102.85s eta=1180h04m
  step=   7700  lm_loss=1.1044  q_halt_loss=0.0000  exact_accuracy=0.0000  accuracy=0.0000  jacobian_reg=0.0000  deq_iters=5.0000  deq_resid=1.0000  lr=0.0001  dt/50=102.84s eta=1180h03m
  step=   7750  lm_loss=1.1142  q_halt_loss=0.0000  exact_accuracy=0.0000  accuracy=0.0000  jacobian_reg=0.0000  deq_iters=5.0000  deq_resid=1.0000  lr=0.0001  dt/50=102.83s eta=1180h01m
  step=   7800  lm_loss=0.9859  q_halt_loss=0.0000  exact_accuracy=0.0000  accuracy=0.4762  jacobian_reg=0.0000  deq_iters=5.0000  deq_resid=1.0000  lr=0.0001  dt/50=102.83s eta=1179h59m
  step=   7850  lm_loss=1.0734  q_halt_loss=0.0000  exact_accuracy=0.0000  accuracy=0.4286  jacobian_reg=0.0000  deq_iters=5.0000  deq_resid=1.0000  lr=0.0001  dt/50=102.84s eta=1179h57m
