==========================================
SLURM_JOB_ID = 3407477
SLURM_JOB_NODELIST = c03-06
TMPDIR = /tmp/SLURM_3407477
==========================================
/home1/feinashl/anaconda3/bin/python
=== Building maze dataset ===
build train:   0%|          | 0/1000 [00:00<?, ?it/s]build train: 100%|██████████| 1000/1000 [00:00<00:00, 41538.87it/s]
build test:   0%|          | 0/1000 [00:00<?, ?it/s]build test: 100%|██████████| 1000/1000 [00:00<00:00, 3518711.41it/s]
=== Starting TRM-DEQ Maze training ===
W0503 09:27:57.412000 2137223 site-packages/torch/distributed/run.py:803] 
W0503 09:27:57.412000 2137223 site-packages/torch/distributed/run.py:803] *****************************************
W0503 09:27:57.412000 2137223 site-packages/torch/distributed/run.py:803] Setting OMP_NUM_THREADS environment variable for each process to be 1 in default, to avoid your system being overloaded, please further tune the variable for optimal performance in your application as needed. 
W0503 09:27:57.412000 2137223 site-packages/torch/distributed/run.py:803] *****************************************
[Sun May  3 09:27:59 2026] host=c03-06.hpc.usc.edu world=2
  data_dir=/scratch1/feinashl/data/maze-30x30-hard-1k  out_dir=/scratch1/feinashl/eqlm_sudoku/run-trm-deq-maze-30m
  metadata: {'pad_id': 0, 'ignore_label_id': 0, 'blank_identifier_id': 0, 'vocab_size': 6, 'seq_len': 900, 'num_puzzle_identifiers': 1, 'total_groups': 1000, 'mean_puzzle_examples': 1.0, 'total_puzzles': 1000, 'sets': ['all']}
TRMDEQ(
  (inner): TRMDEQ_Inner(
    (embed_tokens): CastedEmbedding()
    (lm_head): CastedLinear()
    (q_head): CastedLinear()
    (puzzle_emb): CastedSparseEmbedding()
    (rotary_emb): RotaryEmbedding()
    (L_level): TinyRecursiveReasoningModel_ACTV1ReasoningModule(
      (layers): ModuleList(
        (0-7): 8 x TinyRecursiveReasoningModel_ACTV1Block(
          (self_attn): Attention(
            (qkv_proj): CastedLinear()
            (o_proj): CastedLinear()
          )
          (mlp): SwiGLU(
            (gate_up_proj): CastedLinear()
            (down_proj): CastedLinear()
          )
        )
      )
    )
    (inner_deq): _InnerDEQ()
  )
)
  TRM-DEQ params: 27.270M
  L_layers=8  H_cycles=3  DEQ inner: max_iter=8 min_iter=4 tol=0.001
  bptt_through=2  jacobian_reg_lambda=0.0
  halt_max_steps=16
  total optim steps target = 390,625
[Sun May  3 09:28:00 2026] Outer iter 0/10 (epoch=0)
[rank1]:[W503 09:28:02.882868536 reducer.cpp:1431] Warning: find_unused_parameters=True was specified in DDP constructor, but did not find any unused parameters in the forward pass. This flag results in an extra traversal of the autograd graph every iteration,  which can adversely affect performance. If your model indeed never has any unused parameters in the forward pass, consider turning this flag off. Note that this warning may be a false positive if your model has flow control causing later iterations to have unused parameters. (function operator())
[rank0]:[W503 09:28:02.891119011 reducer.cpp:1431] Warning: find_unused_parameters=True was specified in DDP constructor, but did not find any unused parameters in the forward pass. This flag results in an extra traversal of the autograd graph every iteration,  which can adversely affect performance. If your model indeed never has any unused parameters in the forward pass, consider turning this flag off. Note that this warning may be a false positive if your model has flow control causing later iterations to have unused parameters. (function operator())
  step=     50  lm_loss=1.8603  q_halt_loss=0.0067  exact_accuracy=0.0000  accuracy=0.0000  jacobian_reg=0.0000  deq_iters=5.0000  deq_resid=1.0000  lr=0.0000  dt/50=103.27s eta=224h04m
  step=    100  lm_loss=1.5180  q_halt_loss=0.0067  exact_accuracy=0.0000  accuracy=0.0000  jacobian_reg=0.0000  deq_iters=5.0000  deq_resid=1.0000  lr=0.0000  dt/50=102.93s eta=223h41m
  step=    150  lm_loss=1.0177  q_halt_loss=0.0057  exact_accuracy=0.0000  accuracy=0.0000  jacobian_reg=0.0000  deq_iters=5.0000  deq_resid=1.0000  lr=0.0000  dt/50=102.87s eta=223h29m
  step=    200  lm_loss=1.0033  q_halt_loss=0.0051  exact_accuracy=0.0000  accuracy=0.0000  jacobian_reg=0.0000  deq_iters=5.0000  deq_resid=1.0000  lr=0.0000  dt/50=102.88s eta=223h23m
  step=    250  lm_loss=1.0001  q_halt_loss=0.0042  exact_accuracy=0.0000  accuracy=0.0000  jacobian_reg=0.0000  deq_iters=5.0000  deq_resid=1.0000  lr=0.0000  dt/50=102.87s eta=223h18m
  step=    300  lm_loss=0.9903  q_halt_loss=0.0035  exact_accuracy=0.0000  accuracy=0.0000  jacobian_reg=0.0000  deq_iters=5.0000  deq_resid=1.0000  lr=0.0000  dt/50=102.88s eta=223h14m
  step=    350  lm_loss=0.3841  q_halt_loss=0.0040  exact_accuracy=0.0000  accuracy=0.0000  jacobian_reg=0.0000  deq_iters=5.0000  deq_resid=1.0000  lr=0.0000  dt/50=102.89s eta=223h11m
  step=    400  lm_loss=0.3576  q_halt_loss=0.0033  exact_accuracy=0.0000  accuracy=0.8718  jacobian_reg=0.0000  deq_iters=5.0000  deq_resid=1.0000  lr=0.0000  dt/50=102.91s eta=223h09m
  step=    450  lm_loss=0.3496  q_halt_loss=0.0023  exact_accuracy=0.0000  accuracy=0.0000  jacobian_reg=0.0000  deq_iters=5.0000  deq_resid=1.0000  lr=0.0000  dt/50=102.91s eta=223h07m
  step=    500  lm_loss=0.3430  q_halt_loss=0.0016  exact_accuracy=0.0000  accuracy=0.0000  jacobian_reg=0.0000  deq_iters=5.0000  deq_resid=1.0000  lr=0.0000  dt/50=102.91s eta=223h05m
  step=    550  lm_loss=0.3292  q_halt_loss=0.0011  exact_accuracy=0.0000  accuracy=0.0000  jacobian_reg=0.0000  deq_iters=5.0000  deq_resid=1.0000  lr=0.0000  dt/50=102.92s eta=223h03m
  step=    600  lm_loss=0.3270  q_halt_loss=0.0007  exact_accuracy=0.0000  accuracy=0.0000  jacobian_reg=0.0000  deq_iters=5.0000  deq_resid=1.0000  lr=0.0000  dt/50=102.93s eta=223h01m
  step=    650  lm_loss=0.3181  q_halt_loss=0.0005  exact_accuracy=0.0000  accuracy=0.0000  jacobian_reg=0.0000  deq_iters=8.0000  deq_resid=0.0008  lr=0.0000  dt/50=116.82s eta=225h19m
  step=    700  lm_loss=0.3089  q_halt_loss=0.0003  exact_accuracy=0.0000  accuracy=0.0000  jacobian_reg=0.0000  deq_iters=8.0000  deq_resid=0.0021  lr=0.0000  dt/50=156.26s eta=233h22m
  step=    750  lm_loss=0.2869  q_halt_loss=0.0002  exact_accuracy=0.0000  accuracy=0.0000  jacobian_reg=0.0000  deq_iters=8.0000  deq_resid=0.0004  lr=0.0000  dt/50=157.15s eta=240h28m
  step=    800  lm_loss=0.2732  q_halt_loss=0.0001  exact_accuracy=0.0000  accuracy=0.8787  jacobian_reg=0.0000  deq_iters=8.0000  deq_resid=0.0007  lr=0.0000  dt/50=156.33s eta=246h34m
  step=    850  lm_loss=0.2638  q_halt_loss=0.0001  exact_accuracy=0.0000  accuracy=0.0000  jacobian_reg=0.0000  deq_iters=8.0000  deq_resid=7028.9150  lr=0.0000  dt/50=153.57s eta=251h36m
  step=    900  lm_loss=0.2522  q_halt_loss=0.0002  exact_accuracy=0.0000  accuracy=0.0000  jacobian_reg=0.0000  deq_iters=8.0000  deq_resid=0.0061  lr=0.0000  dt/50=138.71s eta=254h17m
  step=    950  lm_loss=0.2281  q_halt_loss=0.0000  exact_accuracy=0.0000  accuracy=0.0000  jacobian_reg=0.0000  deq_iters=5.0000  deq_resid=1.0000  lr=0.0000  dt/50=148.20s eta=257h45m
  step=   1000  lm_loss=0.2152  q_halt_loss=0.0000  exact_accuracy=0.0000  accuracy=0.0000  jacobian_reg=0.0000  deq_iters=5.0000  deq_resid=1.0000  lr=0.0000  dt/50=123.19s eta=258h10m
  step=   1050  lm_loss=0.1917  q_halt_loss=0.0000  exact_accuracy=0.0000  accuracy=0.0000  jacobian_reg=0.0000  deq_iters=5.0000  deq_resid=1.0000  lr=0.0001  dt/50=119.69s eta=258h10m
  step=   1100  lm_loss=0.1721  q_halt_loss=0.0000  exact_accuracy=0.0000  accuracy=0.0000  jacobian_reg=0.0000  deq_iters=5.0000  deq_resid=1.0000  lr=0.0001  dt/50=110.70s eta=257h18m
  step=   1150  lm_loss=0.1653  q_halt_loss=0.0000  exact_accuracy=0.0000  accuracy=0.0000  jacobian_reg=0.0000  deq_iters=5.0000  deq_resid=1.0000  lr=0.0001  dt/50=121.95s eta=257h33m
  step=   1200  lm_loss=0.1612  q_halt_loss=0.0000  exact_accuracy=0.0000  accuracy=0.9317  jacobian_reg=0.0000  deq_iters=5.0000  deq_resid=1.0000  lr=0.0001  dt/50=115.46s eta=257h12m
  step=   1250  lm_loss=0.1670  q_halt_loss=0.0000  exact_accuracy=0.0000  accuracy=0.0000  jacobian_reg=0.0000  deq_iters=5.0000  deq_resid=1.0000  lr=0.0001  dt/50=104.35s eta=255h54m
  step=   1300  lm_loss=0.1455  q_halt_loss=0.0000  exact_accuracy=0.0000  accuracy=0.0000  jacobian_reg=0.0000  deq_iters=5.0000  deq_resid=1.0000  lr=0.0001  dt/50=109.97s eta=255h11m
  step=   1350  lm_loss=0.1525  q_halt_loss=0.0000  exact_accuracy=0.0000  accuracy=0.0000  jacobian_reg=0.0000  deq_iters=5.0000  deq_resid=1.0000  lr=0.0001  dt/50=104.51s eta=254h04m
  step=   1400  lm_loss=0.1347  q_halt_loss=0.0000  exact_accuracy=0.0000  accuracy=0.0000  jacobian_reg=0.0000  deq_iters=5.0000  deq_resid=1.0000  lr=0.0001  dt/50=104.03s eta=253h00m
  step=   1450  lm_loss=0.1296  q_halt_loss=0.0000  exact_accuracy=0.0000  accuracy=0.0000  jacobian_reg=0.0000  deq_iters=5.0000  deq_resid=1.0000  lr=0.0001  dt/50=105.62s eta=252h07m
  step=   1500  lm_loss=0.1073  q_halt_loss=0.0000  exact_accuracy=0.0000  accuracy=0.0000  jacobian_reg=0.0000  deq_iters=5.0000  deq_resid=1.0000  lr=0.0001  dt/50=103.03s eta=251h06m
  step=   1550  lm_loss=0.1055  q_halt_loss=0.0000  exact_accuracy=0.0000  accuracy=0.0000  jacobian_reg=0.0000  deq_iters=5.0000  deq_resid=1.0000  lr=0.0001  dt/50=103.03s eta=250h09m
  step=   1600  lm_loss=0.1050  q_halt_loss=0.0000  exact_accuracy=0.0000  accuracy=0.9530  jacobian_reg=0.0000  deq_iters=5.0000  deq_resid=1.0000  lr=0.0001  dt/50=103.02s eta=249h16m
  step=   1650  lm_loss=0.1283  q_halt_loss=0.0000  exact_accuracy=0.0000  accuracy=0.0000  jacobian_reg=0.0000  deq_iters=5.0000  deq_resid=1.0000  lr=0.0001  dt/50=103.29s eta=248h26m
  step=   1700  lm_loss=0.1239  q_halt_loss=0.0000  exact_accuracy=0.0000  accuracy=0.0000  jacobian_reg=0.0000  deq_iters=5.0000  deq_resid=1.0000  lr=0.0001  dt/50=103.04s eta=247h39m
  step=   1750  lm_loss=0.1057  q_halt_loss=0.0000  exact_accuracy=0.0000  accuracy=0.0000  jacobian_reg=0.0000  deq_iters=5.0000  deq_resid=1.0000  lr=0.0001  dt/50=103.03s eta=246h54m
  step=   1800  lm_loss=0.0937  q_halt_loss=0.0000  exact_accuracy=0.0000  accuracy=0.0000  jacobian_reg=0.0000  deq_iters=5.0000  deq_resid=1.0000  lr=0.0001  dt/50=103.05s eta=246h12m
[2026-05-03T10:36:47.413] error: *** JOB 3407477 ON c03-06 CANCELLED AT 2026-05-03T10:36:47 DUE to SIGNAL Terminated ***
