==========================================
SLURM_JOB_ID = 3404760
SLURM_JOB_NODELIST = c03-06
TMPDIR = /tmp/SLURM_3404760
==========================================
/home1/feinashl/anaconda3/bin/python
W0502 13:49:23.290000 997711 site-packages/torch/distributed/run.py:803] 
W0502 13:49:23.290000 997711 site-packages/torch/distributed/run.py:803] *****************************************
W0502 13:49:23.290000 997711 site-packages/torch/distributed/run.py:803] Setting OMP_NUM_THREADS environment variable for each process to be 1 in default, to avoid your system being overloaded, please further tune the variable for optimal performance in your application as needed. 
W0502 13:49:23.290000 997711 site-packages/torch/distributed/run.py:803] *****************************************
[Sat May  2 13:49:26 2026] host=c03-06.hpc.usc.edu world=2
  data_dir=/scratch1/feinashl/data/sudoku-extreme-1k-aug-1000  out_dir=/scratch1/feinashl/eqlm_sudoku/run-trm-deq-30m
  metadata: {'pad_id': 0, 'ignore_label_id': 0, 'blank_identifier_id': 0, 'vocab_size': 11, 'seq_len': 81, 'num_puzzle_identifiers': 1, 'total_groups': 1000, 'mean_puzzle_examples': 1.0, 'total_puzzles': 1000, 'sets': ['all']}
TRMDEQ(
  (inner): TRMDEQ_Inner(
    (embed_tokens): CastedEmbedding()
    (lm_head): CastedLinear()
    (q_head): CastedLinear()
    (puzzle_emb): CastedSparseEmbedding()
    (rotary_emb): RotaryEmbedding()
    (L_level): TinyRecursiveReasoningModel_ACTV1ReasoningModule(
      (layers): ModuleList(
        (0-7): 8 x TinyRecursiveReasoningModel_ACTV1Block(
          (self_attn): Attention(
            (qkv_proj): CastedLinear()
            (o_proj): CastedLinear()
          )
          (mlp): SwiGLU(
            (gate_up_proj): CastedLinear()
            (down_proj): CastedLinear()
          )
        )
      )
    )
    (inner_deq): _InnerDEQ()
  )
)
  TRM-DEQ params: 27.275M
  L_layers=8  H_cycles=3  DEQ inner: max_iter=8 min_iter=4 tol=0.001
  bptt_through=2  jacobian_reg_lambda=0.0
  halt_max_steps=16
  total optim steps target = 130,208
[Sat May  2 13:49:27 2026] Outer iter 0/10 (epoch=0)
[rank1]:[W502 13:49:31.440784196 reducer.cpp:1431] Warning: find_unused_parameters=True was specified in DDP constructor, but did not find any unused parameters in the forward pass. This flag results in an extra traversal of the autograd graph every iteration,  which can adversely affect performance. If your model indeed never has any unused parameters in the forward pass, consider turning this flag off. Note that this warning may be a false positive if your model has flow control causing later iterations to have unused parameters. (function operator())
[rank0]:[W502 13:49:31.475721653 reducer.cpp:1431] Warning: find_unused_parameters=True was specified in DDP constructor, but did not find any unused parameters in the forward pass. This flag results in an extra traversal of the autograd graph every iteration,  which can adversely affect performance. If your model indeed never has any unused parameters in the forward pass, consider turning this flag off. Note that this warning may be a false positive if your model has flow control causing later iterations to have unused parameters. (function operator())
  step=     50  lm_loss=2.5177  q_halt_loss=0.0067  exact_accuracy=0.0000  accuracy=0.0000  jacobian_reg=0.0000  deq_iters=5.0000  deq_resid=1.0000  lr=0.0000  dt/50=38.79s eta=28h02m
  step=    100  lm_loss=2.2451  q_halt_loss=0.0063  exact_accuracy=0.0000  accuracy=0.0000  jacobian_reg=0.0000  deq_iters=5.0000  deq_resid=1.0000  lr=0.0000  dt/50=30.23s eta=24h56m
  step=    150  lm_loss=2.2051  q_halt_loss=0.0056  exact_accuracy=0.0000  accuracy=0.0000  jacobian_reg=0.0000  deq_iters=8.0000  deq_resid=0.0510  lr=0.0000  dt/50=41.04s eta=26h30m
  step=    200  lm_loss=2.2029  q_halt_loss=0.0048  exact_accuracy=0.0000  accuracy=0.0000  jacobian_reg=0.0000  deq_iters=8.0000  deq_resid=0.0070  lr=0.0000  dt/50=45.05s eta=28h00m
  step=    250  lm_loss=2.2010  q_halt_loss=0.0040  exact_accuracy=0.0000  accuracy=0.0000  jacobian_reg=0.0000  deq_iters=8.0000  deq_resid=0.0035  lr=0.0000  dt/50=45.18s eta=28h55m
  step=    300  lm_loss=2.2002  q_halt_loss=0.0032  exact_accuracy=0.0000  accuracy=0.0000  jacobian_reg=0.0000  deq_iters=8.0000  deq_resid=0.0036  lr=0.0000  dt/50=34.91s eta=28h17m
  step=    350  lm_loss=2.1948  q_halt_loss=0.0026  exact_accuracy=0.0000  accuracy=0.0000  jacobian_reg=0.0000  deq_iters=5.0000  deq_resid=1.0000  lr=0.0000  dt/50=35.20s eta=27h52m
  step=    400  lm_loss=2.1087  q_halt_loss=0.0023  exact_accuracy=0.0000  accuracy=0.1519  jacobian_reg=0.0000  deq_iters=5.0000  deq_resid=1.0000  lr=0.0000  dt/50=33.34s eta=27h22m
  step=    450  lm_loss=2.0159  q_halt_loss=0.0017  exact_accuracy=0.0000  accuracy=0.0000  jacobian_reg=0.0000  deq_iters=8.0000  deq_resid=10.9609  lr=0.0000  dt/50=40.53s eta=27h34m
  step=    500  lm_loss=1.9923  q_halt_loss=0.0011  exact_accuracy=0.0000  accuracy=0.0000  jacobian_reg=0.0000  deq_iters=8.0000  deq_resid=0.0539  lr=0.0000  dt/50=44.98s eta=28h02m
  step=    550  lm_loss=1.9433  q_halt_loss=0.0010  exact_accuracy=0.0000  accuracy=0.0000  jacobian_reg=0.0000  deq_iters=8.0000  deq_resid=0.0066  lr=0.0000  dt/50=43.15s eta=28h18m
  step=    600  lm_loss=1.8526  q_halt_loss=0.0012  exact_accuracy=0.0000  accuracy=0.0000  jacobian_reg=0.0000  deq_iters=8.0000  deq_resid=0.0155  lr=0.0000  dt/50=41.37s eta=28h25m
  step=    650  lm_loss=1.7808  q_halt_loss=0.0014  exact_accuracy=0.0000  accuracy=0.0000  jacobian_reg=0.0000  deq_iters=8.0000  deq_resid=0.0077  lr=0.0000  dt/50=39.72s eta=28h25m
  step=    700  lm_loss=1.7140  q_halt_loss=0.0006  exact_accuracy=0.0000  accuracy=0.0000  jacobian_reg=0.0000  deq_iters=8.0000  deq_resid=0.0067  lr=0.0000  dt/50=42.41s eta=28h34m
  step=    750  lm_loss=1.6560  q_halt_loss=0.0004  exact_accuracy=0.0000  accuracy=0.0000  jacobian_reg=0.0000  deq_iters=5.0000  deq_resid=1.0000  lr=0.0000  dt/50=42.59s eta=28h41m
  step=    800  lm_loss=1.5099  q_halt_loss=0.0003  exact_accuracy=0.0000  accuracy=0.4235  jacobian_reg=0.0000  deq_iters=5.0000  deq_resid=1.0000  lr=0.0000  dt/50=38.66s eta=28h37m
  step=    850  lm_loss=1.4521  q_halt_loss=0.0001  exact_accuracy=0.0000  accuracy=0.0000  jacobian_reg=0.0000  deq_iters=8.0000  deq_resid=0.0071  lr=0.0000  dt/50=44.36s eta=28h48m
  step=    900  lm_loss=1.4279  q_halt_loss=0.0001  exact_accuracy=0.0000  accuracy=0.0000  jacobian_reg=0.0000  deq_iters=8.0000  deq_resid=0.0096  lr=0.0000  dt/50=45.24s eta=29h00m
  step=    950  lm_loss=1.4733  q_halt_loss=0.0002  exact_accuracy=0.0000  accuracy=0.0000  jacobian_reg=0.0000  deq_iters=8.0000  deq_resid=0.0513  lr=0.0000  dt/50=44.85s eta=29h09m
  step=   1000  lm_loss=1.4038  q_halt_loss=0.0002  exact_accuracy=0.0000  accuracy=0.0000  jacobian_reg=0.0000  deq_iters=5.0000  deq_resid=1.0000  lr=0.0000  dt/50=44.50s eta=29h17m
  step=   1050  lm_loss=1.3615  q_halt_loss=0.0001  exact_accuracy=0.0000  accuracy=0.0000  jacobian_reg=0.0000  deq_iters=8.0000  deq_resid=0.0013  lr=0.0001  dt/50=43.76s eta=29h22m
  step=   1100  lm_loss=1.3319  q_halt_loss=0.0001  exact_accuracy=0.0000  accuracy=0.0000  jacobian_reg=0.0000  deq_iters=8.0000  deq_resid=0.0018  lr=0.0001  dt/50=45.16s eta=29h30m
  step=   1150  lm_loss=1.2931  q_halt_loss=0.0000  exact_accuracy=0.0000  accuracy=0.0000  jacobian_reg=0.0000  deq_iters=8.0000  deq_resid=0.0068  lr=0.0001  dt/50=45.53s eta=29h37m
  step=   1200  lm_loss=1.2135  q_halt_loss=0.0000  exact_accuracy=0.0000  accuracy=0.4895  jacobian_reg=0.0000  deq_iters=8.0000  deq_resid=0.0093  lr=0.0001  dt/50=44.91s eta=29h43m
  step=   1250  lm_loss=1.1878  q_halt_loss=0.0000  exact_accuracy=0.0000  accuracy=0.0000  jacobian_reg=0.0000  deq_iters=8.0000  deq_resid=0.0115  lr=0.0001  dt/50=44.92s eta=29h48m
  step=   1300  lm_loss=1.1371  q_halt_loss=0.0001  exact_accuracy=0.0000  accuracy=0.0000  jacobian_reg=0.0000  deq_iters=8.0000  deq_resid=0.0084  lr=0.0001  dt/50=45.15s eta=29h54m
  step=   1350  lm_loss=1.1059  q_halt_loss=0.0000  exact_accuracy=0.0000  accuracy=0.0000  jacobian_reg=0.0000  deq_iters=8.0000  deq_resid=0.0014  lr=0.0001  dt/50=44.97s eta=29h58m
  step=   1400  lm_loss=1.0662  q_halt_loss=0.0000  exact_accuracy=0.0000  accuracy=0.0000  jacobian_reg=0.0000  deq_iters=8.0000  deq_resid=0.0016  lr=0.0001  dt/50=45.32s eta=30h03m
  step=   1450  lm_loss=1.0301  q_halt_loss=0.0000  exact_accuracy=0.0000  accuracy=0.0000  jacobian_reg=0.0000  deq_iters=8.0000  deq_resid=0.0598  lr=0.0001  dt/50=45.00s eta=30h06m
  step=   1500  lm_loss=0.9976  q_halt_loss=0.0000  exact_accuracy=0.0000  accuracy=0.0000  jacobian_reg=0.0000  deq_iters=8.0000  deq_resid=0.0012  lr=0.0001  dt/50=44.35s eta=30h09m
  step=   1550  lm_loss=0.9416  q_halt_loss=0.0000  exact_accuracy=0.0000  accuracy=0.0000  jacobian_reg=0.0000  deq_iters=8.0000  deq_resid=0.0110  lr=0.0001  dt/50=45.36s eta=30h13m
  step=   1600  lm_loss=0.9348  q_halt_loss=0.0000  exact_accuracy=0.0000  accuracy=0.5957  jacobian_reg=0.0000  deq_iters=8.0000  deq_resid=0.0909  lr=0.0001  dt/50=45.31s eta=30h16m
  step=   1650  lm_loss=0.9819  q_halt_loss=0.0000  exact_accuracy=0.0000  accuracy=0.0000  jacobian_reg=0.0000  deq_iters=8.0000  deq_resid=0.0024  lr=0.0001  dt/50=45.14s eta=30h19m
  step=   1700  lm_loss=0.9597  q_halt_loss=0.0000  exact_accuracy=0.0000  accuracy=0.0000  jacobian_reg=0.0000  deq_iters=7.0000  deq_resid=1.0000  lr=0.0001  dt/50=42.37s eta=30h18m
  step=   1750  lm_loss=0.9189  q_halt_loss=0.0000  exact_accuracy=0.0000  accuracy=0.0000  jacobian_reg=0.0000  deq_iters=8.0000  deq_resid=0.0043  lr=0.0001  dt/50=45.04s eta=30h20m
  step=   1800  lm_loss=0.8702  q_halt_loss=0.0000  exact_accuracy=0.0000  accuracy=0.0000  jacobian_reg=0.0000  deq_iters=8.0000  deq_resid=0.0012  lr=0.0001  dt/50=45.34s eta=30h23m
  step=   1850  lm_loss=0.8429  q_halt_loss=0.0000  exact_accuracy=0.0000  accuracy=0.0000  jacobian_reg=0.0000  deq_iters=8.0000  deq_resid=0.0061  lr=0.0001  dt/50=45.28s eta=30h25m
  step=   1900  lm_loss=0.8051  q_halt_loss=0.0256  exact_accuracy=0.0000  accuracy=0.0000  jacobian_reg=0.0000  deq_iters=8.0000  deq_resid=0.0608  lr=0.0001  dt/50=45.47s eta=30h28m
  step=   1950  lm_loss=0.7781  q_halt_loss=0.0159  exact_accuracy=1.0000  accuracy=1.0000  jacobian_reg=0.0000  deq_iters=8.0000  deq_resid=0.0030  lr=0.0001  dt/50=45.03s eta=30h30m
  step=   2000  lm_loss=0.8877  q_halt_loss=0.0179  exact_accuracy=0.0027  accuracy=0.6375  jacobian_reg=0.0000  deq_iters=8.0000  deq_resid=0.3557  lr=0.0001  dt/50=44.07s eta=30h30m
  step=   2050  lm_loss=1.0823  q_halt_loss=0.0006  exact_accuracy=0.0000  accuracy=0.6235  jacobian_reg=0.0000  deq_iters=8.0000  deq_resid=0.6182  lr=0.0001  dt/50=40.91s eta=30h28m
  step=   2100  lm_loss=0.8947  q_halt_loss=0.0178  exact_accuracy=0.0000  accuracy=0.0000  jacobian_reg=0.0000  deq_iters=8.0000  deq_resid=0.0400  lr=0.0001  dt/50=40.38s eta=30h24m
  step=   2150  lm_loss=0.8666  q_halt_loss=0.0299  exact_accuracy=0.8000  accuracy=0.9901  jacobian_reg=0.0000  deq_iters=8.0000  deq_resid=0.0160  lr=0.0001  dt/50=39.04s eta=30h20m
  step=   2200  lm_loss=0.8139  q_halt_loss=0.0790  exact_accuracy=0.0000  accuracy=0.0000  jacobian_reg=0.0000  deq_iters=8.0000  deq_resid=0.0404  lr=0.0001  dt/50=44.05s eta=30h21m
  step=   2250  lm_loss=0.7960  q_halt_loss=0.0002  exact_accuracy=0.0000  accuracy=0.0000  jacobian_reg=0.0000  deq_iters=8.0000  deq_resid=0.0071  lr=0.0001  dt/50=43.23s eta=30h20m
  step=   2300  lm_loss=0.7845  q_halt_loss=0.0001  exact_accuracy=0.0000  accuracy=0.0000  jacobian_reg=0.0000  deq_iters=8.0000  deq_resid=0.0023  lr=0.0001  dt/50=43.03s eta=30h20m
  step=   2350  lm_loss=0.7899  q_halt_loss=0.0003  exact_accuracy=0.0000  accuracy=0.6543  jacobian_reg=0.0000  deq_iters=8.0000  deq_resid=0.0085  lr=0.0001  dt/50=41.60s eta=30h18m
  step=   2400  lm_loss=0.7155  q_halt_loss=0.0001  exact_accuracy=0.0000  accuracy=0.7126  jacobian_reg=0.0000  deq_iters=8.0000  deq_resid=0.0135  lr=0.0001  dt/50=41.64s eta=30h17m
  step=   2450  lm_loss=0.8137  q_halt_loss=0.0552  exact_accuracy=0.0000  accuracy=0.7055  jacobian_reg=0.0000  deq_iters=8.0000  deq_resid=0.0297  lr=0.0001  dt/50=40.95s eta=30h15m
  step=   2500  lm_loss=0.7937  q_halt_loss=0.0001  exact_accuracy=0.0000  accuracy=0.7226  jacobian_reg=0.0000  deq_iters=8.0000  deq_resid=1.3744  lr=0.0001  dt/50=39.50s eta=30h11m
  step=   2550  lm_loss=0.7957  q_halt_loss=0.0001  exact_accuracy=0.0000  accuracy=0.7207  jacobian_reg=0.0000  deq_iters=8.0000  deq_resid=0.4532  lr=0.0001  dt/50=40.13s eta=30h08m
  step=   2600  lm_loss=0.7895  q_halt_loss=0.0009  exact_accuracy=0.0000  accuracy=0.7358  jacobian_reg=0.0000  deq_iters=8.0000  deq_resid=0.0948  lr=0.0001  dt/50=39.92s eta=30h06m
  step=   2650  lm_loss=0.7531  q_halt_loss=0.0014  exact_accuracy=0.2000  accuracy=0.8593  jacobian_reg=0.0000  deq_iters=8.0000  deq_resid=0.0697  lr=0.0001  dt/50=38.88s eta=30h02m
  step=   2700  lm_loss=0.7332  q_halt_loss=0.0008  exact_accuracy=0.0000  accuracy=0.7654  jacobian_reg=0.0000  deq_iters=5.0000  deq_resid=1.0000  lr=0.0001  dt/50=38.76s eta=29h58m
  step=   2750  lm_loss=0.7453  q_halt_loss=0.0026  exact_accuracy=0.0000  accuracy=0.7086  jacobian_reg=0.0000  deq_iters=8.0000  deq_resid=0.7304  lr=0.0001  dt/50=38.52s eta=29h55m
  step=   2800  lm_loss=0.7421  q_halt_loss=0.0004  exact_accuracy=0.0000  accuracy=0.6936  jacobian_reg=0.0000  deq_iters=8.0000  deq_resid=0.9602  lr=0.0001  dt/50=37.46s eta=29h51m
  step=   2850  lm_loss=0.7643  q_halt_loss=0.0007  exact_accuracy=0.0323  accuracy=0.7252  jacobian_reg=0.0000  deq_iters=8.0000  deq_resid=0.1087  lr=0.0001  dt/50=38.09s eta=29h47m
  step=   2900  lm_loss=0.7593  q_halt_loss=0.0051  exact_accuracy=0.0833  accuracy=0.7459  jacobian_reg=0.0000  deq_iters=8.0000  deq_resid=2.0223  lr=0.0001  dt/50=38.71s eta=29h44m
  step=   2950  lm_loss=0.7549  q_halt_loss=0.0011  exact_accuracy=0.0000  accuracy=0.7531  jacobian_reg=0.0000  deq_iters=8.0000  deq_resid=0.0448  lr=0.0001  dt/50=37.72s eta=29h40m
  step=   3000  lm_loss=0.7501  q_halt_loss=0.0006  exact_accuracy=0.0588  accuracy=0.7262  jacobian_reg=0.0000  deq_iters=8.0000  deq_resid=1.2137  lr=0.0001  dt/50=37.20s eta=29h36m
  step=   3050  lm_loss=0.7382  q_halt_loss=0.0024  exact_accuracy=0.0000  accuracy=0.7099  jacobian_reg=0.0000  deq_iters=8.0000  deq_resid=0.0633  lr=0.0001  dt/50=36.78s eta=29h31m
  step=   3100  lm_loss=0.7059  q_halt_loss=0.0127  exact_accuracy=0.0667  accuracy=0.7720  jacobian_reg=0.0000  deq_iters=8.0000  deq_resid=1.6917  lr=0.0001  dt/50=36.95s eta=29h27m
  step=   3150  lm_loss=0.7404  q_halt_loss=0.0153  exact_accuracy=0.0000  accuracy=0.7467  jacobian_reg=0.0000  deq_iters=8.0000  deq_resid=0.3515  lr=0.0001  dt/50=36.06s eta=29h23m
  step=   3200  lm_loss=0.7295  q_halt_loss=0.0347  exact_accuracy=0.0435  accuracy=0.7142  jacobian_reg=0.0000  deq_iters=8.0000  deq_resid=0.2003  lr=0.0001  dt/50=35.68s eta=29h18m
  step=   3250  lm_loss=0.7442  q_halt_loss=0.0184  exact_accuracy=0.1290  accuracy=0.7595  jacobian_reg=0.0000  deq_iters=7.0000  deq_resid=1.0000  lr=0.0001  dt/50=35.76s eta=29h14m
  step=   3300  lm_loss=0.7763  q_halt_loss=0.0141  exact_accuracy=0.2667  accuracy=0.8066  jacobian_reg=0.0000  deq_iters=8.0000  deq_resid=0.8538  lr=0.0001  dt/50=35.71s eta=29h09m
  step=   3350  lm_loss=0.7319  q_halt_loss=0.0178  exact_accuracy=0.0476  accuracy=0.7143  jacobian_reg=0.0000  deq_iters=6.0000  deq_resid=1.0000  lr=0.0001  dt/50=35.44s eta=29h05m
  step=   3400  lm_loss=0.7030  q_halt_loss=0.0022  exact_accuracy=0.0476  accuracy=0.7319  jacobian_reg=0.0000  deq_iters=8.0000  deq_resid=1.2572  lr=0.0001  dt/50=35.79s eta=29h01m
  step=   3450  lm_loss=0.7188  q_halt_loss=0.0530  exact_accuracy=0.0000  accuracy=0.7400  jacobian_reg=0.0000  deq_iters=8.0000  deq_resid=0.2304  lr=0.0001  dt/50=35.54s eta=28h57m
  step=   3500  lm_loss=0.7193  q_halt_loss=0.0221  exact_accuracy=0.0400  accuracy=0.7205  jacobian_reg=0.0000  deq_iters=8.0000  deq_resid=6.0713  lr=0.0001  dt/50=34.96s eta=28h52m
  step=   3550  lm_loss=0.7385  q_halt_loss=0.0053  exact_accuracy=0.1111  accuracy=0.7236  jacobian_reg=0.0000  deq_iters=8.0000  deq_resid=0.8236  lr=0.0001  dt/50=35.71s eta=28h49m
  step=   3600  lm_loss=0.7058  q_halt_loss=0.0482  exact_accuracy=0.0909  accuracy=0.7520  jacobian_reg=0.0000  deq_iters=7.0000  deq_resid=1.0000  lr=0.0001  dt/50=35.00s eta=28h44m
  step=   3650  lm_loss=0.7332  q_halt_loss=0.0205  exact_accuracy=0.0541  accuracy=0.7150  jacobian_reg=0.0000  deq_iters=6.0000  deq_resid=1.0000  lr=0.0001  dt/50=34.86s eta=28h40m
  step=   3700  lm_loss=0.7408  q_halt_loss=0.0095  exact_accuracy=0.1250  accuracy=0.7536  jacobian_reg=0.0000  deq_iters=8.0000  deq_resid=1.1108  lr=0.0001  dt/50=33.61s eta=28h35m
  step=   3750  lm_loss=0.7289  q_halt_loss=0.0092  exact_accuracy=0.0476  accuracy=0.7302  jacobian_reg=0.0000  deq_iters=5.0000  deq_resid=1.0000  lr=0.0001  dt/50=34.47s eta=28h31m
  step=   3800  lm_loss=0.7491  q_halt_loss=0.0012  exact_accuracy=0.0357  accuracy=0.6874  jacobian_reg=0.0000  deq_iters=8.0000  deq_resid=0.2292  lr=0.0001  dt/50=35.01s eta=28h27m
  step=   3850  lm_loss=0.7270  q_halt_loss=0.0019  exact_accuracy=0.1538  accuracy=0.7816  jacobian_reg=0.0000  deq_iters=8.0000  deq_resid=5.3203  lr=0.0001  dt/50=33.70s eta=28h23m
  step=   3900  lm_loss=0.7024  q_halt_loss=0.0184  exact_accuracy=0.1667  accuracy=0.8018  jacobian_reg=0.0000  deq_iters=8.0000  deq_resid=1.4802  lr=0.0001  dt/50=34.76s eta=28h19m
  step=   3950  lm_loss=0.7237  q_halt_loss=0.0214  exact_accuracy=0.0426  accuracy=0.7184  jacobian_reg=0.0000  deq_iters=8.0000  deq_resid=1.8959  lr=0.0001  dt/50=33.37s eta=28h15m
  step=   4000  lm_loss=0.7167  q_halt_loss=0.0238  exact_accuracy=0.1600  accuracy=0.7220  jacobian_reg=0.0000  deq_iters=5.0000  deq_resid=1.0000  lr=0.0001  dt/50=34.25s eta=28h11m
  step=   4050  lm_loss=0.6962  q_halt_loss=0.0168  exact_accuracy=0.0426  accuracy=0.7410  jacobian_reg=0.0000  deq_iters=6.0000  deq_resid=1.0000  lr=0.0001  dt/50=34.05s eta=28h07m
  step=   4100  lm_loss=0.7364  q_halt_loss=0.0142  exact_accuracy=0.0000  accuracy=0.7175  jacobian_reg=0.0000  deq_iters=5.0000  deq_resid=1.0000  lr=0.0001  dt/50=33.56s eta=28h03m
  step=   4150  lm_loss=0.7481  q_halt_loss=0.0048  exact_accuracy=0.0833  accuracy=0.7212  jacobian_reg=0.0000  deq_iters=6.0000  deq_resid=1.0000  lr=0.0001  dt/50=33.50s eta=27h59m
  step=   4200  lm_loss=0.7274  q_halt_loss=0.0073  exact_accuracy=0.0690  accuracy=0.7531  jacobian_reg=0.0000  deq_iters=5.0000  deq_resid=1.0000  lr=0.0001  dt/50=34.38s eta=27h56m
  step=   4250  lm_loss=0.7290  q_halt_loss=0.0172  exact_accuracy=0.4667  accuracy=0.8889  jacobian_reg=0.0000  deq_iters=7.0000  deq_resid=1.0000  lr=0.0001  dt/50=33.72s eta=27h52m
  step=   4300  lm_loss=0.7071  q_halt_loss=0.0351  exact_accuracy=0.2059  accuracy=0.7560  jacobian_reg=0.0000  deq_iters=5.0000  deq_resid=1.0000  lr=0.0001  dt/50=32.90s eta=27h48m
  step=   4350  lm_loss=0.7503  q_halt_loss=0.0013  exact_accuracy=0.0500  accuracy=0.7272  jacobian_reg=0.0000  deq_iters=6.0000  deq_resid=1.0000  lr=0.0001  dt/50=33.90s eta=27h44m
  step=   4400  lm_loss=0.7205  q_halt_loss=0.0285  exact_accuracy=0.0667  accuracy=0.6798  jacobian_reg=0.0000  deq_iters=6.0000  deq_resid=1.0000  lr=0.0001  dt/50=33.42s eta=27h41m
  step=   4450  lm_loss=0.7284  q_halt_loss=0.0154  exact_accuracy=0.0769  accuracy=0.7123  jacobian_reg=0.0000  deq_iters=8.0000  deq_resid=2.2740  lr=0.0001  dt/50=33.02s eta=27h37m
  step=   4500  lm_loss=0.7545  q_halt_loss=0.0169  exact_accuracy=0.0000  accuracy=0.6962  jacobian_reg=0.0000  deq_iters=6.0000  deq_resid=1.0000  lr=0.0001  dt/50=33.09s eta=27h33m
  step=   4550  lm_loss=0.7229  q_halt_loss=0.0168  exact_accuracy=0.0000  accuracy=0.7370  jacobian_reg=0.0000  deq_iters=6.0000  deq_resid=1.0000  lr=0.0001  dt/50=33.43s eta=27h30m
  step=   4600  lm_loss=0.7305  q_halt_loss=0.0018  exact_accuracy=0.0370  accuracy=0.7170  jacobian_reg=0.0000  deq_iters=6.0000  deq_resid=1.0000  lr=0.0001  dt/50=32.07s eta=27h26m
  step=   4650  lm_loss=0.7403  q_halt_loss=0.0033  exact_accuracy=0.1739  accuracy=0.7563  jacobian_reg=0.0000  deq_iters=5.0000  deq_resid=1.0000  lr=0.0001  dt/50=32.31s eta=27h22m
  step=   4700  lm_loss=0.7533  q_halt_loss=0.0003  exact_accuracy=0.0000  accuracy=0.6871  jacobian_reg=0.0000  deq_iters=6.0000  deq_resid=1.0000  lr=0.0001  dt/50=31.54s eta=27h18m
  step=   4750  lm_loss=0.7474  q_halt_loss=0.0024  exact_accuracy=0.2727  accuracy=0.7778  jacobian_reg=0.0000  deq_iters=5.0000  deq_resid=1.0000  lr=0.0001  dt/50=32.44s eta=27h14m
  step=   4800  lm_loss=0.7552  q_halt_loss=0.0003  exact_accuracy=0.0417  accuracy=0.7016  jacobian_reg=0.0000  deq_iters=8.0000  deq_resid=1.7666  lr=0.0001  dt/50=32.02s eta=27h11m
  step=   4850  lm_loss=0.7309  q_halt_loss=0.0018  exact_accuracy=0.0968  accuracy=0.7228  jacobian_reg=0.0000  deq_iters=7.0000  deq_resid=1.0000  lr=0.0001  dt/50=31.60s eta=27h07m
  step=   4900  lm_loss=0.7478  q_halt_loss=0.0009  exact_accuracy=0.0909  accuracy=0.7458  jacobian_reg=0.0000  deq_iters=6.0000  deq_resid=1.0000  lr=0.0001  dt/50=31.91s eta=27h03m
  step=   4950  lm_loss=0.7332  q_halt_loss=0.0121  exact_accuracy=0.2424  accuracy=0.7868  jacobian_reg=0.0000  deq_iters=5.0000  deq_resid=1.0000  lr=0.0001  dt/50=31.77s eta=27h00m
  step=   5000  lm_loss=0.7514  q_halt_loss=0.0043  exact_accuracy=0.0278  accuracy=0.6948  jacobian_reg=0.0000  deq_iters=5.0000  deq_resid=1.0000  lr=0.0001  dt/50=32.34s eta=26h56m
  step=   5050  lm_loss=0.7270  q_halt_loss=0.0163  exact_accuracy=0.2500  accuracy=0.8012  jacobian_reg=0.0000  deq_iters=5.0000  deq_resid=1.0000  lr=0.0001  dt/50=31.10s eta=26h52m
  step=   5100  lm_loss=0.7317  q_halt_loss=0.0285  exact_accuracy=0.3143  accuracy=0.8014  jacobian_reg=0.0000  deq_iters=5.0000  deq_resid=1.0000  lr=0.0001  dt/50=31.88s eta=26h49m
  step=   5150  lm_loss=0.6949  q_halt_loss=0.0619  exact_accuracy=0.4074  accuracy=0.8162  jacobian_reg=0.0000  deq_iters=8.0000  deq_resid=0.7679  lr=0.0001  dt/50=33.04s eta=26h46m
  step=   5200  lm_loss=0.7194  q_halt_loss=0.0153  exact_accuracy=0.0000  accuracy=0.7232  jacobian_reg=0.0000  deq_iters=5.0000  deq_resid=1.0000  lr=0.0001  dt/50=31.45s eta=26h43m
  step=   5250  lm_loss=0.7284  q_halt_loss=0.0015  exact_accuracy=0.0811  accuracy=0.7354  jacobian_reg=0.0000  deq_iters=6.0000  deq_resid=1.0000  lr=0.0001  dt/50=31.80s eta=26h39m
  step=   5300  lm_loss=0.7354  q_halt_loss=0.0026  exact_accuracy=0.1200  accuracy=0.7363  jacobian_reg=0.0000  deq_iters=5.0000  deq_resid=1.0000  lr=0.0001  dt/50=30.81s eta=26h36m
  step=   5350  lm_loss=0.7267  q_halt_loss=0.0044  exact_accuracy=0.3125  accuracy=0.8002  jacobian_reg=0.0000  deq_iters=6.0000  deq_resid=1.0000  lr=0.0001  dt/50=32.39s eta=26h33m
  step=   5400  lm_loss=0.7221  q_halt_loss=0.0163  exact_accuracy=0.2000  accuracy=0.7920  jacobian_reg=0.0000  deq_iters=6.0000  deq_resid=1.0000  lr=0.0001  dt/50=32.66s eta=26h30m
  step=   5450  lm_loss=0.7343  q_halt_loss=0.0182  exact_accuracy=0.0000  accuracy=0.7407  jacobian_reg=0.0000  deq_iters=6.0000  deq_resid=1.0000  lr=0.0001  dt/50=31.79s eta=26h27m
  step=   5500  lm_loss=0.7258  q_halt_loss=0.0011  exact_accuracy=0.2105  accuracy=0.7719  jacobian_reg=0.0000  deq_iters=8.0000  deq_resid=12.6330  lr=0.0001  dt/50=31.28s eta=26h24m
  step=   5550  lm_loss=0.7279  q_halt_loss=0.0149  exact_accuracy=0.0417  accuracy=0.6914  jacobian_reg=0.0000  deq_iters=5.0000  deq_resid=1.0000  lr=0.0001  dt/50=32.21s eta=26h21m
  step=   5600  lm_loss=0.6999  q_halt_loss=0.0115  exact_accuracy=0.2353  accuracy=0.7715  jacobian_reg=0.0000  deq_iters=5.0000  deq_resid=1.0000  lr=0.0001  dt/50=31.28s eta=26h18m
  step=   5650  lm_loss=0.7177  q_halt_loss=0.0078  exact_accuracy=0.0952  accuracy=0.7443  jacobian_reg=0.0000  deq_iters=5.0000  deq_resid=1.0000  lr=0.0001  dt/50=31.32s eta=26h15m
  step=   5700  lm_loss=0.7288  q_halt_loss=0.0148  exact_accuracy=0.2727  accuracy=0.7738  jacobian_reg=0.0000  deq_iters=5.0000  deq_resid=1.0000  lr=0.0001  dt/50=31.38s eta=26h12m
  step=   5750  lm_loss=0.7540  q_halt_loss=0.0039  exact_accuracy=0.2000  accuracy=0.7523  jacobian_reg=0.0000  deq_iters=5.0000  deq_resid=1.0000  lr=0.0001  dt/50=30.44s eta=26h08m
  step=   5800  lm_loss=0.7443  q_halt_loss=0.0033  exact_accuracy=0.5000  accuracy=0.8716  jacobian_reg=0.0000  deq_iters=5.0000  deq_resid=1.0000  lr=0.0001  dt/50=31.27s eta=26h05m
  step=   5850  lm_loss=0.7249  q_halt_loss=0.0029  exact_accuracy=0.2000  accuracy=0.7323  jacobian_reg=0.0000  deq_iters=5.0000  deq_resid=1.0000  lr=0.0001  dt/50=30.35s eta=26h02m
[2026-05-02T15:03:07.168] error: *** JOB 3404760 ON c03-06 CANCELLED AT 2026-05-02T15:03:07 DUE to SIGNAL Terminated ***
