==========================================
SLURM_JOB_ID = 3404576
SLURM_JOB_NODELIST = c03-06
TMPDIR = /tmp/SLURM_3404576
==========================================
/home1/feinashl/anaconda3/bin/python
W0502 09:17:02.267000 731923 site-packages/torch/distributed/run.py:803] 
W0502 09:17:02.267000 731923 site-packages/torch/distributed/run.py:803] *****************************************
W0502 09:17:02.267000 731923 site-packages/torch/distributed/run.py:803] Setting OMP_NUM_THREADS environment variable for each process to be 1 in default, to avoid your system being overloaded, please further tune the variable for optimal performance in your application as needed. 
W0502 09:17:02.267000 731923 site-packages/torch/distributed/run.py:803] *****************************************
[Sat May  2 09:17:05 2026] host=c03-06.hpc.usc.edu world=2
  data_dir=/scratch1/feinashl/data/sudoku-extreme-1k-aug-1000  out_dir=/scratch1/feinashl/eqlm_sudoku/run-trm-deq-30m
  metadata: {'pad_id': 0, 'ignore_label_id': 0, 'blank_identifier_id': 0, 'vocab_size': 11, 'seq_len': 81, 'num_puzzle_identifiers': 1, 'total_groups': 1000, 'mean_puzzle_examples': 1.0, 'total_puzzles': 1000, 'sets': ['all']}
TRMDEQ(
  (inner): TRMDEQ_Inner(
    (embed_tokens): CastedEmbedding()
    (lm_head): CastedLinear()
    (q_head): CastedLinear()
    (puzzle_emb): CastedSparseEmbedding()
    (rotary_emb): RotaryEmbedding()
    (L_level): TinyRecursiveReasoningModel_ACTV1ReasoningModule(
      (layers): ModuleList(
        (0-7): 8 x TinyRecursiveReasoningModel_ACTV1Block(
          (self_attn): Attention(
            (qkv_proj): CastedLinear()
            (o_proj): CastedLinear()
          )
          (mlp): SwiGLU(
            (gate_up_proj): CastedLinear()
            (down_proj): CastedLinear()
          )
        )
      )
    )
    (inner_deq): _InnerDEQ()
  )
)
  TRM-DEQ params: 27.275M
  L_layers=8  H_cycles=3  DEQ inner: max_iter=8 min_iter=4 tol=0.001
  bptt_through=2  jacobian_reg_lambda=0.0
  halt_max_steps=16
  total optim steps target = 130,208
[Sat May  2 09:17:06 2026] Outer iter 0/10 (epoch=0)
  step=     50  lm_loss=2.5464  q_halt_loss=0.0067  exact_accuracy=0.0000  accuracy=0.0000  jacobian_reg=0.0000  deq_iters=5.0000  deq_resid=1.0000  lr=0.0000  dt/50=31.27s eta=22h36m
  step=    100  lm_loss=2.4774  q_halt_loss=0.0067  exact_accuracy=0.0000  accuracy=0.0000  jacobian_reg=0.0000  deq_iters=5.0000  deq_resid=1.0000  lr=0.0000  dt/50=30.15s eta=22h11m
  step=    150  lm_loss=2.2106  q_halt_loss=0.0061  exact_accuracy=0.0000  accuracy=0.0000  jacobian_reg=0.0000  deq_iters=8.0000  deq_resid=0.0389  lr=0.0000  dt/50=33.00s eta=22h44m
  step=    200  lm_loss=2.2039  q_halt_loss=0.0054  exact_accuracy=0.0000  accuracy=0.0000  jacobian_reg=0.0000  deq_iters=8.0000  deq_resid=0.0032  lr=0.0000  dt/50=44.99s eta=25h10m
  step=    250  lm_loss=2.2021  q_halt_loss=0.0046  exact_accuracy=0.0000  accuracy=0.0000  jacobian_reg=0.0000  deq_iters=8.0000  deq_resid=0.2308  lr=0.0000  dt/50=44.23s eta=26h31m
  step=    300  lm_loss=2.2007  q_halt_loss=0.0038  exact_accuracy=0.0000  accuracy=0.0000  jacobian_reg=0.0000  deq_iters=8.0000  deq_resid=0.0032  lr=0.0000  dt/50=43.97s eta=27h22m
  step=    350  lm_loss=2.1999  q_halt_loss=0.0030  exact_accuracy=0.0000  accuracy=0.0000  jacobian_reg=0.0000  deq_iters=5.0000  deq_resid=1.0000  lr=0.0000  dt/50=39.26s eta=27h30m
  step=    400  lm_loss=2.1933  q_halt_loss=0.0024  exact_accuracy=0.0000  accuracy=0.1317  jacobian_reg=0.0000  deq_iters=6.0000  deq_resid=1.0000  lr=0.0000  dt/50=31.78s eta=26h55m
  step=    450  lm_loss=2.0649  q_halt_loss=0.0024  exact_accuracy=0.0000  accuracy=0.0000  jacobian_reg=0.0000  deq_iters=5.0000  deq_resid=1.0000  lr=0.0000  dt/50=38.31s eta=26h59m
  step=    500  lm_loss=2.0131  q_halt_loss=0.0019  exact_accuracy=0.0000  accuracy=0.0000  jacobian_reg=0.0000  deq_iters=8.0000  deq_resid=0.0205  lr=0.0000  dt/50=44.07s eta=27h27m
  step=    550  lm_loss=1.9902  q_halt_loss=0.0016  exact_accuracy=0.0000  accuracy=0.0000  jacobian_reg=0.0000  deq_iters=8.0000  deq_resid=0.2289  lr=0.0000  dt/50=45.00s eta=27h53m
  step=    600  lm_loss=1.9654  q_halt_loss=0.0011  exact_accuracy=0.0000  accuracy=0.0000  jacobian_reg=0.0000  deq_iters=8.0000  deq_resid=0.0020  lr=0.0000  dt/50=44.82s eta=28h15m
  step=    650  lm_loss=1.9145  q_halt_loss=0.0011  exact_accuracy=0.0000  accuracy=0.0000  jacobian_reg=0.0000  deq_iters=8.0000  deq_resid=0.1221  lr=0.0000  dt/50=44.82s eta=28h33m
  step=    700  lm_loss=1.8577  q_halt_loss=0.0009  exact_accuracy=0.0000  accuracy=0.0000  jacobian_reg=0.0000  deq_iters=6.0000  deq_resid=1.0000  lr=0.0000  dt/50=44.79s eta=28h48m
  step=    750  lm_loss=1.7941  q_halt_loss=0.0010  exact_accuracy=0.0000  accuracy=0.0000  jacobian_reg=0.0000  deq_iters=6.0000  deq_resid=1.0000  lr=0.0000  dt/50=44.93s eta=29h01m
  step=    800  lm_loss=1.7176  q_halt_loss=0.0004  exact_accuracy=0.0000  accuracy=0.3212  jacobian_reg=0.0000  deq_iters=8.0000  deq_resid=0.0393  lr=0.0000  dt/50=44.38s eta=29h11m
  step=    850  lm_loss=1.7487  q_halt_loss=0.0007  exact_accuracy=0.0000  accuracy=0.0000  jacobian_reg=0.0000  deq_iters=5.0000  deq_resid=1.0000  lr=0.0000  dt/50=42.32s eta=29h15m
  step=    900  lm_loss=1.5686  q_halt_loss=0.0002  exact_accuracy=0.0000  accuracy=0.0000  jacobian_reg=0.0000  deq_iters=5.0000  deq_resid=1.0000  lr=0.0000  dt/50=44.54s eta=29h23m
  step=    950  lm_loss=1.5130  q_halt_loss=0.0001  exact_accuracy=0.0000  accuracy=0.0000  jacobian_reg=0.0000  deq_iters=5.0000  deq_resid=1.0000  lr=0.0000  dt/50=44.86s eta=29h32m
  step=   1000  lm_loss=1.4982  q_halt_loss=0.0001  exact_accuracy=0.0000  accuracy=0.0000  jacobian_reg=0.0000  deq_iters=5.0000  deq_resid=1.0000  lr=0.0000  dt/50=44.72s eta=29h39m
  step=   1050  lm_loss=1.4754  q_halt_loss=0.0007  exact_accuracy=0.0000  accuracy=0.0000  jacobian_reg=0.0000  deq_iters=5.0000  deq_resid=1.0000  lr=0.0001  dt/50=42.12s eta=29h40m
  step=   1100  lm_loss=1.4342  q_halt_loss=0.0001  exact_accuracy=0.0000  accuracy=0.0000  jacobian_reg=0.0000  deq_iters=5.0000  deq_resid=1.0000  lr=0.0001  dt/50=44.08s eta=29h44m
  step=   1150  lm_loss=1.4212  q_halt_loss=0.0004  exact_accuracy=0.0000  accuracy=0.0000  jacobian_reg=0.0000  deq_iters=6.0000  deq_resid=1.0000  lr=0.0001  dt/50=44.92s eta=29h50m
  step=   1200  lm_loss=1.3677  q_halt_loss=0.0001  exact_accuracy=0.0000  accuracy=0.4556  jacobian_reg=0.0000  deq_iters=5.0000  deq_resid=1.0000  lr=0.0001  dt/50=43.66s eta=29h53m
  step=   1250  lm_loss=1.3837  q_halt_loss=0.0001  exact_accuracy=0.0000  accuracy=0.0000  jacobian_reg=0.0000  deq_iters=5.0000  deq_resid=1.0000  lr=0.0001  dt/50=43.28s eta=29h55m
  step=   1300  lm_loss=1.3483  q_halt_loss=0.0001  exact_accuracy=0.0000  accuracy=0.0000  jacobian_reg=0.0000  deq_iters=5.0000  deq_resid=1.0000  lr=0.0001  dt/50=44.93s eta=30h00m
  step=   1350  lm_loss=1.3350  q_halt_loss=0.0000  exact_accuracy=0.0000  accuracy=0.0000  jacobian_reg=0.0000  deq_iters=5.0000  deq_resid=1.0000  lr=0.0001  dt/50=43.98s eta=30h02m
  step=   1400  lm_loss=1.3003  q_halt_loss=0.0000  exact_accuracy=0.0000  accuracy=0.0000  jacobian_reg=0.0000  deq_iters=8.0000  deq_resid=0.0335  lr=0.0001  dt/50=44.89s eta=30h06m
  step=   1450  lm_loss=1.2599  q_halt_loss=0.0000  exact_accuracy=0.0000  accuracy=0.0000  jacobian_reg=0.0000  deq_iters=8.0000  deq_resid=0.0066  lr=0.0001  dt/50=45.07s eta=30h10m
  step=   1500  lm_loss=1.2240  q_halt_loss=0.0000  exact_accuracy=0.0000  accuracy=0.0000  jacobian_reg=0.0000  deq_iters=8.0000  deq_resid=0.0025  lr=0.0001  dt/50=45.16s eta=30h13m
  step=   1550  lm_loss=1.1617  q_halt_loss=0.0000  exact_accuracy=0.0000  accuracy=0.0000  jacobian_reg=0.0000  deq_iters=8.0000  deq_resid=0.0009  lr=0.0001  dt/50=45.06s eta=30h16m
  step=   1600  lm_loss=1.1005  q_halt_loss=0.0000  exact_accuracy=0.0000  accuracy=0.5264  jacobian_reg=0.0000  deq_iters=8.0000  deq_resid=0.1436  lr=0.0001  dt/50=45.13s eta=30h19m
  step=   1650  lm_loss=1.2151  q_halt_loss=0.0000  exact_accuracy=0.0000  accuracy=0.0000  jacobian_reg=0.0000  deq_iters=8.0000  deq_resid=0.0024  lr=0.0001  dt/50=44.84s eta=30h22m
  step=   1700  lm_loss=1.1347  q_halt_loss=0.0000  exact_accuracy=0.0000  accuracy=0.0000  jacobian_reg=0.0000  deq_iters=8.0000  deq_resid=0.0082  lr=0.0001  dt/50=45.15s eta=30h24m
  step=   1750  lm_loss=1.0835  q_halt_loss=0.0000  exact_accuracy=0.0000  accuracy=0.0000  jacobian_reg=0.0000  deq_iters=6.0000  deq_resid=1.0000  lr=0.0001  dt/50=45.06s eta=30h27m
  step=   1800  lm_loss=1.0336  q_halt_loss=0.0000  exact_accuracy=0.0000  accuracy=0.0000  jacobian_reg=0.0000  deq_iters=8.0000  deq_resid=0.0032  lr=0.0001  dt/50=45.24s eta=30h29m
  step=   1850  lm_loss=1.0004  q_halt_loss=0.0000  exact_accuracy=0.0000  accuracy=0.0000  jacobian_reg=0.0000  deq_iters=8.0000  deq_resid=0.0010  lr=0.0001  dt/50=45.35s eta=30h31m
  step=   1900  lm_loss=1.0100  q_halt_loss=0.0000  exact_accuracy=0.0000  accuracy=0.0000  jacobian_reg=0.0000  deq_iters=8.0000  deq_resid=0.0048  lr=0.0001  dt/50=45.12s eta=30h33m
  step=   1950  lm_loss=0.9164  q_halt_loss=0.0000  exact_accuracy=0.0000  accuracy=0.0000  jacobian_reg=0.0000  deq_iters=5.0000  deq_resid=1.0000  lr=0.0001  dt/50=44.89s eta=30h35m
  step=   2000  lm_loss=0.8346  q_halt_loss=0.0000  exact_accuracy=0.0000  accuracy=0.6440  jacobian_reg=0.0000  deq_iters=8.0000  deq_resid=0.1289  lr=0.0001  dt/50=44.95s eta=30h36m
  step=   2050  lm_loss=0.9998  q_halt_loss=0.0000  exact_accuracy=0.0000  accuracy=0.0000  jacobian_reg=0.0000  deq_iters=8.0000  deq_resid=0.0067  lr=0.0001  dt/50=45.03s eta=30h38m
  step=   2100  lm_loss=0.9788  q_halt_loss=0.0000  exact_accuracy=0.0000  accuracy=0.0000  jacobian_reg=0.0000  deq_iters=8.0000  deq_resid=0.0006  lr=0.0001  dt/50=45.30s eta=30h39m
  step=   2150  lm_loss=0.9170  q_halt_loss=0.0000  exact_accuracy=0.0000  accuracy=0.0000  jacobian_reg=0.0000  deq_iters=8.0000  deq_resid=1.4139  lr=0.0001  dt/50=44.55s eta=30h40m
  step=   2200  lm_loss=0.9156  q_halt_loss=0.0000  exact_accuracy=0.0000  accuracy=0.0000  jacobian_reg=0.0000  deq_iters=8.0000  deq_resid=1.2734  lr=0.0001  dt/50=44.56s eta=30h41m
  step=   2250  lm_loss=0.8615  q_halt_loss=0.0001  exact_accuracy=0.0000  accuracy=0.0000  jacobian_reg=0.0000  deq_iters=8.0000  deq_resid=0.0493  lr=0.0001  dt/50=45.38s eta=30h42m
  step=   2300  lm_loss=0.8345  q_halt_loss=0.0001  exact_accuracy=0.0000  accuracy=0.0000  jacobian_reg=0.0000  deq_iters=8.0000  deq_resid=0.0601  lr=0.0001  dt/50=44.95s eta=30h43m
  step=   2350  lm_loss=0.7781  q_halt_loss=0.0001  exact_accuracy=0.0000  accuracy=0.0000  jacobian_reg=0.0000  deq_iters=8.0000  deq_resid=0.0344  lr=0.0001  dt/50=45.12s eta=30h44m
  step=   2400  lm_loss=0.7178  q_halt_loss=0.0760  exact_accuracy=0.0104  accuracy=0.7014  jacobian_reg=0.0000  deq_iters=8.0000  deq_resid=0.0052  lr=0.0001  dt/50=45.27s eta=30h45m
  step=   2450  lm_loss=0.9335  q_halt_loss=0.0071  exact_accuracy=0.0000  accuracy=0.0000  jacobian_reg=0.0000  deq_iters=8.0000  deq_resid=0.0024  lr=0.0001  dt/50=45.09s eta=30h46m
  step=   2500  lm_loss=0.8759  q_halt_loss=0.0048  exact_accuracy=0.0000  accuracy=0.0000  jacobian_reg=0.0000  deq_iters=8.0000  deq_resid=0.0027  lr=0.0001  dt/50=44.98s eta=30h46m
  step=   2550  lm_loss=0.8562  q_halt_loss=0.0007  exact_accuracy=0.0000  accuracy=0.0000  jacobian_reg=0.0000  deq_iters=8.0000  deq_resid=0.0020  lr=0.0001  dt/50=45.20s eta=30h47m
  step=   2600  lm_loss=0.8669  q_halt_loss=0.0009  exact_accuracy=0.0000  accuracy=0.0000  jacobian_reg=0.0000  deq_iters=8.0000  deq_resid=0.0168  lr=0.0001  dt/50=45.19s eta=30h48m
  step=   2650  lm_loss=0.7989  q_halt_loss=0.0440  exact_accuracy=0.0000  accuracy=0.0000  jacobian_reg=0.0000  deq_iters=8.0000  deq_resid=0.0081  lr=0.0001  dt/50=45.21s eta=30h49m
  step=   2700  lm_loss=0.8125  q_halt_loss=0.0004  exact_accuracy=0.0000  accuracy=0.6790  jacobian_reg=0.0000  deq_iters=6.0000  deq_resid=1.0000  lr=0.0001  dt/50=44.39s eta=30h49m
  step=   2750  lm_loss=0.7370  q_halt_loss=0.0334  exact_accuracy=1.0000  accuracy=1.0000  jacobian_reg=0.0000  deq_iters=6.0000  deq_resid=1.0000  lr=0.0001  dt/50=44.43s eta=30h49m
  step=   2800  lm_loss=0.6930  q_halt_loss=0.0277  exact_accuracy=0.0060  accuracy=0.7256  jacobian_reg=0.0000  deq_iters=5.0000  deq_resid=1.0000  lr=0.0001  dt/50=44.18s eta=30h48m
  step=   2850  lm_loss=0.9005  q_halt_loss=0.0022  exact_accuracy=0.0000  accuracy=0.7243  jacobian_reg=0.0000  deq_iters=8.0000  deq_resid=0.0431  lr=0.0001  dt/50=43.62s eta=30h48m
  step=   2900  lm_loss=0.8335  q_halt_loss=0.0268  exact_accuracy=0.0000  accuracy=0.8272  jacobian_reg=0.0000  deq_iters=8.0000  deq_resid=0.0026  lr=0.0001  dt/50=42.98s eta=30h47m
  step=   2950  lm_loss=0.8364  q_halt_loss=0.0000  exact_accuracy=0.0000  accuracy=0.6620  jacobian_reg=0.0000  deq_iters=8.0000  deq_resid=0.0889  lr=0.0001  dt/50=43.61s eta=30h46m
  step=   3000  lm_loss=0.7873  q_halt_loss=0.0078  exact_accuracy=0.0000  accuracy=0.7469  jacobian_reg=0.0000  deq_iters=8.0000  deq_resid=0.0017  lr=0.0001  dt/50=43.28s eta=30h45m
  step=   3050  lm_loss=0.7955  q_halt_loss=0.0266  exact_accuracy=0.0000  accuracy=0.6642  jacobian_reg=0.0000  deq_iters=8.0000  deq_resid=0.0026  lr=0.0001  dt/50=42.65s eta=30h44m
  step=   3100  lm_loss=0.7571  q_halt_loss=0.0007  exact_accuracy=0.0000  accuracy=0.6698  jacobian_reg=0.0000  deq_iters=8.0000  deq_resid=0.0814  lr=0.0001  dt/50=42.77s eta=30h42m
  step=   3150  lm_loss=0.7290  q_halt_loss=0.0060  exact_accuracy=0.0000  accuracy=0.7670  jacobian_reg=0.0000  deq_iters=8.0000  deq_resid=0.0224  lr=0.0001  dt/50=41.69s eta=30h41m
  step=   3200  lm_loss=0.6945  q_halt_loss=0.0002  exact_accuracy=0.0000  accuracy=0.7417  jacobian_reg=0.0000  deq_iters=8.0000  deq_resid=0.0325  lr=0.0001  dt/50=41.76s eta=30h39m
  step=   3250  lm_loss=0.8269  q_halt_loss=0.0105  exact_accuracy=0.0000  accuracy=0.7485  jacobian_reg=0.0000  deq_iters=8.0000  deq_resid=0.7391  lr=0.0001  dt/50=40.47s eta=30h36m
  step=   3300  lm_loss=0.8052  q_halt_loss=0.0062  exact_accuracy=0.0000  accuracy=0.7840  jacobian_reg=0.0000  deq_iters=8.0000  deq_resid=0.0942  lr=0.0001  dt/50=40.59s eta=30h33m
  step=   3350  lm_loss=0.8119  q_halt_loss=0.0044  exact_accuracy=0.0625  accuracy=0.7137  jacobian_reg=0.0000  deq_iters=8.0000  deq_resid=0.0234  lr=0.0001  dt/50=39.49s eta=30h30m
  step=   3400  lm_loss=0.7889  q_halt_loss=0.0005  exact_accuracy=0.0000  accuracy=0.6861  jacobian_reg=0.0000  deq_iters=8.0000  deq_resid=0.0113  lr=0.0001  dt/50=37.83s eta=30h26m
  step=   3450  lm_loss=0.7602  q_halt_loss=0.0063  exact_accuracy=0.0000  accuracy=0.7309  jacobian_reg=0.0000  deq_iters=8.0000  deq_resid=0.0274  lr=0.0001  dt/50=37.63s eta=30h22m
  step=   3500  lm_loss=0.7008  q_halt_loss=0.0178  exact_accuracy=0.0000  accuracy=0.7819  jacobian_reg=0.0000  deq_iters=8.0000  deq_resid=3.7174  lr=0.0001  dt/50=37.72s eta=30h18m
  step=   3550  lm_loss=0.6839  q_halt_loss=0.0135  exact_accuracy=0.0000  accuracy=0.8098  jacobian_reg=0.0000  deq_iters=8.0000  deq_resid=0.0619  lr=0.0001  dt/50=37.14s eta=30h14m
  step=   3600  lm_loss=0.6839  q_halt_loss=0.0650  exact_accuracy=0.0210  accuracy=0.7776  jacobian_reg=0.0000  deq_iters=8.0000  deq_resid=5.5375  lr=0.0001  dt/50=36.41s eta=30h09m
  step=   3650  lm_loss=0.7702  q_halt_loss=0.0075  exact_accuracy=0.0566  accuracy=0.7789  jacobian_reg=0.0000  deq_iters=8.0000  deq_resid=22.8766  lr=0.0001  dt/50=36.57s eta=30h05m
  step=   3700  lm_loss=0.7758  q_halt_loss=0.0042  exact_accuracy=0.1000  accuracy=0.8148  jacobian_reg=0.0000  deq_iters=6.0000  deq_resid=1.0000  lr=0.0001  dt/50=34.61s eta=30h00m
  step=   3750  lm_loss=0.7471  q_halt_loss=0.0000  exact_accuracy=0.0000  accuracy=0.7840  jacobian_reg=0.0000  deq_iters=8.0000  deq_resid=0.0158  lr=0.0001  dt/50=35.69s eta=29h55m
  step=   3800  lm_loss=0.7429  q_halt_loss=0.0118  exact_accuracy=0.0000  accuracy=0.7824  jacobian_reg=0.0000  deq_iters=7.0000  deq_resid=1.0000  lr=0.0001  dt/50=34.46s eta=29h50m
  step=   3850  lm_loss=0.7342  q_halt_loss=0.0050  exact_accuracy=0.0000  accuracy=0.7634  jacobian_reg=0.0000  deq_iters=6.0000  deq_resid=1.0000  lr=0.0001  dt/50=35.40s eta=29h45m
  step=   3900  lm_loss=0.7315  q_halt_loss=0.0235  exact_accuracy=0.4000  accuracy=0.8728  jacobian_reg=0.0000  deq_iters=5.0000  deq_resid=1.0000  lr=0.0001  dt/50=35.78s eta=29h41m
  step=   3950  lm_loss=0.6960  q_halt_loss=0.0383  exact_accuracy=0.0312  accuracy=0.7843  jacobian_reg=0.0000  deq_iters=5.0000  deq_resid=1.0000  lr=0.0001  dt/50=32.37s eta=29h35m
  step=   4000  lm_loss=0.6908  q_halt_loss=0.0135  exact_accuracy=0.0333  accuracy=0.7934  jacobian_reg=0.0000  deq_iters=8.0000  deq_resid=2.7804  lr=0.0001  dt/50=33.42s eta=29h29m
  step=   4050  lm_loss=0.7384  q_halt_loss=0.0333  exact_accuracy=0.0200  accuracy=0.7923  jacobian_reg=0.0000  deq_iters=8.0000  deq_resid=0.5726  lr=0.0001  dt/50=35.13s eta=29h25m
  step=   4100  lm_loss=0.7598  q_halt_loss=0.0000  exact_accuracy=0.0000  accuracy=0.7522  jacobian_reg=0.0000  deq_iters=5.0000  deq_resid=1.0000  lr=0.0001  dt/50=33.08s eta=29h20m
  step=   4150  lm_loss=0.7421  q_halt_loss=0.0103  exact_accuracy=0.0000  accuracy=0.7381  jacobian_reg=0.0000  deq_iters=5.0000  deq_resid=1.0000  lr=0.0001  dt/50=34.87s eta=29h16m
  step=   4200  lm_loss=0.7257  q_halt_loss=0.0204  exact_accuracy=0.0588  accuracy=0.7603  jacobian_reg=0.0000  deq_iters=8.0000  deq_resid=0.0392  lr=0.0001  dt/50=34.39s eta=29h11m
  step=   4250  lm_loss=0.6977  q_halt_loss=0.0121  exact_accuracy=0.0750  accuracy=0.8302  jacobian_reg=0.0000  deq_iters=8.0000  deq_resid=3.7196  lr=0.0001  dt/50=33.32s eta=29h06m
  step=   4300  lm_loss=0.6961  q_halt_loss=0.0280  exact_accuracy=0.2059  accuracy=0.8573  jacobian_reg=0.0000  deq_iters=5.0000  deq_resid=1.0000  lr=0.0001  dt/50=32.90s eta=29h01m
  step=   4350  lm_loss=0.7111  q_halt_loss=0.0184  exact_accuracy=0.0857  accuracy=0.8205  jacobian_reg=0.0000  deq_iters=6.0000  deq_resid=1.0000  lr=0.0001  dt/50=33.82s eta=28h57m
  step=   4400  lm_loss=0.7467  q_halt_loss=0.0063  exact_accuracy=0.0000  accuracy=0.7456  jacobian_reg=0.0000  deq_iters=6.0000  deq_resid=1.0000  lr=0.0001  dt/50=35.85s eta=28h54m
  step=   4450  lm_loss=0.7445  q_halt_loss=0.0141  exact_accuracy=0.0769  accuracy=0.7545  jacobian_reg=0.0000  deq_iters=8.0000  deq_resid=6.0368  lr=0.0001  dt/50=33.84s eta=28h50m
  step=   4500  lm_loss=0.7439  q_halt_loss=0.0085  exact_accuracy=0.2000  accuracy=0.8148  jacobian_reg=0.0000  deq_iters=8.0000  deq_resid=1.8294  lr=0.0001  dt/50=36.84s eta=28h47m
  step=   4550  lm_loss=0.7351  q_halt_loss=0.0159  exact_accuracy=0.0303  accuracy=0.7714  jacobian_reg=0.0000  deq_iters=5.0000  deq_resid=1.0000  lr=0.0001  dt/50=35.84s eta=28h44m
  step=   4600  lm_loss=0.7584  q_halt_loss=0.0098  exact_accuracy=0.0625  accuracy=0.7361  jacobian_reg=0.0000  deq_iters=6.0000  deq_resid=1.0000  lr=0.0001  dt/50=35.04s eta=28h40m
  step=   4650  lm_loss=0.7507  q_halt_loss=0.0022  exact_accuracy=0.0556  accuracy=0.7284  jacobian_reg=0.0000  deq_iters=8.0000  deq_resid=1.0545  lr=0.0001  dt/50=34.17s eta=28h36m
  step=   4700  lm_loss=0.7152  q_halt_loss=0.0055  exact_accuracy=0.0000  accuracy=0.7625  jacobian_reg=0.0000  deq_iters=6.0000  deq_resid=1.0000  lr=0.0001  dt/50=33.56s eta=28h32m
  step=   4750  lm_loss=0.7612  q_halt_loss=0.0138  exact_accuracy=0.0870  accuracy=0.7338  jacobian_reg=0.0000  deq_iters=5.0000  deq_resid=1.0000  lr=0.0001  dt/50=33.31s eta=28h28m
  step=   4800  lm_loss=0.7001  q_halt_loss=0.0228  exact_accuracy=0.0667  accuracy=0.7616  jacobian_reg=0.0000  deq_iters=5.0000  deq_resid=1.0000  lr=0.0001  dt/50=33.83s eta=28h25m
  step=   4850  lm_loss=0.7774  q_halt_loss=0.0128  exact_accuracy=0.2069  accuracy=0.8033  jacobian_reg=0.0000  deq_iters=6.0000  deq_resid=1.0000  lr=0.0001  dt/50=33.30s eta=28h21m
  step=   4900  lm_loss=0.7305  q_halt_loss=0.0416  exact_accuracy=0.0714  accuracy=0.7637  jacobian_reg=0.0000  deq_iters=5.0000  deq_resid=1.0000  lr=0.0001  dt/50=33.37s eta=28h17m
  step=   4950  lm_loss=0.7246  q_halt_loss=0.0301  exact_accuracy=0.1481  accuracy=0.7856  jacobian_reg=0.0000  deq_iters=5.0000  deq_resid=1.0000  lr=0.0001  dt/50=34.08s eta=28h13m
[2026-05-02T10:24:31.388] error: *** JOB 3404576 ON c03-06 CANCELLED AT 2026-05-02T10:24:31 DUE to SIGNAL Terminated ***
